Log file open, 05/21/19 16:02:55
LogWindows: Failed to load 'aqProf.dll' (GetLastError=126)
LogWindows: File 'aqProf.dll' does not exist
LogWindows: Failed to load 'VtuneApi.dll' (GetLastError=126)
LogWindows: File 'VtuneApi.dll' does not exist
LogWindows: Failed to load 'VtuneApi32e.dll' (GetLastError=126)
LogWindows: File 'VtuneApi32e.dll' does not exist
LogConsoleResponse: Display: Failed to find resolution value strings in scalability ini. Falling back to default.
LogInit: Display: Running engine for game: MyProject2
LogPakFile: Registered encryption key '00000000000000000000000000000000': 0 pak files mounted, 0 remain pending
LogPlatformFile: Not using cached read wrapper
LogTaskGraph: Started task graph with 5 named threads and 14 total threads with 3 sets of task threads.
LogStats: Stats thread started at 0.206230
LogD3D11RHI: Loaded GFSDK_Aftermath_Lib.x64.dll
LogICUInternationalization: ICU TimeZone Detection - Raw Offset: -5:00, Platform Override: ''
LogPluginManager: Mounting plugin Paper2D
LogPluginManager: Mounting plugin AISupport
LogPluginManager: Mounting plugin LightPropagationVolume
LogPluginManager: Mounting plugin ActorLayerUtilities
LogPluginManager: Mounting plugin AnimationSharing
LogPluginManager: Mounting plugin CLionSourceCodeAccess
LogPluginManager: Mounting plugin CodeLiteSourceCodeAccess
LogPluginManager: Mounting plugin GitSourceControl
LogPluginManager: Mounting plugin KDevelopSourceCodeAccess
LogPluginManager: Mounting plugin NullSourceCodeAccess
LogPluginManager: Mounting plugin PerforceSourceControl
LogPluginManager: Mounting plugin SubversionSourceControl
LogPluginManager: Mounting plugin UObjectPlugin
LogPluginManager: Mounting plugin VisualStudioCodeSourceCodeAccess
LogPluginManager: Mounting plugin VisualStudioSourceCodeAccess
LogPluginManager: Mounting plugin XCodeSourceCodeAccess
LogPluginManager: Mounting plugin AssetManagerEditor
LogPluginManager: Mounting plugin CryptoKeys
LogPluginManager: Mounting plugin DataValidation
LogPluginManager: Mounting plugin FacialAnimation
LogPluginManager: Mounting plugin GameplayTagsEditor
LogPluginManager: Mounting plugin MacGraphicsSwitching
LogPluginManager: Mounting plugin MaterialAnalyzer
LogPluginManager: Mounting plugin MobileLauncherProfileWizard
LogPluginManager: Mounting plugin PluginBrowser
LogPluginManager: Mounting plugin SpeedTreeImporter
LogPluginManager: Mounting plugin DatasmithContent
LogPluginManager: Mounting plugin VariantManagerContent
LogPluginManager: Mounting plugin AlembicImporter
LogPluginManager: Mounting plugin AppleImageUtils
LogPluginManager: Mounting plugin AppleVision
LogPluginManager: Mounting plugin BackChannel
LogPluginManager: Mounting plugin CharacterAI
LogPluginManager: Mounting plugin GeometryCache
LogPluginManager: Mounting plugin HTML5Networking
LogPluginManager: Mounting plugin ProxyLODPlugin
LogPluginManager: Mounting plugin SkeletalReduction
LogPluginManager: Mounting plugin MagicLeap
LogPluginManager: Mounting plugin MagicLeapMedia
LogPluginManager: Mounting plugin AndroidMedia
LogPluginManager: Mounting plugin AvfMedia
LogPluginManager: Mounting plugin ImgMedia
LogPluginManager: Mounting plugin LinearTimecode
LogPluginManager: Mounting plugin MediaCompositing
LogPluginManager: Mounting plugin MediaPlayerEditor
LogPluginManager: Mounting plugin WebMMedia
LogPluginManager: Mounting plugin WmfMedia
LogPluginManager: Mounting plugin TcpMessaging
LogPluginManager: Mounting plugin UdpMessaging
LogPluginManager: Mounting plugin ActorSequence
LogPluginManager: Mounting plugin LevelSequenceEditor
LogPluginManager: Mounting plugin MatineeToLevelSequence
LogPluginManager: Mounting plugin NetcodeUnitTest
LogPluginManager: Mounting plugin NUTUnrealEngine4
LogPluginManager: Mounting plugin OnlineSubsystemGooglePlay
LogPluginManager: Mounting plugin OnlineSubsystemIOS
LogPluginManager: Mounting plugin OnlineSubsystem
LogPluginManager: Mounting plugin OnlineSubsystemNull
LogPluginManager: Mounting plugin OnlineSubsystemUtils
LogPluginManager: Mounting plugin LauncherChunkInstaller
LogPluginManager: Mounting plugin AndroidDeviceProfileSelector
LogPluginManager: Mounting plugin AndroidMoviePlayer
LogPluginManager: Mounting plugin AndroidPermission
LogPluginManager: Mounting plugin AppleMoviePlayer
LogPluginManager: Mounting plugin ArchVisCharacter
LogPluginManager: Mounting plugin AudioCapture
LogPluginManager: Mounting plugin CableComponent
LogPluginManager: Mounting plugin CustomMeshComponent
LogPluginManager: Mounting plugin EditableMesh
LogPluginManager: Mounting plugin ExampleDeviceProfileSelector
LogPluginManager: Mounting plugin Firebase
LogPluginManager: Mounting plugin GoogleCloudMessaging
LogPluginManager: Mounting plugin IOSDeviceProfileSelector
LogPluginManager: Mounting plugin LinuxDeviceProfileSelector
LogPluginManager: Mounting plugin LocationServicesBPLibrary
LogPluginManager: Mounting plugin MobilePatchingUtils
LogPluginManager: Mounting plugin OculusVR
LogPluginManager: Mounting plugin PhysXVehicles
LogPluginManager: Mounting plugin ProceduralMeshComponent
LogPluginManager: Mounting plugin RuntimePhysXCooking
LogPluginManager: Mounting plugin SignificanceManager
LogPluginManager: Mounting plugin SteamVR
LogPluginManager: Mounting plugin WebMMoviePlayer
LogPluginManager: Mounting plugin WindowsMoviePlayer
LogInit: Using libcurl 7.55.1-DEV
LogInit:  - built for x86_64-pc-win32
LogInit:  - supports SSL with OpenSSL/1.1.1
LogInit:  - supports HTTP deflate (compression) using libz 1.2.8
LogInit:  - other features:
LogInit:      CURL_VERSION_SSL
LogInit:      CURL_VERSION_LIBZ
LogInit:      CURL_VERSION_IPV6
LogInit:      CURL_VERSION_ASYNCHDNS
LogInit:      CURL_VERSION_LARGEFILE
LogInit:      CURL_VERSION_IDN
LogInit:  CurlRequestOptions (configurable via config and command line):
LogInit:  - bVerifyPeer = true  - Libcurl will verify peer certificate
LogInit:  - bUseHttpProxy = false  - Libcurl will NOT use HTTP proxy
LogInit:  - bDontReuseConnections = false  - Libcurl will reuse connections
LogInit:  - MaxHostConnections = 16  - Libcurl will limit the number of connections to a host
LogInit:  - LocalHostAddr = Default
LogInit:  - BufferSize = 65536
LogInit: WinSock: version 1.1 (2.2), MaxSocks=32767, MaxUdp=65467
LogInit: Build: ++UE4+Release-4.22-CL-6574378
LogInit: Engine Version: 4.22.2-6574378+++UE4+Release-4.22
LogInit: Compatible Engine Version: 4.22.0-5660361+++UE4+Release-4.22
LogInit: Net CL: 5660361
LogInit: OS: Windows 10 (Release 1803) (), CPU: Intel(R) Core(TM) i5-6600K CPU @ 3.50GHz, GPU: NVIDIA GeForce GTX 1070
LogInit: Compiled (64-bit): May 20 2019 09:54:56
LogInit: Compiled with Visual C++: 19.16.27025.01
LogInit: Build Configuration: Development
LogInit: Branch Name: ++UE4+Release-4.22
LogInit: Command Line: 
LogInit: Base Directory: C:/Unreal Engine/UE_4.22/Engine/Binaries/Win64/
LogInit: Installed Engine Build: 1
LogDevObjectVersion: Number of dev versions registered: 23
LogDevObjectVersion:   Dev-Blueprints (B0D832E4-1F89-4F0D-ACCF-7EB736FD4AA2): 10
LogDevObjectVersion:   Dev-Build (E1C64328-A22C-4D53-A36C-8E866417BD8C): 0
LogDevObjectVersion:   Dev-Core (375EC13C-06E4-48FB-B500-84F0262A717E): 3
LogDevObjectVersion:   Dev-Editor (E4B068ED-F494-42E9-A231-DA0B2E46BB41): 30
LogDevObjectVersion:   Dev-Framework (CFFC743F-43B0-4480-9391-14DF171D2073): 35
LogDevObjectVersion:   Dev-Mobile (B02B49B5-BB20-44E9-A304-32B752E40360): 2
LogDevObjectVersion:   Dev-Networking (A4E4105C-59A1-49B5-A7C5-40C4547EDFEE): 0
LogDevObjectVersion:   Dev-Online (39C831C9-5AE6-47DC-9A44-9C173E1C8E7C): 0
LogDevObjectVersion:   Dev-Physics (78F01B33-EBEA-4F98-B9B4-84EACCB95AA2): 0
LogDevObjectVersion:   Dev-Platform (6631380F-2D4D-43E0-8009-CF276956A95A): 0
LogDevObjectVersion:   Dev-Rendering (12F88B9F-8875-4AFC-A67C-D90C383ABD29): 28
LogDevObjectVersion:   Dev-Sequencer (7B5AE74C-D270-4C10-A958-57980B212A5A): 11
LogDevObjectVersion:   Dev-VR (D7296918-1DD6-4BDD-9DE2-64A83CC13884): 2
LogDevObjectVersion:   Dev-LoadTimes (C2A15278-BFE7-4AFE-6C17-90FF531DF755): 1
LogDevObjectVersion:   Private-Geometry (6EACA3D4-40EC-4CC1-B786-8BED09428FC5): 3
LogDevObjectVersion:   Dev-AnimPhys (29E575DD-E0A3-4627-9D10-D276232CDCEA): 17
LogDevObjectVersion:   Dev-Anim (AF43A65D-7FD3-4947-9873-3E8ED9C1BB05): 2
LogDevObjectVersion:   Dev-ReflectionCapture (6B266CEC-1EC7-4B8F-A30B-E4D90942FC07): 1
LogDevObjectVersion:   Dev-Automation (0DF73D61-A23F-47EA-B727-89E90C41499A): 1
LogDevObjectVersion:   FortniteMain (601D1886-AC64-4F84-AA16-D3DE0DEAC7D6): 25
LogDevObjectVersion:   Dev-Enterprise (9DFFBCD6-494F-0158-E221-12823C92A888): 6
LogDevObjectVersion:   Dev-Niagara (F2AED0AC-9AFE-416F-8664-AA7FFA26D6FC): 1
LogDevObjectVersion:   Dev-Destruction (174F1F0B-B4C6-45A5-B13F-2EE8D0FB917D): 2
LogInit: Presizing for max 16777216 objects, including 0 objects not considered by GC, pre-allocating 0 bytes for permanent pool.
LogInit: Object subsystem initialized
LogConfig: Setting CVar [[con.DebugEarlyDefault:1]]
LogConfig: Setting CVar [[r.setres:1280x720]]
[2019.05.21-20.02.56:316][  0]LogConfig: Setting CVar [[r.VSync:0]]
[2019.05.21-20.02.56:316][  0]LogConfig: Setting CVar [[r.RHICmdBypass:0]]
[2019.05.21-20.02.56:316][  0]LogConfig: Applying CVar settings from Section [/Script/Engine.RendererSettings] File [C:/Users/Nicholas/Documents/Unreal Projects/MyProject2/Saved/Config/Windows/Engine.ini]
[2019.05.21-20.02.56:316][  0]LogConfig: Setting CVar [[r.GPUCrashDebugging:0]]
[2019.05.21-20.02.56:316][  0]LogConfig: Applying CVar settings from Section [/Script/Engine.RendererOverrideSettings] File [C:/Users/Nicholas/Documents/Unreal Projects/MyProject2/Saved/Config/Windows/Engine.ini]
[2019.05.21-20.02.56:316][  0]LogConfig: Applying CVar settings from Section [/Script/Engine.StreamingSettings] File [C:/Users/Nicholas/Documents/Unreal Projects/MyProject2/Saved/Config/Windows/Engine.ini]
[2019.05.21-20.02.56:317][  0]LogConfig: Setting CVar [[s.MinBulkDataSizeForAsyncLoading:131072]]
[2019.05.21-20.02.56:317][  0]LogConfig: Setting CVar [[s.AsyncLoadingThreadEnabled:0]]
[2019.05.21-20.02.56:317][  0]LogConfig: Setting CVar [[s.EventDrivenLoaderEnabled:1]]
[2019.05.21-20.02.56:317][  0]LogConfig: Setting CVar [[s.WarnIfTimeLimitExceeded:0]]
[2019.05.21-20.02.56:317][  0]LogConfig: Setting CVar [[s.TimeLimitExceededMultiplier:1.5]]
[2019.05.21-20.02.56:317][  0]LogConfig: Setting CVar [[s.TimeLimitExceededMinTime:0.005]]
[2019.05.21-20.02.56:317][  0]LogConfig: Setting CVar [[s.UseBackgroundLevelStreaming:1]]
[2019.05.21-20.02.56:317][  0]LogConfig: Setting CVar [[s.PriorityAsyncLoadingExtraTime:15.0]]
[2019.05.21-20.02.56:317][  0]LogConfig: Setting CVar [[s.LevelStreamingActorsUpdateTimeLimit:5.0]]
[2019.05.21-20.02.56:317][  0]LogConfig: Setting CVar [[s.PriorityLevelStreamingActorsUpdateExtraTime:5.0]]
[2019.05.21-20.02.56:317][  0]LogConfig: Setting CVar [[s.LevelStreamingComponentsRegistrationGranularity:10]]
[2019.05.21-20.02.56:317][  0]LogConfig: Setting CVar [[s.UnregisterComponentsTimeLimit:1.0]]
[2019.05.21-20.02.56:317][  0]LogConfig: Setting CVar [[s.LevelStreamingComponentsUnregistrationGranularity:5]]
[2019.05.21-20.02.56:317][  0]LogConfig: Applying CVar settings from Section [/Script/Engine.GarbageCollectionSettings] File [C:/Users/Nicholas/Documents/Unreal Projects/MyProject2/Saved/Config/Windows/Engine.ini]
[2019.05.21-20.02.56:317][  0]LogConfig: Setting CVar [[gc.MaxObjectsNotConsideredByGC:1]]
[2019.05.21-20.02.56:317][  0]LogConfig: Setting CVar [[gc.SizeOfPermanentObjectPool:0]]
[2019.05.21-20.02.56:317][  0]LogConfig: Setting CVar [[gc.FlushStreamingOnGC:0]]
[2019.05.21-20.02.56:317][  0]LogConfig: Setting CVar [[gc.NumRetriesBeforeForcingGC:10]]
[2019.05.21-20.02.56:317][  0]LogConfig: Setting CVar [[gc.AllowParallelGC:1]]
[2019.05.21-20.02.56:317][  0]LogConfig: Setting CVar [[gc.TimeBetweenPurgingPendingKillObjects:61.1]]
[2019.05.21-20.02.56:317][  0]LogConfig: Setting CVar [[gc.MaxObjectsInEditor:16777216]]
[2019.05.21-20.02.56:317][  0]LogConfig: Setting CVar [[gc.IncrementalBeginDestroyEnabled:1]]
[2019.05.21-20.02.56:317][  0]LogConfig: Setting CVar [[gc.CreateGCClusters:1]]
[2019.05.21-20.02.56:317][  0]LogConfig: Setting CVar [[gc.MinGCClusterSize:5]]
[2019.05.21-20.02.56:317][  0]LogConfig: Setting CVar [[gc.ActorClusteringEnabled:0]]
[2019.05.21-20.02.56:317][  0]LogConfig: Setting CVar [[gc.BlueprintClusteringEnabled:0]]
[2019.05.21-20.02.56:317][  0]LogConfig: Setting CVar [[gc.UseDisregardForGCOnDedicatedServers:0]]
[2019.05.21-20.02.56:317][  0]LogConfig: Applying CVar settings from Section [/Script/Engine.NetworkSettings] File [C:/Users/Nicholas/Documents/Unreal Projects/MyProject2/Saved/Config/Windows/Engine.ini]
[2019.05.21-20.02.56:317][  0]LogConfig: Applying CVar settings from Section [/Script/UnrealEd.CookerSettings] File [C:/Users/Nicholas/Documents/Unreal Projects/MyProject2/Saved/Config/Windows/Engine.ini]
[2019.05.21-20.02.56:319][  0]LogConfig: Applying CVar settings from Section [ViewDistanceQuality@3] File [C:/Users/Nicholas/Documents/Unreal Projects/MyProject2/Saved/Config/Windows/Scalability.ini]
[2019.05.21-20.02.56:319][  0]LogConfig: Setting CVar [[r.SkeletalMeshLODBias:0]]
[2019.05.21-20.02.56:319][  0]LogConfig: Setting CVar [[r.ViewDistanceScale:1.0]]
[2019.05.21-20.02.56:319][  0]LogConfig: Applying CVar settings from Section [AntiAliasingQuality@3] File [C:/Users/Nicholas/Documents/Unreal Projects/MyProject2/Saved/Config/Windows/Scalability.ini]
[2019.05.21-20.02.56:319][  0]LogConfig: Setting CVar [[r.PostProcessAAQuality:4]]
[2019.05.21-20.02.56:319][  0]LogConfig: Applying CVar settings from Section [ShadowQuality@3] File [C:/Users/Nicholas/Documents/Unreal Projects/MyProject2/Saved/Config/Windows/Scalability.ini]
[2019.05.21-20.02.56:319][  0]LogConfig: Setting CVar [[r.LightFunctionQuality:1]]
[2019.05.21-20.02.56:319][  0]LogConfig: Setting CVar [[r.ShadowQuality:5]]
[2019.05.21-20.02.56:319][  0]LogConfig: Setting CVar [[r.Shadow.CSM.MaxCascades:10]]
[2019.05.21-20.02.56:319][  0]LogConfig: Setting CVar [[r.Shadow.MaxResolution:2048]]
[2019.05.21-20.02.56:319][  0]LogConfig: Setting CVar [[r.Shadow.MaxCSMResolution:2048]]
[2019.05.21-20.02.56:319][  0]LogConfig: Setting CVar [[r.Shadow.RadiusThreshold:0.01]]
[2019.05.21-20.02.56:319][  0]LogConfig: Setting CVar [[r.Shadow.DistanceScale:1.0]]
[2019.05.21-20.02.56:319][  0]LogConfig: Setting CVar [[r.Shadow.CSM.TransitionScale:1.0]]
[2019.05.21-20.02.56:319][  0]LogConfig: Setting CVar [[r.Shadow.PreShadowResolutionFactor:1.0]]
[2019.05.21-20.02.56:319][  0]LogConfig: Setting CVar [[r.DistanceFieldShadowing:1]]
[2019.05.21-20.02.56:319][  0]LogConfig: Setting CVar [[r.DistanceFieldAO:1]]
[2019.05.21-20.02.56:319][  0]LogConfig: Setting CVar [[r.AOQuality:2]]
[2019.05.21-20.02.56:319][  0]LogConfig: Setting CVar [[r.VolumetricFog:1]]
[2019.05.21-20.02.56:319][  0]LogConfig: Setting CVar [[r.VolumetricFog.GridPixelSize:8]]
[2019.05.21-20.02.56:320][  0]LogConfig: Setting CVar [[r.VolumetricFog.GridSizeZ:128]]
[2019.05.21-20.02.56:320][  0]LogConfig: Setting CVar [[r.VolumetricFog.HistoryMissSupersampleCount:4]]
[2019.05.21-20.02.56:320][  0]LogConfig: Setting CVar [[r.LightMaxDrawDistanceScale:1]]
[2019.05.21-20.02.56:320][  0]LogConfig: Setting CVar [[r.CapsuleShadows:1]]
[2019.05.21-20.02.56:320][  0]LogConfig: Applying CVar settings from Section [PostProcessQuality@3] File [C:/Users/Nicholas/Documents/Unreal Projects/MyProject2/Saved/Config/Windows/Scalability.ini]
[2019.05.21-20.02.56:320][  0]LogConfig: Setting CVar [[r.MotionBlurQuality:4]]
[2019.05.21-20.02.56:320][  0]LogConfig: Setting CVar [[r.AmbientOcclusionMipLevelFactor:0.4]]
[2019.05.21-20.02.56:320][  0]LogConfig: Setting CVar [[r.AmbientOcclusionMaxQuality:100]]
[2019.05.21-20.02.56:320][  0]LogConfig: Setting CVar [[r.AmbientOcclusionLevels:-1]]
[2019.05.21-20.02.56:320][  0]LogConfig: Setting CVar [[r.AmbientOcclusionRadiusScale:1.0]]
[2019.05.21-20.02.56:320][  0]LogConfig: Setting CVar [[r.DepthOfFieldQuality:2]]
[2019.05.21-20.02.56:320][  0]LogConfig: Setting CVar [[r.RenderTargetPoolMin:400]]
[2019.05.21-20.02.56:320][  0]LogConfig: Setting CVar [[r.LensFlareQuality:2]]
[2019.05.21-20.02.56:320][  0]LogConfig: Setting CVar [[r.SceneColorFringeQuality:1]]
[2019.05.21-20.02.56:320][  0]LogConfig: Setting CVar [[r.EyeAdaptationQuality:2]]
[2019.05.21-20.02.56:320][  0]LogConfig: Setting CVar [[r.BloomQuality:5]]
[2019.05.21-20.02.56:320][  0]LogConfig: Setting CVar [[r.FastBlurThreshold:100]]
[2019.05.21-20.02.56:320][  0]LogConfig: Setting CVar [[r.Upscale.Quality:3]]
[2019.05.21-20.02.56:320][  0]LogConfig: Setting CVar [[r.Tonemapper.GrainQuantization:1]]
[2019.05.21-20.02.56:320][  0]LogConfig: Setting CVar [[r.LightShaftQuality:1]]
[2019.05.21-20.02.56:320][  0]LogConfig: Setting CVar [[r.Filter.SizeScale:1]]
[2019.05.21-20.02.56:320][  0]LogConfig: Setting CVar [[r.Tonemapper.Quality:5]]
[2019.05.21-20.02.56:320][  0]LogConfig: Setting CVar [[r.DOF.Gather.AccumulatorQuality:1        ; higher gathering accumulator quality]]
[2019.05.21-20.02.56:320][  0]LogConfig: Setting CVar [[r.DOF.Gather.PostfilterMethod:1          ; Median3x3 postfilering method]]
[2019.05.21-20.02.56:320][  0]LogConfig: Setting CVar [[r.DOF.Gather.EnableBokehSettings:0       ; no bokeh simulation when gathering]]
[2019.05.21-20.02.56:320][  0]LogConfig: Setting CVar [[r.DOF.Gather.RingCount:4                 ; medium number of samples when gathering]]
[2019.05.21-20.02.56:320][  0]LogConfig: Setting CVar [[r.DOF.Scatter.ForegroundCompositing:1    ; additive foreground scattering]]
[2019.05.21-20.02.56:320][  0]LogConfig: Setting CVar [[r.DOF.Scatter.BackgroundCompositing:2    ; additive background scattering]]
[2019.05.21-20.02.56:320][  0]LogConfig: Setting CVar [[r.DOF.Scatter.EnableBokehSettings:1      ; bokeh simulation when scattering]]
[2019.05.21-20.02.56:320][  0]LogConfig: Setting CVar [[r.DOF.Scatter.MaxSpriteRatio:0.1         ; only a maximum of 10% of scattered bokeh]]
[2019.05.21-20.02.56:320][  0]LogConfig: Setting CVar [[r.DOF.Recombine.Quality:1                ; cheap slight out of focus]]
[2019.05.21-20.02.56:320][  0]LogConfig: Setting CVar [[r.DOF.Recombine.EnableBokehSettings:0    ; no bokeh simulation on slight out of focus]]
[2019.05.21-20.02.56:320][  0]LogConfig: Setting CVar [[r.DOF.TemporalAAQuality:1                ; more stable temporal accumulation]]
[2019.05.21-20.02.56:320][  0]LogConfig: Setting CVar [[r.DOF.Kernel.MaxForegroundRadius:0.025]]
[2019.05.21-20.02.56:320][  0]LogConfig: Setting CVar [[r.DOF.Kernel.MaxBackgroundRadius:0.025]]
[2019.05.21-20.02.56:320][  0]LogConfig: Applying CVar settings from Section [TextureQuality@3] File [C:/Users/Nicholas/Documents/Unreal Projects/MyProject2/Saved/Config/Windows/Scalability.ini]
[2019.05.21-20.02.56:320][  0]LogConfig: Setting CVar [[r.Streaming.MipBias:0]]
[2019.05.21-20.02.56:320][  0]LogConfig: Setting CVar [[r.Streaming.AmortizeCPUToGPUCopy:0]]
[2019.05.21-20.02.56:320][  0]LogConfig: Setting CVar [[r.Streaming.MaxNumTexturesToStreamPerFrame:0]]
[2019.05.21-20.02.56:320][  0]LogConfig: Setting CVar [[r.Streaming.Boost:1]]
[2019.05.21-20.02.56:320][  0]LogConfig: Setting CVar [[r.MaxAnisotropy:8]]
[2019.05.21-20.02.56:320][  0]LogConfig: Setting CVar [[r.Streaming.LimitPoolSizeToVRAM:0]]
[2019.05.21-20.02.56:320][  0]LogConfig: Setting CVar [[r.Streaming.PoolSize:1000]]
[2019.05.21-20.02.56:320][  0]LogConfig: Setting CVar [[r.Streaming.MaxEffectiveScreenSize:0]]
[2019.05.21-20.02.56:320][  0]LogConfig: Applying CVar settings from Section [EffectsQuality@3] File [C:/Users/Nicholas/Documents/Unreal Projects/MyProject2/Saved/Config/Windows/Scalability.ini]
[2019.05.21-20.02.56:320][  0]LogConfig: Setting CVar [[r.TranslucencyLightingVolumeDim:64]]
[2019.05.21-20.02.56:320][  0]LogConfig: Setting CVar [[r.RefractionQuality:2]]
[2019.05.21-20.02.56:320][  0]LogConfig: Setting CVar [[r.SSR.Quality:3]]
[2019.05.21-20.02.56:320][  0]LogConfig: Setting CVar [[r.SceneColorFormat:4]]
[2019.05.21-20.02.56:320][  0]LogConfig: Setting CVar [[r.DetailMode:2]]
[2019.05.21-20.02.56:320][  0]LogConfig: Setting CVar [[r.TranslucencyVolumeBlur:1]]
[2019.05.21-20.02.56:320][  0]LogConfig: Setting CVar [[r.MaterialQualityLevel:1 ; High quality]]
[2019.05.21-20.02.56:320][  0]LogConfig: Setting CVar [[r.SSS.Scale:1]]
[2019.05.21-20.02.56:320][  0]LogConfig: Setting CVar [[r.SSS.SampleSet:2]]
[2019.05.21-20.02.56:320][  0]LogConfig: Setting CVar [[r.SSS.Quality:1]]
[2019.05.21-20.02.56:320][  0]LogConfig: Setting CVar [[r.SSS.HalfRes:1]]
[2019.05.21-20.02.56:320][  0]LogConfig: Setting CVar [[r.EmitterSpawnRateScale:1.0]]
[2019.05.21-20.02.56:320][  0]LogConfig: Setting CVar [[r.ParticleLightQuality:2]]
[2019.05.21-20.02.56:320][  0]LogConfig: Applying CVar settings from Section [FoliageQuality@3] File [C:/Users/Nicholas/Documents/Unreal Projects/MyProject2/Saved/Config/Windows/Scalability.ini]
[2019.05.21-20.02.56:320][  0]LogConfig: Setting CVar [[foliage.DensityScale:1.0]]
[2019.05.21-20.02.56:320][  0]LogConfig: Setting CVar [[grass.DensityScale:1.0]]
[2019.05.21-20.02.56:320][  0]LogInit: Selected Device Profile: [Windows]
[2019.05.21-20.02.56:320][  0]LogInit: Applying CVar settings loaded from the selected device profile: [Windows]
[2019.05.21-20.02.56:336][  0]LogHAL: Display: Platform has ~ 16 GB [17126219776 / 17179869184 / 16], which maps to Larger [LargestMinGB=32, LargerMinGB=12, DefaultMinGB=8, SmallerMinGB=6, SmallestMinGB=0)
[2019.05.21-20.02.56:336][  0]LogConfig: Setting CVar [[r.Vulkan.UseRealUBs:0		; Required until we fix HLR fall-out]]
[2019.05.21-20.02.56:336][  0]LogInit: Going up to parent DeviceProfile []
[2019.05.21-20.02.56:336][  0]LogConfig: Applying CVar settings from Section [ViewDistanceQuality@3] File [C:/Users/Nicholas/Documents/Unreal Projects/MyProject2/Saved/Config/Windows/Scalability.ini]
[2019.05.21-20.02.56:336][  0]LogConfig: Setting CVar [[r.SkeletalMeshLODBias:0]]
[2019.05.21-20.02.56:336][  0]LogConfig: Setting CVar [[r.ViewDistanceScale:1.0]]
[2019.05.21-20.02.56:336][  0]LogConfig: Applying CVar settings from Section [AntiAliasingQuality@3] File [C:/Users/Nicholas/Documents/Unreal Projects/MyProject2/Saved/Config/Windows/Scalability.ini]
[2019.05.21-20.02.56:336][  0]LogConfig: Setting CVar [[r.PostProcessAAQuality:4]]
[2019.05.21-20.02.56:336][  0]LogConfig: Applying CVar settings from Section [ShadowQuality@3] File [C:/Users/Nicholas/Documents/Unreal Projects/MyProject2/Saved/Config/Windows/Scalability.ini]
[2019.05.21-20.02.56:336][  0]LogConfig: Setting CVar [[r.LightFunctionQuality:1]]
[2019.05.21-20.02.56:336][  0]LogConfig: Setting CVar [[r.ShadowQuality:5]]
[2019.05.21-20.02.56:336][  0]LogConfig: Setting CVar [[r.Shadow.CSM.MaxCascades:10]]
[2019.05.21-20.02.56:336][  0]LogConfig: Setting CVar [[r.Shadow.MaxResolution:2048]]
[2019.05.21-20.02.56:336][  0]LogConfig: Setting CVar [[r.Shadow.MaxCSMResolution:2048]]
[2019.05.21-20.02.56:336][  0]LogConfig: Setting CVar [[r.Shadow.RadiusThreshold:0.01]]
[2019.05.21-20.02.56:336][  0]LogConfig: Setting CVar [[r.Shadow.DistanceScale:1.0]]
[2019.05.21-20.02.56:336][  0]LogConfig: Setting CVar [[r.Shadow.CSM.TransitionScale:1.0]]
[2019.05.21-20.02.56:336][  0]LogConfig: Setting CVar [[r.Shadow.PreShadowResolutionFactor:1.0]]
[2019.05.21-20.02.56:336][  0]LogConfig: Setting CVar [[r.DistanceFieldShadowing:1]]
[2019.05.21-20.02.56:336][  0]LogConfig: Setting CVar [[r.DistanceFieldAO:1]]
[2019.05.21-20.02.56:336][  0]LogConfig: Setting CVar [[r.AOQuality:2]]
[2019.05.21-20.02.56:336][  0]LogConfig: Setting CVar [[r.VolumetricFog:1]]
[2019.05.21-20.02.56:336][  0]LogConfig: Setting CVar [[r.VolumetricFog.GridPixelSize:8]]
[2019.05.21-20.02.56:336][  0]LogConfig: Setting CVar [[r.VolumetricFog.GridSizeZ:128]]
[2019.05.21-20.02.56:336][  0]LogConfig: Setting CVar [[r.VolumetricFog.HistoryMissSupersampleCount:4]]
[2019.05.21-20.02.56:336][  0]LogConfig: Setting CVar [[r.LightMaxDrawDistanceScale:1]]
[2019.05.21-20.02.56:336][  0]LogConfig: Setting CVar [[r.CapsuleShadows:1]]
[2019.05.21-20.02.56:336][  0]LogConfig: Applying CVar settings from Section [PostProcessQuality@3] File [C:/Users/Nicholas/Documents/Unreal Projects/MyProject2/Saved/Config/Windows/Scalability.ini]
[2019.05.21-20.02.56:336][  0]LogConfig: Setting CVar [[r.MotionBlurQuality:4]]
[2019.05.21-20.02.56:336][  0]LogConfig: Setting CVar [[r.AmbientOcclusionMipLevelFactor:0.4]]
[2019.05.21-20.02.56:336][  0]LogConfig: Setting CVar [[r.AmbientOcclusionMaxQuality:100]]
[2019.05.21-20.02.56:336][  0]LogConfig: Setting CVar [[r.AmbientOcclusionLevels:-1]]
[2019.05.21-20.02.56:336][  0]LogConfig: Setting CVar [[r.AmbientOcclusionRadiusScale:1.0]]
[2019.05.21-20.02.56:336][  0]LogConfig: Setting CVar [[r.DepthOfFieldQuality:2]]
[2019.05.21-20.02.56:336][  0]LogConfig: Setting CVar [[r.RenderTargetPoolMin:400]]
[2019.05.21-20.02.56:336][  0]LogConfig: Setting CVar [[r.LensFlareQuality:2]]
[2019.05.21-20.02.56:336][  0]LogConfig: Setting CVar [[r.SceneColorFringeQuality:1]]
[2019.05.21-20.02.56:336][  0]LogConfig: Setting CVar [[r.EyeAdaptationQuality:2]]
[2019.05.21-20.02.56:336][  0]LogConfig: Setting CVar [[r.BloomQuality:5]]
[2019.05.21-20.02.56:336][  0]LogConfig: Setting CVar [[r.FastBlurThreshold:100]]
[2019.05.21-20.02.56:336][  0]LogConfig: Setting CVar [[r.Upscale.Quality:3]]
[2019.05.21-20.02.56:336][  0]LogConfig: Setting CVar [[r.Tonemapper.GrainQuantization:1]]
[2019.05.21-20.02.56:336][  0]LogConfig: Setting CVar [[r.LightShaftQuality:1]]
[2019.05.21-20.02.56:336][  0]LogConfig: Setting CVar [[r.Filter.SizeScale:1]]
[2019.05.21-20.02.56:336][  0]LogConfig: Setting CVar [[r.Tonemapper.Quality:5]]
[2019.05.21-20.02.56:336][  0]LogConfig: Setting CVar [[r.DOF.Gather.AccumulatorQuality:1        ; higher gathering accumulator quality]]
[2019.05.21-20.02.56:336][  0]LogConfig: Setting CVar [[r.DOF.Gather.PostfilterMethod:1          ; Median3x3 postfilering method]]
[2019.05.21-20.02.56:336][  0]LogConfig: Setting CVar [[r.DOF.Gather.EnableBokehSettings:0       ; no bokeh simulation when gathering]]
[2019.05.21-20.02.56:336][  0]LogConfig: Setting CVar [[r.DOF.Gather.RingCount:4                 ; medium number of samples when gathering]]
[2019.05.21-20.02.56:336][  0]LogConfig: Setting CVar [[r.DOF.Scatter.ForegroundCompositing:1    ; additive foreground scattering]]
[2019.05.21-20.02.56:336][  0]LogConfig: Setting CVar [[r.DOF.Scatter.BackgroundCompositing:2    ; additive background scattering]]
[2019.05.21-20.02.56:336][  0]LogConfig: Setting CVar [[r.DOF.Scatter.EnableBokehSettings:1      ; bokeh simulation when scattering]]
[2019.05.21-20.02.56:336][  0]LogConfig: Setting CVar [[r.DOF.Scatter.MaxSpriteRatio:0.1         ; only a maximum of 10% of scattered bokeh]]
[2019.05.21-20.02.56:336][  0]LogConfig: Setting CVar [[r.DOF.Recombine.Quality:1                ; cheap slight out of focus]]
[2019.05.21-20.02.56:336][  0]LogConfig: Setting CVar [[r.DOF.Recombine.EnableBokehSettings:0    ; no bokeh simulation on slight out of focus]]
[2019.05.21-20.02.56:336][  0]LogConfig: Setting CVar [[r.DOF.TemporalAAQuality:1                ; more stable temporal accumulation]]
[2019.05.21-20.02.56:336][  0]LogConfig: Setting CVar [[r.DOF.Kernel.MaxForegroundRadius:0.025]]
[2019.05.21-20.02.56:336][  0]LogConfig: Setting CVar [[r.DOF.Kernel.MaxBackgroundRadius:0.025]]
[2019.05.21-20.02.56:336][  0]LogConfig: Applying CVar settings from Section [TextureQuality@3] File [C:/Users/Nicholas/Documents/Unreal Projects/MyProject2/Saved/Config/Windows/Scalability.ini]
[2019.05.21-20.02.56:336][  0]LogConfig: Setting CVar [[r.Streaming.MipBias:0]]
[2019.05.21-20.02.56:336][  0]LogConfig: Setting CVar [[r.Streaming.AmortizeCPUToGPUCopy:0]]
[2019.05.21-20.02.56:336][  0]LogConfig: Setting CVar [[r.Streaming.MaxNumTexturesToStreamPerFrame:0]]
[2019.05.21-20.02.56:336][  0]LogConfig: Setting CVar [[r.Streaming.Boost:1]]
[2019.05.21-20.02.56:336][  0]LogConfig: Setting CVar [[r.MaxAnisotropy:8]]
[2019.05.21-20.02.56:336][  0]LogConfig: Setting CVar [[r.Streaming.LimitPoolSizeToVRAM:0]]
[2019.05.21-20.02.56:336][  0]LogConfig: Setting CVar [[r.Streaming.PoolSize:1000]]
[2019.05.21-20.02.56:336][  0]LogConfig: Setting CVar [[r.Streaming.MaxEffectiveScreenSize:0]]
[2019.05.21-20.02.56:336][  0]LogConfig: Applying CVar settings from Section [EffectsQuality@3] File [C:/Users/Nicholas/Documents/Unreal Projects/MyProject2/Saved/Config/Windows/Scalability.ini]
[2019.05.21-20.02.56:336][  0]LogConfig: Setting CVar [[r.TranslucencyLightingVolumeDim:64]]
[2019.05.21-20.02.56:336][  0]LogConfig: Setting CVar [[r.RefractionQuality:2]]
[2019.05.21-20.02.56:337][  0]LogConfig: Setting CVar [[r.SSR.Quality:3]]
[2019.05.21-20.02.56:337][  0]LogConfig: Setting CVar [[r.SceneColorFormat:4]]
[2019.05.21-20.02.56:337][  0]LogConfig: Setting CVar [[r.DetailMode:2]]
[2019.05.21-20.02.56:337][  0]LogConfig: Setting CVar [[r.TranslucencyVolumeBlur:1]]
[2019.05.21-20.02.56:337][  0]LogConfig: Setting CVar [[r.MaterialQualityLevel:1 ; High quality]]
[2019.05.21-20.02.56:337][  0]LogConfig: Setting CVar [[r.SSS.Scale:1]]
[2019.05.21-20.02.56:337][  0]LogConfig: Setting CVar [[r.SSS.SampleSet:2]]
[2019.05.21-20.02.56:337][  0]LogConfig: Setting CVar [[r.SSS.Quality:1]]
[2019.05.21-20.02.56:337][  0]LogConfig: Setting CVar [[r.SSS.HalfRes:1]]
[2019.05.21-20.02.56:337][  0]LogConfig: Setting CVar [[r.EmitterSpawnRateScale:1.0]]
[2019.05.21-20.02.56:337][  0]LogConfig: Setting CVar [[r.ParticleLightQuality:2]]
[2019.05.21-20.02.56:337][  0]LogConfig: Applying CVar settings from Section [FoliageQuality@3] File [C:/Users/Nicholas/Documents/Unreal Projects/MyProject2/Saved/Config/Windows/Scalability.ini]
[2019.05.21-20.02.56:337][  0]LogConfig: Setting CVar [[foliage.DensityScale:1.0]]
[2019.05.21-20.02.56:337][  0]LogConfig: Setting CVar [[grass.DensityScale:1.0]]
[2019.05.21-20.02.56:337][  0]LogConfig: Applying CVar settings from Section [Startup] File [../../../Engine/Config/ConsoleVariables.ini]
[2019.05.21-20.02.56:340][  0]LogConfig: Setting CVar [[net.UseAdaptiveNetUpdateFrequency:0]]
[2019.05.21-20.02.56:340][  0]LogConfig: Setting CVar [[p.chaos.AllowCreatePhysxBodies:1]]
[2019.05.21-20.02.56:340][  0]LogConfig: Applying CVar settings from Section [ConsoleVariables] File [C:/Users/Nicholas/Documents/Unreal Projects/MyProject2/Saved/Config/Windows/Engine.ini]
[2019.05.21-20.02.56:340][  0]LogInit: Computer: DESKTOP-890VT59
[2019.05.21-20.02.56:340][  0]LogInit: User: Nicholas
[2019.05.21-20.02.56:340][  0]LogInit: CPU Page size=4096, Cores=4
[2019.05.21-20.02.56:340][  0]LogInit: High frequency timer resolution =3.421871 MHz
[2019.05.21-20.02.56:341][  0]LogMemory: Memory total: Physical=16.0GB (16GB approx)
[2019.05.21-20.02.56:341][  0]LogMemory: Platform Memory Stats for Windows
[2019.05.21-20.02.56:341][  0]LogMemory: Process Physical Memory: 96.21 MB used, 96.21 MB peak
[2019.05.21-20.02.56:341][  0]LogMemory: Process Virtual Memory: 83.79 MB used, 83.79 MB peak
[2019.05.21-20.02.56:341][  0]LogMemory: Physical Memory: 6294.14 MB used,  10038.69 MB free, 16332.84 MB total
[2019.05.21-20.02.56:341][  0]LogMemory: Virtual Memory: 4642.01 MB used,  134213088.00 MB free, 134217728.00 MB total
[2019.05.21-20.02.56:536][  0]LogInit: Using OS detected language (en-US).
[2019.05.21-20.02.56:536][  0]LogInit: Using OS detected locale (en-US).
[2019.05.21-20.02.56:537][  0]LogTextLocalizationManager: No specific localization for 'en-US' exists, so the 'en' localization will be used.
[2019.05.21-20.02.56:804][  0]LogInit: Setting process to per monitor DPI aware
[2019.05.21-20.02.56:869][  0]LogSlate: New Slate User Created.  User Index 0, Is Virtual User: 0
[2019.05.21-20.02.56:869][  0]LogSlate: Slate User Registered.  User Index 0, Is Virtual User: 0
[2019.05.21-20.02.58:670][  0]LogHMD: Failed to initialize OpenVR with code 110
[2019.05.21-20.02.58:670][  0]LogD3D11RHI: D3D11 adapters:
[2019.05.21-20.02.58:716][  0]LogD3D11RHI:    0. 'NVIDIA GeForce GTX 1070' (Feature Level 11_0)
[2019.05.21-20.02.58:716][  0]LogD3D11RHI:       8096/0/8166 MB DedicatedVideo/DedicatedSystem/SharedSystem, Outputs:1, VendorId:0x10de
[2019.05.21-20.02.58:726][  0]LogD3D11RHI:    1. 'Microsoft Basic Render Driver' (Feature Level 11_0)
[2019.05.21-20.02.58:726][  0]LogD3D11RHI:       0/0/8166 MB DedicatedVideo/DedicatedSystem/SharedSystem, Outputs:0, VendorId:0x1414
[2019.05.21-20.02.58:726][  0]LogD3D11RHI: Chosen D3D11 Adapter: 0
[2019.05.21-20.02.58:732][  0]LogD3D11RHI: Creating new Direct3DDevice
[2019.05.21-20.02.58:732][  0]LogD3D11RHI:     GPU DeviceId: 0x1b81 (for the marketing name, search the web for "GPU Device Id")
[2019.05.21-20.02.58:732][  0]LogWindows: EnumDisplayDevices:
[2019.05.21-20.02.58:732][  0]LogWindows:    0. 'NVIDIA GeForce GTX 1070' (P:1 D:1)
[2019.05.21-20.02.58:732][  0]LogWindows:    1. 'NVIDIA GeForce GTX 1070' (P:0 D:0)
[2019.05.21-20.02.58:732][  0]LogWindows:    2. 'NVIDIA GeForce GTX 1070' (P:0 D:0)
[2019.05.21-20.02.58:732][  0]LogWindows:    3. 'NVIDIA GeForce GTX 1070' (P:0 D:0)
[2019.05.21-20.02.58:732][  0]LogWindows: DebugString: FoundDriverCount:4 
[2019.05.21-20.02.58:732][  0]LogD3D11RHI:     Adapter Name: NVIDIA GeForce GTX 1070
[2019.05.21-20.02.58:732][  0]LogD3D11RHI:   Driver Version: 388.31 (internal:23.21.13.8831, unified:388.31)
[2019.05.21-20.02.58:733][  0]LogD3D11RHI:      Driver Date: 11-14-2017
[2019.05.21-20.02.58:733][  0]LogRHI: Texture pool is 5667 MB (70% of 8096 MB)
[2019.05.21-20.02.58:761][  0]LogD3D11RHI: Async texture creation enabled
[2019.05.21-20.02.58:765][  0]LogRendererCore: FGlobalReadBuffer::InitRHI
[2019.05.21-20.02.58:765][  0]LogRendererCore: FGlobalReadBuffer::InitRHI
[2019.05.21-20.02.58:766][  0]LogRendererCore: FGlobalReadBuffer::InitRHI
[2019.05.21-20.02.58:773][  0]LogD3D11RHI: GPU Timing Frequency: 1000.000000 (Debug: 2 1)
[2019.05.21-20.02.58:845][  0]LogWindowsTextInputMethodSystem: Display: IME system now deactivated.
[2019.05.21-20.03.00:271][  0]LogWindowsTextInputMethodSystem: Display: IME system now deactivated.
[2019.05.21-20.03.00:272][  0]LogWindowsTextInputMethodSystem: Display: IME system now deactivated.
[2019.05.21-20.03.01:104][  0]LogTemp: Display: Module 'AllDesktopTargetPlatform' loaded TargetPlatform 'AllDesktop'
[2019.05.21-20.03.01:116][  0]LogTemp: Display: Module 'MacClientTargetPlatform' loaded TargetPlatform 'MacClient'
[2019.05.21-20.03.01:128][  0]LogTemp: Display: Module 'MacNoEditorTargetPlatform' loaded TargetPlatform 'MacNoEditor'
[2019.05.21-20.03.01:141][  0]LogTemp: Display: Module 'MacServerTargetPlatform' loaded TargetPlatform 'MacServer'
[2019.05.21-20.03.01:157][  0]LogTemp: Display: Module 'MacTargetPlatform' loaded TargetPlatform 'Mac'
[2019.05.21-20.03.01:169][  0]LogTemp: Display: Module 'WindowsClientTargetPlatform' loaded TargetPlatform 'WindowsClient'
[2019.05.21-20.03.01:181][  0]LogTemp: Display: Module 'WindowsNoEditorTargetPlatform' loaded TargetPlatform 'WindowsNoEditor'
[2019.05.21-20.03.01:193][  0]LogTemp: Display: Module 'WindowsServerTargetPlatform' loaded TargetPlatform 'WindowsServer'
[2019.05.21-20.03.01:199][  0]LogTemp: Display: Module 'WindowsTargetPlatform' loaded TargetPlatform 'Windows'
[2019.05.21-20.03.01:276][  0]LogTemp: Display: Module 'AndroidTargetPlatform' loaded TargetPlatform 'Android'
[2019.05.21-20.03.01:276][  0]LogTemp: Display: Module 'AndroidTargetPlatform' loaded TargetPlatform 'Android_ASTC'
[2019.05.21-20.03.01:276][  0]LogTemp: Display: Module 'AndroidTargetPlatform' loaded TargetPlatform 'Android_ATC'
[2019.05.21-20.03.01:276][  0]LogTemp: Display: Module 'AndroidTargetPlatform' loaded TargetPlatform 'Android_DXT'
[2019.05.21-20.03.01:276][  0]LogTemp: Display: Module 'AndroidTargetPlatform' loaded TargetPlatform 'Android_ETC1'
[2019.05.21-20.03.01:276][  0]LogTemp: Display: Module 'AndroidTargetPlatform' loaded TargetPlatform 'Android_ETC1a'
[2019.05.21-20.03.01:276][  0]LogTemp: Display: Module 'AndroidTargetPlatform' loaded TargetPlatform 'Android_ETC2'
[2019.05.21-20.03.01:276][  0]LogTemp: Display: Module 'AndroidTargetPlatform' loaded TargetPlatform 'Android_PVRTC'
[2019.05.21-20.03.01:276][  0]LogTemp: Display: Module 'AndroidTargetPlatform' loaded TargetPlatform 'AndroidClient'
[2019.05.21-20.03.01:276][  0]LogTemp: Display: Module 'AndroidTargetPlatform' loaded TargetPlatform 'Android_ASTCClient'
[2019.05.21-20.03.01:276][  0]LogTemp: Display: Module 'AndroidTargetPlatform' loaded TargetPlatform 'Android_ATCClient'
[2019.05.21-20.03.01:276][  0]LogTemp: Display: Module 'AndroidTargetPlatform' loaded TargetPlatform 'Android_DXTClient'
[2019.05.21-20.03.01:276][  0]LogTemp: Display: Module 'AndroidTargetPlatform' loaded TargetPlatform 'Android_ETC1Client'
[2019.05.21-20.03.01:276][  0]LogTemp: Display: Module 'AndroidTargetPlatform' loaded TargetPlatform 'Android_ETC1aClient'
[2019.05.21-20.03.01:276][  0]LogTemp: Display: Module 'AndroidTargetPlatform' loaded TargetPlatform 'Android_ETC2Client'
[2019.05.21-20.03.01:276][  0]LogTemp: Display: Module 'AndroidTargetPlatform' loaded TargetPlatform 'Android_PVRTCClient'
[2019.05.21-20.03.01:276][  0]LogTemp: Display: Module 'AndroidTargetPlatform' loaded TargetPlatform 'Android_Multi'
[2019.05.21-20.03.01:276][  0]LogTemp: Display: Module 'AndroidTargetPlatform' loaded TargetPlatform 'Android_MultiClient'
[2019.05.21-20.03.01:277][  0]LogTemp: Display: Module 'HTML5TargetPlatform' loaded TargetPlatform 'HTML5'
[2019.05.21-20.03.01:329][  0]LogTemp: Display: Module 'IOSTargetPlatform' loaded TargetPlatform 'IOSClient'
[2019.05.21-20.03.01:329][  0]LogTemp: Display: Module 'IOSTargetPlatform' loaded TargetPlatform 'IOS'
[2019.05.21-20.03.01:349][  0]LogTemp: Display: Module 'TVOSTargetPlatform' loaded TargetPlatform 'TVOSClient'
[2019.05.21-20.03.01:349][  0]LogTemp: Display: Module 'TVOSTargetPlatform' loaded TargetPlatform 'TVOS'
[2019.05.21-20.03.01:360][  0]LogTemp: Display: Module 'LinuxClientTargetPlatform' loaded TargetPlatform 'LinuxClient'
[2019.05.21-20.03.01:371][  0]LogTemp: Display: Module 'LinuxNoEditorTargetPlatform' loaded TargetPlatform 'LinuxNoEditor'
[2019.05.21-20.03.01:381][  0]LogTemp: Display: Module 'LinuxServerTargetPlatform' loaded TargetPlatform 'LinuxServer'
[2019.05.21-20.03.01:399][  0]LogTemp: Display: Module 'LinuxTargetPlatform' loaded TargetPlatform 'Linux'
[2019.05.21-20.03.01:440][  0]LogTemp: Display: Module 'LuminTargetPlatform' loaded TargetPlatform 'Lumin'
[2019.05.21-20.03.01:440][  0]LogTemp: Display: Module 'LuminTargetPlatform' loaded TargetPlatform 'LuminClient'
[2019.05.21-20.03.01:440][  0]LogTargetPlatformManager: Display: Building Assets For Windows
[2019.05.21-20.03.01:474][  0]LogAudioDebug: Display: Lib vorbis DLL was dynamically loaded.
[2019.05.21-20.03.01:549][  0]LogShaderCompilers: Guid format shader working directory is -17 characters bigger than the processId version (../../../../../Users/Nicholas/Documents/Unreal Projects/MyProject2/Intermediate/Shaders/WorkingDirectory/2892/).
[2019.05.21-20.03.01:550][  0]LogShaderCompilers: Cleaned the shader compiler working directory 'C:/Users/Nicholas/AppData/Local/Temp/UnrealShaderWorkingDir/30F470F6499288EB4DDEF7BCC59260B2/'.
[2019.05.21-20.03.01:552][  0]LogXGEController: Cleaning working directory: C:/Users/Nicholas/AppData/Local/Temp/UnrealXGEWorkingDir/
[2019.05.21-20.03.01:552][  0]LogXGEController: Cannot use XGE Controller as Incredibuild is not installed on this machine.
[2019.05.21-20.03.01:552][  0]LogShaderCompilers: Cannot use XGE Shader Compiler as Incredibuild is not installed on this machine.
[2019.05.21-20.03.01:552][  0]LogShaderCompilers: Display: Using Local Shader Compiler.
[2019.05.21-20.03.03:208][  0]LogDerivedDataCache: Display: Max Cache Size: 512 MB
[2019.05.21-20.03.03:582][  0]LogDerivedDataCache: Loaded boot cache 0.37s 71MB C:/Users/Nicholas/AppData/Local/UnrealEngine/4.22/DerivedDataCache/Boot.ddc.
[2019.05.21-20.03.03:582][  0]LogDerivedDataCache: Display: Loaded Boot cache: C:/Users/Nicholas/AppData/Local/UnrealEngine/4.22/DerivedDataCache/Boot.ddc
[2019.05.21-20.03.03:582][  0]LogDerivedDataCache: FDerivedDataBackendGraph:  Pak pak cache file ../../../../../Users/Nicholas/Documents/Unreal Projects/MyProject2/DerivedDataCache/DDC.ddp not found, will not use a pak cache.
[2019.05.21-20.03.03:582][  0]LogDerivedDataCache: Unable to find inner node Pak for hierarchical cache Hierarchy.
[2019.05.21-20.03.03:582][  0]LogDerivedDataCache: FDerivedDataBackendGraph:  CompressedPak pak cache file ../../../../../Users/Nicholas/Documents/Unreal Projects/MyProject2/DerivedDataCache/Compressed.ddp not found, will not use a pak cache.
[2019.05.21-20.03.03:582][  0]LogDerivedDataCache: Unable to find inner node CompressedPak for hierarchical cache Hierarchy.
[2019.05.21-20.03.03:593][  0]LogDerivedDataCache: Display: Pak cache opened for reading ../../../Engine/DerivedDataCache/Compressed.ddp.
[2019.05.21-20.03.03:593][  0]LogDerivedDataCache: FDerivedDataBackendGraph:  EnterprisePak pak cache file ../../../Enterprise/DerivedDataCache/Compressed.ddp not found, will not use a pak cache.
[2019.05.21-20.03.03:594][  0]LogDerivedDataCache: Unable to find inner node EnterprisePak for hierarchical cache Hierarchy.
[2019.05.21-20.03.03:606][  0]LogDerivedDataCache: Using Local data cache path C:/Users/Nicholas/AppData/Local/UnrealEngine/Common/DerivedDataCache: Writable
[2019.05.21-20.03.03:606][  0]LogDerivedDataCache: Shared data cache path not found in *engine.ini, will not use an Shared cache.
[2019.05.21-20.03.03:606][  0]LogDerivedDataCache: Unable to find inner node Shared for hierarchical cache Hierarchy.
[2019.05.21-20.03.03:624][  0]LogMaterial: Verifying Global Shaders for PCD3D_SM5
[2019.05.21-20.03.03:625][  0]LogSlate: Using FreeType 2.6.0
[2019.05.21-20.03.03:641][  0]LogSlate: SlateFontServices - WITH_FREETYPE: 1, WITH_HARFBUZZ: 1
[2019.05.21-20.03.03:965][  0]LogAssetRegistry: FAssetRegistry took 0.0321 seconds to start up
[2019.05.21-20.03.04:259][  0]LogInit: Selected Device Profile: [Windows]
[2019.05.21-20.03.04:463][  0]LogMeshReduction: Using QuadricMeshReduction for automatic static mesh reduction
[2019.05.21-20.03.04:463][  0]LogMeshReduction: Using SimplygonMeshReduction for automatic skeletal mesh reduction
[2019.05.21-20.03.04:463][  0]LogMeshReduction: Using ProxyLODMeshReduction for automatic mesh merging
[2019.05.21-20.03.04:463][  0]LogMeshReduction: No distributed automatic mesh merging module available
[2019.05.21-20.03.04:463][  0]LogMeshMerging: No distributed automatic mesh merging module available
[2019.05.21-20.03.04:500][  0]LogNetVersion: MyProject2 1.0.0, NetCL: 5660361, EngineNetVer: 10, GameNetVer: 0 (Checksum: 4139302413)
[2019.05.21-20.03.05:401][  0]LogPackageLocalizationCache: Processed 10 localized package path(s) for 1 prioritized culture(s) in 0.046097 seconds
[2019.05.21-20.03.05:407][  0]LogUObjectArray: 42205 objects as part of root set at end of initial load.
[2019.05.21-20.03.05:407][  0]LogUObjectAllocator: 7325032 out of 0 bytes used by permanent object pool.
[2019.05.21-20.03.05:407][  0]LogUObjectArray: CloseDisregardForGC: 0/0 objects in disregard for GC pool
[2019.05.21-20.03.08:468][  0]LogTcpMessaging: Initializing TcpMessaging bridge
[2019.05.21-20.03.08:480][  0]LogUdpMessaging: Initializing bridge on interface 0.0.0.0:0 to multicast group 230.0.0.1:6666.
[2019.05.21-20.03.08:598][  0]SourceControl: Source control is disabled
[2019.05.21-20.03.08:599][  0]SourceControl: Source control is disabled
[2019.05.21-20.03.08:600][  0]SourceControl: Source control is disabled
[2019.05.21-20.03.08:601][  0]SourceControl: Source control is disabled
[2019.05.21-20.03.08:710][  0]LogAndroidPermission: UAndroidPermissionCallbackProxy::GetInstance
[2019.05.21-20.03.08:821][  0]LogOcInput: OculusInput pre-init called
[2019.05.21-20.03.09:482][  0]LogEngine: Initializing Engine...
[2019.05.21-20.03.09:482][  0]LogHMD: Failed to initialize OpenVR with code 110
[2019.05.21-20.03.09:483][  0]LogStats: UGameplayTagsManager::InitializeManager -  0.000 s
[2019.05.21-20.03.09:819][  0]LogInit: Initializing FReadOnlyCVARCache
[2019.05.21-20.03.09:847][  0]LogAIModule: Creating AISystem for world Untitled
[2019.05.21-20.03.09:879][  0]LogInit: XAudio2 using 'Headset Earphone (SteelSeries Arctis 5 Chat)' : 2 channels at 48 kHz using 16 bits per sample (channel mask 0x3)
[2019.05.21-20.03.09:894][  0]LogInit: FAudioDevice initialized.
[2019.05.21-20.03.09:894][  0]LogNetVersion: Set ProjectVersion to 1.0.0.0. Version Checksum will be recalculated on next use.
[2019.05.21-20.03.10:022][  0]LogDerivedDataCache: Saved boot cache 0.13s 71MB C:/Users/Nicholas/AppData/Local/UnrealEngine/4.22/DerivedDataCache/Boot.ddc.
[2019.05.21-20.03.10:033][  0]LogInit: Texture streaming: Enabled
[2019.05.21-20.03.10:055][  0]LogEngineSessionManager: EngineSessionManager initialized
[2019.05.21-20.03.10:075][  0]LogInit: Transaction tracking system initialized
[2019.05.21-20.03.10:099][  0]BlueprintLog: New page: Editor Load
[2019.05.21-20.03.10:193][  0]LocalizationService: Localization service is disabled
[2019.05.21-20.03.10:666][  0]LogFileCache: Scanning file cache for directory 'C:/Users/Nicholas/Documents/Unreal Projects/MyProject2/Content/' took 0.02s
[2019.05.21-20.03.10:666][  0]LogCook: Display: Max memory allowance for cook 16384mb min free memory 0mb
[2019.05.21-20.03.10:666][  0]LogCook: Display: Mobile HDR setting 1
[2019.05.21-20.03.10:973][  0]SourceControl: Source control is disabled
[2019.05.21-20.03.10:973][  0]Cmd: MAP LOAD FILE="../../../../../Users/Nicholas/Documents/Unreal Projects/MyProject2/Content/SideScrollerBP/Maps/SideScrollerExampleMap.umap" TEMPLATE=0 SHOWPROGRESS=1 FEATURELEVEL=3
[2019.05.21-20.03.10:980][  0]LightingResults: New page: Lighting Build
[2019.05.21-20.03.10:984][  0]MapCheck: New page: Map Check
[2019.05.21-20.03.10:984][  0]LightingResults: New page: Lighting Build
[2019.05.21-20.03.11:005][  0]LogUObjectHash: Compacting FUObjectHashTables data took   1.28ms
[2019.05.21-20.03.11:475][  0]LogAIModule: Creating AISystem for world SideScrollerExampleMap
[2019.05.21-20.03.11:491][  0]LogEditorServer: Finished looking for orphan Actors (0.000 secs)
[2019.05.21-20.03.11:511][  0]LogUObjectHash: Compacting FUObjectHashTables data took   1.54ms
[2019.05.21-20.03.11:511][  0]Cmd: MAP CHECKDEP NOCLEARLOG
[2019.05.21-20.03.11:511][  0]MapCheck: Map check complete: 0 Error(s), 0 Warning(s), took 0.122ms to complete.
[2019.05.21-20.03.11:511][  0]LogFileHelpers: Loading map 'SideScrollerExampleMap' took 0.539
[2019.05.21-20.03.11:610][  0]LogSlate: Updating window title bar state: overlay mode, drag disabled, window buttons hidden, title bar hidden
[2019.05.21-20.03.11:616][  0]LogSlate: Updating window title bar state: overlay mode, drag disabled, window buttons hidden, title bar hidden
[2019.05.21-20.03.11:622][  0]LogSlate: Updating window title bar state: overlay mode, drag disabled, window buttons hidden, title bar hidden
[2019.05.21-20.03.11:628][  0]LogSlate: Updating window title bar state: overlay mode, drag disabled, window buttons hidden, title bar hidden
[2019.05.21-20.03.11:638][  0]LogCollectionManager: Loaded 0 collections in 0.001900 seconds
[2019.05.21-20.03.11:655][  0]LogFileCache: Scanning file cache for directory 'C:/Users/Nicholas/Documents/Unreal Projects/MyProject2/Saved/Collections/' took 0.01s
[2019.05.21-20.03.11:655][  0]LogFileCache: Scanning file cache for directory 'C:/Users/Nicholas/Documents/Unreal Projects/MyProject2/Content/Developers/Nicholas/Collections/' took 0.00s
[2019.05.21-20.03.11:655][  0]LogFileCache: Scanning file cache for directory 'C:/Users/Nicholas/Documents/Unreal Projects/MyProject2/Content/Collections/' took 0.00s
[2019.05.21-20.03.11:655][  0]LogCollectionManager: Rebuilt the GUID cache for 0 collections in 0.000000 seconds
[2019.05.21-20.03.11:662][  0]LogContentBrowser: Native class hierarchy populated in 0.0073 seconds. Added 2732 classes and 659 folders.
[2019.05.21-20.03.11:669][  0]LogContentBrowser: Native class hierarchy updated for 'WidgetCarousel' in 0.0002 seconds. Added 0 classes and 0 folders.
[2019.05.21-20.03.11:678][  0]LogPakFile: Registered encryption key '00000000000000000000000000000000': 0 pak files mounted, 0 remain pending
[2019.05.21-20.03.11:684][  0]LogPakFile: Registered encryption key '00000000000000000000000000000000': 0 pak files mounted, 0 remain pending
[2019.05.21-20.03.11:698][  0]LogPakFile: Registered encryption key '00000000000000000000000000000000': 0 pak files mounted, 0 remain pending
[2019.05.21-20.03.11:704][  0]LogPakFile: Registered encryption key '00000000000000000000000000000000': 0 pak files mounted, 0 remain pending
[2019.05.21-20.03.11:709][  0]LogPakFile: Registered encryption key '00000000000000000000000000000000': 0 pak files mounted, 0 remain pending
[2019.05.21-20.03.11:713][  0]LogPakFile: Registered encryption key '00000000000000000000000000000000': 0 pak files mounted, 0 remain pending
[2019.05.21-20.03.11:718][  0]LogPakFile: Registered encryption key '00000000000000000000000000000000': 0 pak files mounted, 0 remain pending
[2019.05.21-20.03.11:723][  0]LogPakFile: Registered encryption key '00000000000000000000000000000000': 0 pak files mounted, 0 remain pending
[2019.05.21-20.03.11:731][  0]LogPakFile: Registered encryption key '00000000000000000000000000000000': 0 pak files mounted, 0 remain pending
[2019.05.21-20.03.11:736][  0]LogPakFile: Registered encryption key '00000000000000000000000000000000': 0 pak files mounted, 0 remain pending
[2019.05.21-20.03.11:742][  0]LogPakFile: Registered encryption key '00000000000000000000000000000000': 0 pak files mounted, 0 remain pending
[2019.05.21-20.03.11:747][  0]LogPakFile: Registered encryption key '00000000000000000000000000000000': 0 pak files mounted, 0 remain pending
[2019.05.21-20.03.11:751][  0]LogPakFile: Registered encryption key '00000000000000000000000000000000': 0 pak files mounted, 0 remain pending
[2019.05.21-20.03.11:756][  0]LogPakFile: Registered encryption key '00000000000000000000000000000000': 0 pak files mounted, 0 remain pending
[2019.05.21-20.03.11:762][  0]LogPakFile: Registered encryption key '00000000000000000000000000000000': 0 pak files mounted, 0 remain pending
[2019.05.21-20.03.11:767][  0]LogPakFile: Registered encryption key '00000000000000000000000000000000': 0 pak files mounted, 0 remain pending
[2019.05.21-20.03.11:789][  0]LogPakFile: Registered encryption key '00000000000000000000000000000000': 0 pak files mounted, 0 remain pending
[2019.05.21-20.03.11:798][  0]LogPakFile: Registered encryption key '00000000000000000000000000000000': 0 pak files mounted, 0 remain pending
[2019.05.21-20.03.11:803][  0]LogPakFile: Registered encryption key '00000000000000000000000000000000': 0 pak files mounted, 0 remain pending
[2019.05.21-20.03.11:808][  0]LogPakFile: Registered encryption key '00000000000000000000000000000000': 0 pak files mounted, 0 remain pending
[2019.05.21-20.03.11:813][  0]LogPakFile: Registered encryption key '00000000000000000000000000000000': 0 pak files mounted, 0 remain pending
[2019.05.21-20.03.11:817][  0]LogPakFile: Registered encryption key '00000000000000000000000000000000': 0 pak files mounted, 0 remain pending
[2019.05.21-20.03.11:822][  0]LogPakFile: Registered encryption key '00000000000000000000000000000000': 0 pak files mounted, 0 remain pending
[2019.05.21-20.03.11:828][  0]LogPakFile: Registered encryption key '00000000000000000000000000000000': 0 pak files mounted, 0 remain pending
[2019.05.21-20.03.11:832][  0]LogPakFile: Registered encryption key '00000000000000000000000000000000': 0 pak files mounted, 0 remain pending
[2019.05.21-20.03.11:837][  0]LogPakFile: Registered encryption key '00000000000000000000000000000000': 0 pak files mounted, 0 remain pending
[2019.05.21-20.03.11:969][  0]LogContentBrowser: Native class hierarchy updated for 'AddContentDialog' in 0.0002 seconds. Added 0 classes and 0 folders.
[2019.05.21-20.03.11:974][  0]LogContentBrowser: Native class hierarchy updated for 'SceneOutliner' in 0.0002 seconds. Added 1 classes and 2 folders.
[2019.05.21-20.03.12:040][  0]LogSlate: Took 0.004790 seconds to synchronously load lazily loaded font '../../../Engine/Content/Slate/Fonts/Roboto-Regular.ttf' (155K)
[2019.05.21-20.03.12:046][  0]LogSlate: Took 0.004536 seconds to synchronously load lazily loaded font '../../../Engine/Content/Slate/Fonts/Roboto-Bold.ttf' (160K)
[2019.05.21-20.03.12:053][  0]LogSlate: Took 0.004080 seconds to synchronously load lazily loaded font '../../../Engine/Content/Editor/Slate/Fonts/FontAwesome.ttf' (139K)
[2019.05.21-20.03.12:149][  0]LogRenderer: Reallocating scene render targets to support 1288x600 Format 10 NumSamples 1 (Frame:1).
[2019.05.21-20.03.12:323][  0]LogContentBrowser: Native class hierarchy updated for 'HierarchicalLODOutliner' in 0.0002 seconds. Added 0 classes and 0 folders.
[2019.05.21-20.03.12:323][  0]LogLoad: (Engine Initialization) Total time: 18.72 seconds
[2019.05.21-20.03.12:323][  0]LogLoad: (Engine Initialization) Total Blueprint compile time: 0.00 seconds
[2019.05.21-20.03.12:367][  0]LogAssetRegistry: Asset discovery search completed in 8.4245 seconds
[2019.05.21-20.03.12:369][  0]LogCollectionManager: Rebuilt the object cache for 0 collections in 0.000000 seconds (found 0 objects)
[2019.05.21-20.03.12:369][  0]LogCollectionManager: Fixed up redirectors for 0 collections in 0.000042 seconds (updated 0 objects)
[2019.05.21-20.03.12:370][  0]LogContentStreaming: Texture pool size now 1000 MB
[2019.05.21-20.03.18:784][382]LogSlate: FSceneViewport::OnFocusLost() reason 0
[2019.05.21-20.03.18:859][391]LogTemp: Repeating last play command: Selected Viewport
[2019.05.21-20.03.18:869][391]LogBlueprintUserMessages: Early PlayInEditor Detection: Level '/Game/SideScrollerBP/Maps/SideScrollerExampleMap.SideScrollerExampleMap:PersistentLevel' has LevelScriptBlueprint '/Game/SideScrollerBP/Maps/SideScrollerExampleMap.SideScrollerExampleMap:PersistentLevel.SideScrollerExampleMap' with GeneratedClass '/Game/SideScrollerBP/Maps/SideScrollerExampleMap.SideScrollerExampleMap_C' with ClassGeneratedBy '/Game/SideScrollerBP/Maps/SideScrollerExampleMap.SideScrollerExampleMap:PersistentLevel.SideScrollerExampleMap'
[2019.05.21-20.03.18:869][391]LogPlayLevel: PlayLevel: No blueprints needed recompiling
[2019.05.21-20.03.18:870][391]PIE: New page: PIE session: SideScrollerExampleMap (May 21, 2019, 12:03:18 PM)
[2019.05.21-20.03.18:883][391]LogPlayLevel: Creating play world package: /Game/SideScrollerBP/Maps/UEDPIE_0_SideScrollerExampleMap
[2019.05.21-20.03.18:896][391]LogPlayLevel: PIE: StaticDuplicateObject took: (0.013248s)
[2019.05.21-20.03.18:897][391]LogAIModule: Creating AISystem for world SideScrollerExampleMap
[2019.05.21-20.03.18:897][391]LogPlayLevel: PIE: World Init took: (0.000713s)
[2019.05.21-20.03.18:897][391]LogPlayLevel: PIE: Created PIE world by copying editor world from /Game/SideScrollerBP/Maps/SideScrollerExampleMap.SideScrollerExampleMap to /Game/SideScrollerBP/Maps/UEDPIE_0_SideScrollerExampleMap.SideScrollerExampleMap (0.014247s)
[2019.05.21-20.03.18:915][391]LogUObjectHash: Compacting FUObjectHashTables data took   0.85ms
[2019.05.21-20.03.18:940][391]LogInit: XAudio2 using 'Headset Earphone (SteelSeries Arctis 5 Chat)' : 2 channels at 48 kHz using 16 bits per sample (channel mask 0x3)
[2019.05.21-20.03.18:949][391]LogInit: FAudioDevice initialized.
[2019.05.21-20.03.19:185][391]LogBlueprint: Warning: [Compiler Ue4ASP_Character] InputAction Event references unknown Action 'Crouch' for  InputAction Crouch
[2019.05.21-20.03.19:185][391]LogBlueprint: Warning: [Compiler Ue4ASP_Character] Input Axis Event references unknown Axis 'MoveForward' for  InputAxis MoveForward
[2019.05.21-20.03.19:185][391]LogBlueprint: Warning: [Compiler Ue4ASP_Character] Input Axis Event references unknown Axis 'LookUp' for  InputAxis LookUp
[2019.05.21-20.03.19:185][391]LogBlueprint: Warning: [Compiler Ue4ASP_Character] Input Axis Event references unknown Axis 'Turn' for  InputAxis Turn
[2019.05.21-20.03.19:194][391]LogBlueprint: Warning: [Compiler Ue4ASP_Character] [0025.59] Compile of Ue4ASP_Character successful, but with 4 Warning(s) [in 31 ms] (/Game/AnimStarterPack/Ue4ASP_Character.Ue4ASP_Character)
[2019.05.21-20.03.19:556][391]LogLoad: Game class is 'SideScrollerGameMode_C'
[2019.05.21-20.03.19:559][391]LogWorld: Bringing World /Game/SideScrollerBP/Maps/UEDPIE_0_SideScrollerExampleMap.SideScrollerExampleMap up for play (max tick rate 0) at 2019.05.21-16.03.19
[2019.05.21-20.03.19:560][391]LogWorld: Bringing up level for play took: 0.001740
[2019.05.21-20.03.19:578][391]LogContentBrowser: Native class hierarchy updated for 'MovieSceneCapture' in 0.0003 seconds. Added 20 classes and 0 folders.
[2019.05.21-20.03.19:582][391]PIE: Play in editor start time for /Game/SideScrollerBP/Maps/UEDPIE_0_SideScrollerExampleMap 0.729
[2019.05.21-20.03.19:582][391]LogBlueprintUserMessages: Late PlayInEditor Detection: Level '/Game/SideScrollerBP/Maps/SideScrollerExampleMap.SideScrollerExampleMap:PersistentLevel' has LevelScriptBlueprint '/Game/SideScrollerBP/Maps/SideScrollerExampleMap.SideScrollerExampleMap:PersistentLevel.SideScrollerExampleMap' with GeneratedClass '/Game/SideScrollerBP/Maps/SideScrollerExampleMap.SideScrollerExampleMap_C' with ClassGeneratedBy '/Game/SideScrollerBP/Maps/SideScrollerExampleMap.SideScrollerExampleMap:PersistentLevel.SideScrollerExampleMap'
[2019.05.21-20.03.50:579][ 94]LogBlueprintUserMessages: Early EndPlayMap Detection: Level '/Game/SideScrollerBP/Maps/SideScrollerExampleMap.SideScrollerExampleMap:PersistentLevel' has LevelScriptBlueprint '/Game/SideScrollerBP/Maps/SideScrollerExampleMap.SideScrollerExampleMap:PersistentLevel.SideScrollerExampleMap' with GeneratedClass '/Game/SideScrollerBP/Maps/SideScrollerExampleMap.SideScrollerExampleMap_C' with ClassGeneratedBy '/Game/SideScrollerBP/Maps/SideScrollerExampleMap.SideScrollerExampleMap:PersistentLevel.SideScrollerExampleMap'
[2019.05.21-20.03.50:580][ 94]LogSlate: Updating window title bar state: overlay mode, drag disabled, window buttons hidden, title bar hidden
[2019.05.21-20.03.50:606][ 94]LogPlayLevel: Display: Shutting down PIE online subsystems
[2019.05.21-20.03.50:606][ 94]LogBlueprintUserMessages: Late EndPlayMap Detection: Level '/Game/SideScrollerBP/Maps/SideScrollerExampleMap.SideScrollerExampleMap:PersistentLevel' has LevelScriptBlueprint '/Game/SideScrollerBP/Maps/SideScrollerExampleMap.SideScrollerExampleMap:PersistentLevel.SideScrollerExampleMap' with GeneratedClass '/Game/SideScrollerBP/Maps/SideScrollerExampleMap.SideScrollerExampleMap_C' with ClassGeneratedBy '/Game/SideScrollerBP/Maps/SideScrollerExampleMap.SideScrollerExampleMap:PersistentLevel.SideScrollerExampleMap'
[2019.05.21-20.03.50:630][ 94]LogSlate: Updating window title bar state: overlay mode, drag disabled, window buttons hidden, title bar hidden
[2019.05.21-20.03.50:635][ 94]LogUObjectHash: Compacting FUObjectHashTables data took   1.75ms
[2019.05.21-20.03.50:679][ 98]LogPlayLevel: Display: Destroying online subsystem :Context_1
[2019.05.21-20.03.52:511][313]LogSlate: FSceneViewport::OnFocusLost() reason 0
[2019.05.21-20.03.52:918][360]LogSlate: Took 0.004270 seconds to synchronously load lazily loaded font '../../../Engine/Content/Slate/Fonts/Roboto-Light.ttf' (167K)
[2019.05.21-20.03.52:925][360]LogAssetEditorManager: Opening Asset editor for AnimSequence /Game/AnimStarterPack/Death_2.Death_2
[2019.05.21-20.03.52:932][360]LogContentBrowser: Native class hierarchy updated for 'SkeletonEditor' in 0.0002 seconds. Added 1 classes and 2 folders.
[2019.05.21-20.03.53:127][360]LogActorComponent: RegisterComponentWithWorld: (/Engine/Transient.World_3:PersistentLevel.AnimationEditorPreviewActor_0.DebugSkelMeshComponent_0) Already registered. Aborting.
[2019.05.21-20.03.53:130][360]LogContentBrowser: Native class hierarchy updated for 'PinnedCommandList' in 0.0002 seconds. Added 1 classes and 0 folders.
[2019.05.21-20.03.53:162][360]LogSkeletalMesh: USkeletalMeshComponent::InitArticulated : Bodies already created (/Engine/Transient.World_3:PersistentLevel.AnimationEditorPreviewActor_0.DebugSkelMeshComponent_0) - call TermArticulated first.
[2019.05.21-20.03.53:465][360]LogContentBrowser: Verbose: The majority of assets in the view are of type: AnimSequence
[2019.05.21-20.03.55:511][540]LogAssetEditorManager: Opening Asset editor for AnimSequence /Game/AnimStarterPack/Death_1.Death_1
[2019.05.21-20.03.57:329][696]LogAssetEditorManager: Opening Asset editor for AnimSequence /Game/AnimStarterPack/Death_3.Death_3
[2019.05.21-20.03.59:330][872]LogAssetEditorManager: Opening Asset editor for AnimSequence /Game/AnimStarterPack/Death_Ironsights_1.Death_Ironsights_1
[2019.05.21-20.04.02:982][197]LogAssetEditorManager: Opening Asset editor for AnimSequence /Game/AnimStarterPack/Death_Ironsights_2.Death_Ironsights_2
[2019.05.21-20.04.04:412][315]LogAssetEditorManager: Opening Asset editor for AnimSequence /Game/AnimStarterPack/Equip_Pistol_Standing.Equip_Pistol_Standing
[2019.05.21-20.04.07:329][575]LogAssetEditorManager: Opening Asset editor for AnimSequence /Game/AnimStarterPack/Equip_Rifle_Standing.Equip_Rifle_Standing
[2019.05.21-20.04.08:561][676]LogAssetEditorManager: Opening Asset editor for AnimSequence /Game/AnimStarterPack/Fire_Rifle_Hip.Fire_Rifle_Hip
[2019.05.21-20.04.09:957][788]LogAssetEditorManager: Opening Asset editor for AnimSequence /Game/AnimStarterPack/Fire_Rifle_Ironsights.Fire_Rifle_Ironsights
[2019.05.21-20.04.10:726][844]LogAssetEditorManager: Opening Asset editor for AnimSequence /Game/AnimStarterPack/Fire_Shotgun_Hip.Fire_Shotgun_Hip
[2019.05.21-20.04.11:574][906]LogAssetEditorManager: Opening Asset editor for AnimSequence /Game/AnimStarterPack/Fire_Shotgun_Ironsights.Fire_Shotgun_Ironsights
[2019.05.21-20.04.12:561][981]LogAssetEditorManager: Opening Asset editor for AnimSequence /Game/AnimStarterPack/Hit_React_1.Hit_React_1
[2019.05.21-20.04.13:700][ 71]LogAssetEditorManager: Opening Asset editor for AnimSequence /Game/AnimStarterPack/Hit_React_2.Hit_React_2
[2019.05.21-20.04.15:073][182]LogAssetEditorManager: Opening Asset editor for AnimSequence /Game/AnimStarterPack/Hit_React_3.Hit_React_3
[2019.05.21-20.04.15:942][246]LogAssetEditorManager: Opening Asset editor for AnimSequence /Game/AnimStarterPack/Hit_React_4.Hit_React_4
[2019.05.21-20.04.21:218][707]LogAssetEditorManager: Opening Asset editor for AnimSequence /Game/AnimStarterPack/Aim_Space_Hip.Aim_Space_Hip
[2019.05.21-20.04.25:287][ 67]LogAssetEditorManager: Opening Asset editor for AnimSequence /Game/AnimStarterPack/Aim_Space_Ironsights.Aim_Space_Ironsights
[2019.05.21-20.04.32:089][677]LogAssetEditorManager: Opening Asset editor for BlendSpace /Game/AnimStarterPack/BS_CrouchWalk.BS_CrouchWalk
[2019.05.21-20.04.33:364][784]LogAssetEditorManager: Opening Asset editor for BlendSpace /Game/AnimStarterPack/BS_Jog.BS_Jog
[2019.05.21-20.04.34:575][886]LogAssetEditorManager: Opening Asset editor for AnimSequence /Game/AnimStarterPack/Crouch_Idle_Rifle_Hip.Crouch_Idle_Rifle_Hip
[2019.05.21-20.04.45:881][796]LogEditorViewport: Clicking on Actor (LMB): BP_Sky_Sphere_C (SkySphereBlueprint)
[2019.05.21-20.04.46:737][893]LogSlate: FSceneViewport::OnFocusLost() reason 0
[2019.05.21-20.04.46:813][902]LogTemp: Repeating last play command: Selected Viewport
[2019.05.21-20.04.46:824][902]LogBlueprintUserMessages: Early PlayInEditor Detection: Level '/Game/SideScrollerBP/Maps/SideScrollerExampleMap.SideScrollerExampleMap:PersistentLevel' has LevelScriptBlueprint '/Game/SideScrollerBP/Maps/SideScrollerExampleMap.SideScrollerExampleMap:PersistentLevel.SideScrollerExampleMap' with GeneratedClass '/Game/SideScrollerBP/Maps/SideScrollerExampleMap.SideScrollerExampleMap_C' with ClassGeneratedBy '/Game/SideScrollerBP/Maps/SideScrollerExampleMap.SideScrollerExampleMap:PersistentLevel.SideScrollerExampleMap'
[2019.05.21-20.04.46:824][902]LogPlayLevel: PlayLevel: No blueprints needed recompiling
[2019.05.21-20.04.46:824][902]PIE: New page: PIE session: SideScrollerExampleMap (May 21, 2019, 12:04:46 PM)
[2019.05.21-20.04.46:824][902]LogPlayLevel: Creating play world package: /Game/SideScrollerBP/Maps/UEDPIE_0_SideScrollerExampleMap
[2019.05.21-20.04.46:835][902]LogPlayLevel: PIE: StaticDuplicateObject took: (0.010493s)
[2019.05.21-20.04.46:835][902]LogAIModule: Creating AISystem for world SideScrollerExampleMap
[2019.05.21-20.04.46:835][902]LogPlayLevel: PIE: World Init took: (0.000644s)
[2019.05.21-20.04.46:836][902]LogPlayLevel: PIE: Created PIE world by copying editor world from /Game/SideScrollerBP/Maps/SideScrollerExampleMap.SideScrollerExampleMap to /Game/SideScrollerBP/Maps/UEDPIE_0_SideScrollerExampleMap.SideScrollerExampleMap (0.011288s)
[2019.05.21-20.04.46:863][902]LogUObjectHash: Compacting FUObjectHashTables data took   1.34ms
[2019.05.21-20.04.46:888][902]LogInit: XAudio2 using 'Headset Earphone (SteelSeries Arctis 5 Chat)' : 2 channels at 48 kHz using 16 bits per sample (channel mask 0x3)
[2019.05.21-20.04.46:897][902]LogInit: FAudioDevice initialized.
[2019.05.21-20.04.46:926][902]LogLoad: Game class is 'SideScrollerGameMode_C'
[2019.05.21-20.04.46:928][902]LogWorld: Bringing World /Game/SideScrollerBP/Maps/UEDPIE_0_SideScrollerExampleMap.SideScrollerExampleMap up for play (max tick rate 0) at 2019.05.21-16.04.46
[2019.05.21-20.04.46:928][902]LogWorld: Bringing up level for play took: 0.000964
[2019.05.21-20.04.46:941][902]PIE: Play in editor start time for /Game/SideScrollerBP/Maps/UEDPIE_0_SideScrollerExampleMap 0.09
[2019.05.21-20.04.46:941][902]LogBlueprintUserMessages: Late PlayInEditor Detection: Level '/Game/SideScrollerBP/Maps/SideScrollerExampleMap.SideScrollerExampleMap:PersistentLevel' has LevelScriptBlueprint '/Game/SideScrollerBP/Maps/SideScrollerExampleMap.SideScrollerExampleMap:PersistentLevel.SideScrollerExampleMap' with GeneratedClass '/Game/SideScrollerBP/Maps/SideScrollerExampleMap.SideScrollerExampleMap_C' with ClassGeneratedBy '/Game/SideScrollerBP/Maps/SideScrollerExampleMap.SideScrollerExampleMap:PersistentLevel.SideScrollerExampleMap'
[2019.05.21-20.05.01:588][656]LogBlueprintUserMessages: Early EndPlayMap Detection: Level '/Game/SideScrollerBP/Maps/SideScrollerExampleMap.SideScrollerExampleMap:PersistentLevel' has LevelScriptBlueprint '/Game/SideScrollerBP/Maps/SideScrollerExampleMap.SideScrollerExampleMap:PersistentLevel.SideScrollerExampleMap' with GeneratedClass '/Game/SideScrollerBP/Maps/SideScrollerExampleMap.SideScrollerExampleMap_C' with ClassGeneratedBy '/Game/SideScrollerBP/Maps/SideScrollerExampleMap.SideScrollerExampleMap:PersistentLevel.SideScrollerExampleMap'
[2019.05.21-20.05.01:588][656]LogSlate: Updating window title bar state: overlay mode, drag disabled, window buttons hidden, title bar hidden
[2019.05.21-20.05.01:618][656]LogPlayLevel: Display: Shutting down PIE online subsystems
[2019.05.21-20.05.01:618][656]LogBlueprintUserMessages: Late EndPlayMap Detection: Level '/Game/SideScrollerBP/Maps/SideScrollerExampleMap.SideScrollerExampleMap:PersistentLevel' has LevelScriptBlueprint '/Game/SideScrollerBP/Maps/SideScrollerExampleMap.SideScrollerExampleMap:PersistentLevel.SideScrollerExampleMap' with GeneratedClass '/Game/SideScrollerBP/Maps/SideScrollerExampleMap.SideScrollerExampleMap_C' with ClassGeneratedBy '/Game/SideScrollerBP/Maps/SideScrollerExampleMap.SideScrollerExampleMap:PersistentLevel.SideScrollerExampleMap'
[2019.05.21-20.05.01:642][656]LogSlate: Updating window title bar state: overlay mode, drag disabled, window buttons hidden, title bar hidden
[2019.05.21-20.05.01:645][656]LogUObjectHash: Compacting FUObjectHashTables data took   1.26ms
[2019.05.21-20.05.01:690][660]LogPlayLevel: Display: Destroying online subsystem :Context_28
[2019.05.21-20.05.30:365][ 78]Cmd: SELECT NONE
[2019.05.21-20.05.31:520][206]LogSlate: FSceneViewport::OnFocusLost() reason 0
[2019.05.21-20.05.31:587][214]LogTemp: Repeating last play command: Selected Viewport
[2019.05.21-20.05.31:598][214]LogBlueprintUserMessages: Early PlayInEditor Detection: Level '/Game/SideScrollerBP/Maps/SideScrollerExampleMap.SideScrollerExampleMap:PersistentLevel' has LevelScriptBlueprint '/Game/SideScrollerBP/Maps/SideScrollerExampleMap.SideScrollerExampleMap:PersistentLevel.SideScrollerExampleMap' with GeneratedClass '/Game/SideScrollerBP/Maps/SideScrollerExampleMap.SideScrollerExampleMap_C' with ClassGeneratedBy '/Game/SideScrollerBP/Maps/SideScrollerExampleMap.SideScrollerExampleMap:PersistentLevel.SideScrollerExampleMap'
[2019.05.21-20.05.31:598][214]LogPlayLevel: PlayLevel: No blueprints needed recompiling
[2019.05.21-20.05.31:598][214]PIE: New page: PIE session: SideScrollerExampleMap (May 21, 2019, 12:05:31 PM)
[2019.05.21-20.05.31:599][214]LogPlayLevel: Creating play world package: /Game/SideScrollerBP/Maps/UEDPIE_0_SideScrollerExampleMap
[2019.05.21-20.05.31:608][214]LogPlayLevel: PIE: StaticDuplicateObject took: (0.009536s)
[2019.05.21-20.05.31:609][214]LogAIModule: Creating AISystem for world SideScrollerExampleMap
[2019.05.21-20.05.31:609][214]LogPlayLevel: PIE: World Init took: (0.000740s)
[2019.05.21-20.05.31:609][214]LogPlayLevel: PIE: Created PIE world by copying editor world from /Game/SideScrollerBP/Maps/SideScrollerExampleMap.SideScrollerExampleMap to /Game/SideScrollerBP/Maps/UEDPIE_0_SideScrollerExampleMap.SideScrollerExampleMap (0.010468s)
[2019.05.21-20.05.31:627][214]LogUObjectHash: Compacting FUObjectHashTables data took   0.89ms
[2019.05.21-20.05.31:650][214]LogInit: XAudio2 using 'Headset Earphone (SteelSeries Arctis 5 Chat)' : 2 channels at 48 kHz using 16 bits per sample (channel mask 0x3)
[2019.05.21-20.05.31:659][214]LogInit: FAudioDevice initialized.
[2019.05.21-20.05.31:685][214]LogLoad: Game class is 'SideScrollerGameMode_C'
[2019.05.21-20.05.31:687][214]LogWorld: Bringing World /Game/SideScrollerBP/Maps/UEDPIE_0_SideScrollerExampleMap.SideScrollerExampleMap up for play (max tick rate 0) at 2019.05.21-16.05.31
[2019.05.21-20.05.31:687][214]LogWorld: Bringing up level for play took: 0.000984
[2019.05.21-20.05.31:700][214]PIE: Play in editor start time for /Game/SideScrollerBP/Maps/UEDPIE_0_SideScrollerExampleMap 0.848
[2019.05.21-20.05.31:700][214]LogBlueprintUserMessages: Late PlayInEditor Detection: Level '/Game/SideScrollerBP/Maps/SideScrollerExampleMap.SideScrollerExampleMap:PersistentLevel' has LevelScriptBlueprint '/Game/SideScrollerBP/Maps/SideScrollerExampleMap.SideScrollerExampleMap:PersistentLevel.SideScrollerExampleMap' with GeneratedClass '/Game/SideScrollerBP/Maps/SideScrollerExampleMap.SideScrollerExampleMap_C' with ClassGeneratedBy '/Game/SideScrollerBP/Maps/SideScrollerExampleMap.SideScrollerExampleMap:PersistentLevel.SideScrollerExampleMap'
[2019.05.21-20.06.44:820][977]LogBlueprintUserMessages: Early EndPlayMap Detection: Level '/Game/SideScrollerBP/Maps/SideScrollerExampleMap.SideScrollerExampleMap:PersistentLevel' has LevelScriptBlueprint '/Game/SideScrollerBP/Maps/SideScrollerExampleMap.SideScrollerExampleMap:PersistentLevel.SideScrollerExampleMap' with GeneratedClass '/Game/SideScrollerBP/Maps/SideScrollerExampleMap.SideScrollerExampleMap_C' with ClassGeneratedBy '/Game/SideScrollerBP/Maps/SideScrollerExampleMap.SideScrollerExampleMap:PersistentLevel.SideScrollerExampleMap'
[2019.05.21-20.06.44:821][977]LogSlate: Updating window title bar state: overlay mode, drag disabled, window buttons hidden, title bar hidden
[2019.05.21-20.06.44:850][977]LogPlayLevel: Display: Shutting down PIE online subsystems
[2019.05.21-20.06.44:850][977]LogBlueprintUserMessages: Late EndPlayMap Detection: Level '/Game/SideScrollerBP/Maps/SideScrollerExampleMap.SideScrollerExampleMap:PersistentLevel' has LevelScriptBlueprint '/Game/SideScrollerBP/Maps/SideScrollerExampleMap.SideScrollerExampleMap:PersistentLevel.SideScrollerExampleMap' with GeneratedClass '/Game/SideScrollerBP/Maps/SideScrollerExampleMap.SideScrollerExampleMap_C' with ClassGeneratedBy '/Game/SideScrollerBP/Maps/SideScrollerExampleMap.SideScrollerExampleMap:PersistentLevel.SideScrollerExampleMap'
[2019.05.21-20.06.44:874][977]LogSlate: Updating window title bar state: overlay mode, drag disabled, window buttons hidden, title bar hidden
[2019.05.21-20.06.44:877][977]LogUObjectHash: Compacting FUObjectHashTables data took   1.01ms
[2019.05.21-20.06.44:921][981]LogPlayLevel: Display: Destroying online subsystem :Context_29
[2019.05.21-23.23.27:745][571]LogSlate: FSceneViewport::OnFocusLost() reason 0
[2019.05.21-23.31.52:678][608]LogSlate: Window 'Crouch_Idle_Rifle_Hip' being destroyed
[2019.05.21-23.31.52:680][608]LogSlate: Window 'Crouch_Idle_Rifle_Hip' being destroyed
[2019.05.21-23.32.07:120][300]LogTemp: Repeating last play command: Selected Viewport
[2019.05.21-23.32.07:132][300]LogBlueprintUserMessages: Early PlayInEditor Detection: Level '/Game/SideScrollerBP/Maps/SideScrollerExampleMap.SideScrollerExampleMap:PersistentLevel' has LevelScriptBlueprint '/Game/SideScrollerBP/Maps/SideScrollerExampleMap.SideScrollerExampleMap:PersistentLevel.SideScrollerExampleMap' with GeneratedClass '/Game/SideScrollerBP/Maps/SideScrollerExampleMap.SideScrollerExampleMap_C' with ClassGeneratedBy '/Game/SideScrollerBP/Maps/SideScrollerExampleMap.SideScrollerExampleMap:PersistentLevel.SideScrollerExampleMap'
[2019.05.21-23.32.07:132][300]LogPlayLevel: PlayLevel: No blueprints needed recompiling
[2019.05.21-23.32.07:132][300]PIE: New page: PIE session: SideScrollerExampleMap (May 21, 2019, 3:32:07 PM)
[2019.05.21-23.32.07:132][300]LogPlayLevel: Creating play world package: /Game/SideScrollerBP/Maps/UEDPIE_0_SideScrollerExampleMap
[2019.05.21-23.32.07:144][300]LogPlayLevel: PIE: StaticDuplicateObject took: (0.011504s)
[2019.05.21-23.32.07:144][300]LogAIModule: Creating AISystem for world SideScrollerExampleMap
[2019.05.21-23.32.07:144][300]LogPlayLevel: PIE: World Init took: (0.000627s)
[2019.05.21-23.32.07:144][300]LogPlayLevel: PIE: Created PIE world by copying editor world from /Game/SideScrollerBP/Maps/SideScrollerExampleMap.SideScrollerExampleMap to /Game/SideScrollerBP/Maps/UEDPIE_0_SideScrollerExampleMap.SideScrollerExampleMap (0.012259s)
[2019.05.21-23.32.07:164][300]LogUObjectHash: Compacting FUObjectHashTables data took   1.35ms
[2019.05.21-23.32.07:189][300]LogInit: XAudio2 using 'Headset Earphone (SteelSeries Arctis 5 Chat)' : 2 channels at 48 kHz using 16 bits per sample (channel mask 0x3)
[2019.05.21-23.32.07:198][300]LogInit: FAudioDevice initialized.
[2019.05.21-23.32.07:228][300]LogLoad: Game class is 'SideScrollerGameMode_C'
[2019.05.21-23.32.07:229][300]LogWorld: Bringing World /Game/SideScrollerBP/Maps/UEDPIE_0_SideScrollerExampleMap.SideScrollerExampleMap up for play (max tick rate 0) at 2019.05.21-19.32.07
[2019.05.21-23.32.07:229][300]LogWorld: Bringing up level for play took: 0.001252
[2019.05.21-23.32.07:242][300]PIE: Play in editor start time for /Game/SideScrollerBP/Maps/UEDPIE_0_SideScrollerExampleMap 0.967
[2019.05.21-23.32.07:243][300]LogBlueprintUserMessages: Late PlayInEditor Detection: Level '/Game/SideScrollerBP/Maps/SideScrollerExampleMap.SideScrollerExampleMap:PersistentLevel' has LevelScriptBlueprint '/Game/SideScrollerBP/Maps/SideScrollerExampleMap.SideScrollerExampleMap:PersistentLevel.SideScrollerExampleMap' with GeneratedClass '/Game/SideScrollerBP/Maps/SideScrollerExampleMap.SideScrollerExampleMap_C' with ClassGeneratedBy '/Game/SideScrollerBP/Maps/SideScrollerExampleMap.SideScrollerExampleMap:PersistentLevel.SideScrollerExampleMap'
[2019.05.21-23.32.13:089][997]LogBlueprintUserMessages: Early EndPlayMap Detection: Level '/Game/SideScrollerBP/Maps/SideScrollerExampleMap.SideScrollerExampleMap:PersistentLevel' has LevelScriptBlueprint '/Game/SideScrollerBP/Maps/SideScrollerExampleMap.SideScrollerExampleMap:PersistentLevel.SideScrollerExampleMap' with GeneratedClass '/Game/SideScrollerBP/Maps/SideScrollerExampleMap.SideScrollerExampleMap_C' with ClassGeneratedBy '/Game/SideScrollerBP/Maps/SideScrollerExampleMap.SideScrollerExampleMap:PersistentLevel.SideScrollerExampleMap'
[2019.05.21-23.32.13:089][997]LogSlate: Updating window title bar state: overlay mode, drag disabled, window buttons hidden, title bar hidden
[2019.05.21-23.32.13:119][997]LogPlayLevel: Display: Shutting down PIE online subsystems
[2019.05.21-23.32.13:119][997]LogBlueprintUserMessages: Late EndPlayMap Detection: Level '/Game/SideScrollerBP/Maps/SideScrollerExampleMap.SideScrollerExampleMap:PersistentLevel' has LevelScriptBlueprint '/Game/SideScrollerBP/Maps/SideScrollerExampleMap.SideScrollerExampleMap:PersistentLevel.SideScrollerExampleMap' with GeneratedClass '/Game/SideScrollerBP/Maps/SideScrollerExampleMap.SideScrollerExampleMap_C' with ClassGeneratedBy '/Game/SideScrollerBP/Maps/SideScrollerExampleMap.SideScrollerExampleMap:PersistentLevel.SideScrollerExampleMap'
[2019.05.21-23.32.13:143][997]LogSlate: Updating window title bar state: overlay mode, drag disabled, window buttons hidden, title bar hidden
[2019.05.21-23.32.13:146][997]LogUObjectHash: Compacting FUObjectHashTables data took   1.27ms
[2019.05.21-23.32.13:195][  1]LogPlayLevel: Display: Destroying online subsystem :Context_30
[2019.05.21-23.32.20:874][897]LogSlate: FSceneViewport::OnFocusLost() reason 0
[2019.05.21-23.32.21:013][913]LogAssetEditorManager: Opening Asset editor for AnimBlueprint /Game/AnimStarterPack/UE4ASP_HeroTPP_AnimBlueprint.UE4ASP_HeroTPP_AnimBlueprint
[2019.05.21-23.32.21:022][913]LogActorComponent: RegisterComponentWithWorld: (/Engine/Transient.World_27:PersistentLevel.AnimationEditorPreviewActor_0.DebugSkelMeshComponent_0) Already registered. Aborting.
[2019.05.21-23.32.21:322][913]LogContentBrowser: Native class hierarchy updated for 'BlueprintGraph' in 0.0005 seconds. Added 121 classes and 0 folders.
[2019.05.21-23.32.21:959][913]LogSkeletalMesh: USkeletalMeshComponent::InitArticulated : Bodies already created (/Engine/Transient.World_27:PersistentLevel.AnimationEditorPreviewActor_0.DebugSkelMeshComponent_0) - call TermArticulated first.
[2019.05.21-23.32.22:165][913]LogSlate: Took 0.005305 seconds to synchronously load lazily loaded font '../../../Engine/Content/Slate/Fonts/Roboto-BoldCondensed.ttf' (158K)
[2019.05.21-23.32.22:294][914]LogSlate: Took 0.004637 seconds to synchronously load lazily loaded font '../../../Engine/Content/Slate/Fonts/Roboto-Italic.ttf' (157K)
[2019.05.21-23.32.46:109][459]LogSlate: Window 'UE4ASP_HeroTPP_AnimBlueprint' being destroyed
[2019.05.21-23.32.46:112][459]LogSlate: Window 'UE4ASP_HeroTPP_AnimBlueprint' being destroyed
[2019.05.21-23.32.54:594][439]LogAssetEditorManager: Opening Asset editor for AnimBlueprint /Game/AnimStarterPack/UE4ASP_HeroTPP_AnimBlueprint.UE4ASP_HeroTPP_AnimBlueprint
[2019.05.21-23.32.54:604][439]LogActorComponent: RegisterComponentWithWorld: (/Engine/Transient.World_30:PersistentLevel.AnimationEditorPreviewActor_0.DebugSkelMeshComponent_0) Already registered. Aborting.
[2019.05.21-23.32.54:822][439]LogSkeletalMesh: USkeletalMeshComponent::InitArticulated : Bodies already created (/Engine/Transient.World_30:PersistentLevel.AnimationEditorPreviewActor_0.DebugSkelMeshComponent_0) - call TermArticulated first.
[2019.05.21-23.33.34:794][824]LogEditorViewport: Clicking on Actor (LMB): BP_Sky_Sphere_C (SkySphereBlueprint)
[2019.05.21-23.33.36:457][ 20]Cmd: TRANSACTION UNDO
[2019.05.21-23.33.36:458][ 20]LogEditorTransaction: Undo Clicking on Actors
[2019.05.21-23.33.36:530][ 20]LogActorComponent: RegisterComponentWithWorld: (/Engine/Transient.World_30:PersistentLevel.AnimationEditorPreviewActor_0.DebugSkelMeshComponent_0) Already registered. Aborting.
[2019.05.21-23.33.37:624][148]LogSlate: FSceneViewport::OnFocusLost() reason 0
[2019.05.21-23.33.37:682][155]LogTemp: Repeating last play command: Selected Viewport
[2019.05.21-23.33.37:694][155]LogBlueprintUserMessages: Early PlayInEditor Detection: Level '/Game/SideScrollerBP/Maps/SideScrollerExampleMap.SideScrollerExampleMap:PersistentLevel' has LevelScriptBlueprint '/Game/SideScrollerBP/Maps/SideScrollerExampleMap.SideScrollerExampleMap:PersistentLevel.SideScrollerExampleMap' with GeneratedClass '/Game/SideScrollerBP/Maps/SideScrollerExampleMap.SideScrollerExampleMap_C' with ClassGeneratedBy '/Game/SideScrollerBP/Maps/SideScrollerExampleMap.SideScrollerExampleMap:PersistentLevel.SideScrollerExampleMap'
[2019.05.21-23.33.37:694][155]LogPlayLevel: PlayLevel: No blueprints needed recompiling
[2019.05.21-23.33.37:694][155]PIE: New page: PIE session: SideScrollerExampleMap (May 21, 2019, 3:33:37 PM)
[2019.05.21-23.33.37:694][155]LogPlayLevel: Creating play world package: /Game/SideScrollerBP/Maps/UEDPIE_0_SideScrollerExampleMap
[2019.05.21-23.33.37:704][155]LogPlayLevel: PIE: StaticDuplicateObject took: (0.010650s)
[2019.05.21-23.33.37:705][155]LogAIModule: Creating AISystem for world SideScrollerExampleMap
[2019.05.21-23.33.37:705][155]LogPlayLevel: PIE: World Init took: (0.000536s)
[2019.05.21-23.33.37:705][155]LogPlayLevel: PIE: Created PIE world by copying editor world from /Game/SideScrollerBP/Maps/SideScrollerExampleMap.SideScrollerExampleMap to /Game/SideScrollerBP/Maps/UEDPIE_0_SideScrollerExampleMap.SideScrollerExampleMap (0.011328s)
[2019.05.21-23.33.37:754][155]LogUObjectHash: Compacting FUObjectHashTables data took   2.58ms
[2019.05.21-23.33.37:778][155]LogInit: XAudio2 using 'Headset Earphone (SteelSeries Arctis 5 Chat)' : 2 channels at 48 kHz using 16 bits per sample (channel mask 0x3)
[2019.05.21-23.33.37:787][155]LogInit: FAudioDevice initialized.
[2019.05.21-23.33.37:815][155]LogLoad: Game class is 'SideScrollerGameMode_C'
[2019.05.21-23.33.37:816][155]LogWorld: Bringing World /Game/SideScrollerBP/Maps/UEDPIE_0_SideScrollerExampleMap.SideScrollerExampleMap up for play (max tick rate 0) at 2019.05.21-19.33.37
[2019.05.21-23.33.37:816][155]LogWorld: Bringing up level for play took: 0.001016
[2019.05.21-23.33.37:829][155]PIE: Play in editor start time for /Game/SideScrollerBP/Maps/UEDPIE_0_SideScrollerExampleMap -0.446
[2019.05.21-23.33.37:830][155]LogBlueprintUserMessages: Late PlayInEditor Detection: Level '/Game/SideScrollerBP/Maps/SideScrollerExampleMap.SideScrollerExampleMap:PersistentLevel' has LevelScriptBlueprint '/Game/SideScrollerBP/Maps/SideScrollerExampleMap.SideScrollerExampleMap:PersistentLevel.SideScrollerExampleMap' with GeneratedClass '/Game/SideScrollerBP/Maps/SideScrollerExampleMap.SideScrollerExampleMap_C' with ClassGeneratedBy '/Game/SideScrollerBP/Maps/SideScrollerExampleMap.SideScrollerExampleMap:PersistentLevel.SideScrollerExampleMap'
[2019.05.21-23.34.09:406][941]LogBlueprintUserMessages: Early EndPlayMap Detection: Level '/Game/SideScrollerBP/Maps/SideScrollerExampleMap.SideScrollerExampleMap:PersistentLevel' has LevelScriptBlueprint '/Game/SideScrollerBP/Maps/SideScrollerExampleMap.SideScrollerExampleMap:PersistentLevel.SideScrollerExampleMap' with GeneratedClass '/Game/SideScrollerBP/Maps/SideScrollerExampleMap.SideScrollerExampleMap_C' with ClassGeneratedBy '/Game/SideScrollerBP/Maps/SideScrollerExampleMap.SideScrollerExampleMap:PersistentLevel.SideScrollerExampleMap'
[2019.05.21-23.34.09:406][941]LogSlate: Updating window title bar state: overlay mode, drag disabled, window buttons hidden, title bar hidden
[2019.05.21-23.34.09:436][941]LogPlayLevel: Display: Shutting down PIE online subsystems
[2019.05.21-23.34.09:436][941]LogBlueprintUserMessages: Late EndPlayMap Detection: Level '/Game/SideScrollerBP/Maps/SideScrollerExampleMap.SideScrollerExampleMap:PersistentLevel' has LevelScriptBlueprint '/Game/SideScrollerBP/Maps/SideScrollerExampleMap.SideScrollerExampleMap:PersistentLevel.SideScrollerExampleMap' with GeneratedClass '/Game/SideScrollerBP/Maps/SideScrollerExampleMap.SideScrollerExampleMap_C' with ClassGeneratedBy '/Game/SideScrollerBP/Maps/SideScrollerExampleMap.SideScrollerExampleMap:PersistentLevel.SideScrollerExampleMap'
[2019.05.21-23.34.09:469][941]LogSlate: Updating window title bar state: overlay mode, drag disabled, window buttons hidden, title bar hidden
[2019.05.21-23.34.09:472][941]LogUObjectHash: Compacting FUObjectHashTables data took   1.72ms
[2019.05.21-23.34.09:509][943]LogPlayLevel: Display: Destroying online subsystem :Context_37
[2019.05.21-23.34.24:755][532]LogSlate: FSceneViewport::OnFocusLost() reason 0
[2019.05.21-23.38.29:075][667]LogSlate: FSceneViewport::OnFocusLost() reason 0
[2019.05.21-23.38.29:141][675]LogTemp: Repeating last play command: Selected Viewport
[2019.05.21-23.38.29:153][675]LogBlueprintUserMessages: Early PlayInEditor Detection: Level '/Game/SideScrollerBP/Maps/SideScrollerExampleMap.SideScrollerExampleMap:PersistentLevel' has LevelScriptBlueprint '/Game/SideScrollerBP/Maps/SideScrollerExampleMap.SideScrollerExampleMap:PersistentLevel.SideScrollerExampleMap' with GeneratedClass '/Game/SideScrollerBP/Maps/SideScrollerExampleMap.SideScrollerExampleMap_C' with ClassGeneratedBy '/Game/SideScrollerBP/Maps/SideScrollerExampleMap.SideScrollerExampleMap:PersistentLevel.SideScrollerExampleMap'
[2019.05.21-23.38.29:153][675]LogPlayLevel: PlayLevel: No blueprints needed recompiling
[2019.05.21-23.38.29:153][675]PIE: New page: PIE session: SideScrollerExampleMap (May 21, 2019, 3:38:29 PM)
[2019.05.21-23.38.29:153][675]LogPlayLevel: Creating play world package: /Game/SideScrollerBP/Maps/UEDPIE_0_SideScrollerExampleMap
[2019.05.21-23.38.29:164][675]LogPlayLevel: PIE: StaticDuplicateObject took: (0.010485s)
[2019.05.21-23.38.29:164][675]LogAIModule: Creating AISystem for world SideScrollerExampleMap
[2019.05.21-23.38.29:164][675]LogPlayLevel: PIE: World Init took: (0.000636s)
[2019.05.21-23.38.29:164][675]LogPlayLevel: PIE: Created PIE world by copying editor world from /Game/SideScrollerBP/Maps/SideScrollerExampleMap.SideScrollerExampleMap to /Game/SideScrollerBP/Maps/UEDPIE_0_SideScrollerExampleMap.SideScrollerExampleMap (0.011259s)
[2019.05.21-23.38.29:194][675]LogUObjectHash: Compacting FUObjectHashTables data took   1.74ms
[2019.05.21-23.38.29:218][675]LogInit: XAudio2 using 'Headset Earphone (SteelSeries Arctis 5 Chat)' : 2 channels at 48 kHz using 16 bits per sample (channel mask 0x3)
[2019.05.21-23.38.29:227][675]LogInit: FAudioDevice initialized.
[2019.05.21-23.38.29:254][675]LogLoad: Game class is 'SideScrollerGameMode_C'
[2019.05.21-23.38.29:255][675]LogWorld: Bringing World /Game/SideScrollerBP/Maps/UEDPIE_0_SideScrollerExampleMap.SideScrollerExampleMap up for play (max tick rate 0) at 2019.05.21-19.38.29
[2019.05.21-23.38.29:255][675]LogWorld: Bringing up level for play took: 0.001098
[2019.05.21-23.38.29:269][675]PIE: Play in editor start time for /Game/SideScrollerBP/Maps/UEDPIE_0_SideScrollerExampleMap 0.993
[2019.05.21-23.38.29:269][675]LogBlueprintUserMessages: Late PlayInEditor Detection: Level '/Game/SideScrollerBP/Maps/SideScrollerExampleMap.SideScrollerExampleMap:PersistentLevel' has LevelScriptBlueprint '/Game/SideScrollerBP/Maps/SideScrollerExampleMap.SideScrollerExampleMap:PersistentLevel.SideScrollerExampleMap' with GeneratedClass '/Game/SideScrollerBP/Maps/SideScrollerExampleMap.SideScrollerExampleMap_C' with ClassGeneratedBy '/Game/SideScrollerBP/Maps/SideScrollerExampleMap.SideScrollerExampleMap:PersistentLevel.SideScrollerExampleMap'
[2019.05.21-23.38.42:605][272]LogBlueprintUserMessages: Early EndPlayMap Detection: Level '/Game/SideScrollerBP/Maps/SideScrollerExampleMap.SideScrollerExampleMap:PersistentLevel' has LevelScriptBlueprint '/Game/SideScrollerBP/Maps/SideScrollerExampleMap.SideScrollerExampleMap:PersistentLevel.SideScrollerExampleMap' with GeneratedClass '/Game/SideScrollerBP/Maps/SideScrollerExampleMap.SideScrollerExampleMap_C' with ClassGeneratedBy '/Game/SideScrollerBP/Maps/SideScrollerExampleMap.SideScrollerExampleMap:PersistentLevel.SideScrollerExampleMap'
[2019.05.21-23.38.42:605][272]LogSlate: Updating window title bar state: overlay mode, drag disabled, window buttons hidden, title bar hidden
[2019.05.21-23.38.42:631][272]LogPlayLevel: Display: Shutting down PIE online subsystems
[2019.05.21-23.38.42:631][272]LogBlueprintUserMessages: Late EndPlayMap Detection: Level '/Game/SideScrollerBP/Maps/SideScrollerExampleMap.SideScrollerExampleMap:PersistentLevel' has LevelScriptBlueprint '/Game/SideScrollerBP/Maps/SideScrollerExampleMap.SideScrollerExampleMap:PersistentLevel.SideScrollerExampleMap' with GeneratedClass '/Game/SideScrollerBP/Maps/SideScrollerExampleMap.SideScrollerExampleMap_C' with ClassGeneratedBy '/Game/SideScrollerBP/Maps/SideScrollerExampleMap.SideScrollerExampleMap:PersistentLevel.SideScrollerExampleMap'
[2019.05.21-23.38.42:664][272]LogSlate: Updating window title bar state: overlay mode, drag disabled, window buttons hidden, title bar hidden
[2019.05.21-23.38.42:667][272]LogUObjectHash: Compacting FUObjectHashTables data took   1.38ms
[2019.05.21-23.38.42:712][276]LogPlayLevel: Display: Destroying online subsystem :Context_38
[2019.05.21-23.38.46:383][645]LogSlate: FSceneViewport::OnFocusLost() reason 0
[2019.05.21-23.40.43:262][626]LogSlate: FSceneViewport::OnFocusLost() reason 0
[2019.05.21-23.40.43:402][642]LogAssetEditorManager: Opening Asset editor for Blueprint /Game/AnimStarterPack/Ue4ASP_Character.Ue4ASP_Character
[2019.05.21-23.40.53:251][584]LogRenderer: Reallocating scene render targets to support 1288x772 Format 10 NumSamples 1 (Frame:1).
[2019.05.21-23.44.31:539][580]LogAssetEditorManager: Opening Asset editor for Blueprint /Game/AnimStarterPack/Ue4ASP_Character.Ue4ASP_Character
