Log file open, 06/20/19 12:11:18
LogWindows: Failed to load 'aqProf.dll' (GetLastError=126)
LogWindows: File 'aqProf.dll' does not exist
LogWindows: Failed to load 'VtuneApi.dll' (GetLastError=126)
LogWindows: File 'VtuneApi.dll' does not exist
LogWindows: Failed to load 'VtuneApi32e.dll' (GetLastError=126)
LogWindows: File 'VtuneApi32e.dll' does not exist
LogConsoleResponse: Display: Failed to find resolution value strings in scalability ini. Falling back to default.
LogInit: Display: Running engine for game: MyProject2
LogPakFile: Registered encryption key '00000000000000000000000000000000': 0 pak files mounted, 0 remain pending
LogPlatformFile: Not using cached read wrapper
LogTaskGraph: Started task graph with 5 named threads and 20 total threads with 3 sets of task threads.
LogStats: Stats thread started at 0.664976
LogD3D11RHI: Loaded GFSDK_Aftermath_Lib.x64.dll
LogICUInternationalization: ICU TimeZone Detection - Raw Offset: -5:00, Platform Override: ''
LogPluginManager: Mounting plugin Paper2D
LogPluginManager: Mounting plugin AISupport
LogPluginManager: Mounting plugin LightPropagationVolume
LogPluginManager: Mounting plugin ActorLayerUtilities
LogPluginManager: Mounting plugin AnimationSharing
LogPluginManager: Mounting plugin CLionSourceCodeAccess
LogPluginManager: Mounting plugin CodeLiteSourceCodeAccess
LogPluginManager: Mounting plugin GitSourceControl
LogPluginManager: Mounting plugin KDevelopSourceCodeAccess
LogPluginManager: Mounting plugin NullSourceCodeAccess
LogPluginManager: Mounting plugin PerforceSourceControl
LogPluginManager: Mounting plugin SubversionSourceControl
LogPluginManager: Mounting plugin UObjectPlugin
LogPluginManager: Mounting plugin VisualStudioCodeSourceCodeAccess
LogPluginManager: Mounting plugin VisualStudioSourceCodeAccess
LogPluginManager: Mounting plugin XCodeSourceCodeAccess
LogPluginManager: Mounting plugin AssetManagerEditor
LogPluginManager: Mounting plugin CryptoKeys
LogPluginManager: Mounting plugin DataValidation
LogPluginManager: Mounting plugin FacialAnimation
LogPluginManager: Mounting plugin GameplayTagsEditor
LogPluginManager: Mounting plugin MacGraphicsSwitching
LogPluginManager: Mounting plugin MaterialAnalyzer
LogPluginManager: Mounting plugin MobileLauncherProfileWizard
LogPluginManager: Mounting plugin PluginBrowser
LogPluginManager: Mounting plugin SpeedTreeImporter
LogPluginManager: Mounting plugin DatasmithContent
LogPluginManager: Mounting plugin VariantManagerContent
LogPluginManager: Mounting plugin AlembicImporter
LogPluginManager: Mounting plugin AppleImageUtils
LogPluginManager: Mounting plugin AppleVision
LogPluginManager: Mounting plugin BackChannel
LogPluginManager: Mounting plugin CharacterAI
LogPluginManager: Mounting plugin GeometryCache
LogPluginManager: Mounting plugin HTML5Networking
LogPluginManager: Mounting plugin ProxyLODPlugin
LogPluginManager: Mounting plugin SkeletalReduction
LogPluginManager: Mounting plugin MagicLeap
LogPluginManager: Mounting plugin MagicLeapMedia
LogPluginManager: Mounting plugin AndroidMedia
LogPluginManager: Mounting plugin AvfMedia
LogPluginManager: Mounting plugin ImgMedia
LogPluginManager: Mounting plugin LinearTimecode
LogPluginManager: Mounting plugin MediaCompositing
LogPluginManager: Mounting plugin MediaPlayerEditor
LogPluginManager: Mounting plugin WebMMedia
LogPluginManager: Mounting plugin WmfMedia
LogPluginManager: Mounting plugin TcpMessaging
LogPluginManager: Mounting plugin UdpMessaging
LogPluginManager: Mounting plugin ActorSequence
LogPluginManager: Mounting plugin LevelSequenceEditor
LogPluginManager: Mounting plugin MatineeToLevelSequence
LogPluginManager: Mounting plugin NetcodeUnitTest
LogPluginManager: Mounting plugin NUTUnrealEngine4
LogPluginManager: Mounting plugin OnlineSubsystemGooglePlay
LogPluginManager: Mounting plugin OnlineSubsystemIOS
LogPluginManager: Mounting plugin OnlineSubsystem
LogPluginManager: Mounting plugin OnlineSubsystemNull
LogPluginManager: Mounting plugin OnlineSubsystemUtils
LogPluginManager: Mounting plugin LauncherChunkInstaller
LogPluginManager: Mounting plugin AndroidDeviceProfileSelector
LogPluginManager: Mounting plugin AndroidMoviePlayer
LogPluginManager: Mounting plugin AndroidPermission
LogPluginManager: Mounting plugin AppleMoviePlayer
LogPluginManager: Mounting plugin ArchVisCharacter
LogPluginManager: Mounting plugin AudioCapture
LogPluginManager: Mounting plugin CableComponent
LogPluginManager: Mounting plugin CustomMeshComponent
LogPluginManager: Mounting plugin EditableMesh
LogPluginManager: Mounting plugin ExampleDeviceProfileSelector
LogPluginManager: Mounting plugin Firebase
LogPluginManager: Mounting plugin GoogleCloudMessaging
LogPluginManager: Mounting plugin IOSDeviceProfileSelector
LogPluginManager: Mounting plugin LinuxDeviceProfileSelector
LogPluginManager: Mounting plugin LocationServicesBPLibrary
LogPluginManager: Mounting plugin MobilePatchingUtils
LogPluginManager: Mounting plugin OculusVR
LogPluginManager: Mounting plugin PhysXVehicles
LogPluginManager: Mounting plugin ProceduralMeshComponent
LogPluginManager: Mounting plugin RuntimePhysXCooking
LogPluginManager: Mounting plugin SignificanceManager
LogPluginManager: Mounting plugin SteamVR
LogPluginManager: Mounting plugin WebMMoviePlayer
LogPluginManager: Mounting plugin WindowsMoviePlayer
LogInit: Using libcurl 7.55.1-DEV
LogInit:  - built for x86_64-pc-win32
LogInit:  - supports SSL with OpenSSL/1.1.1
LogInit:  - supports HTTP deflate (compression) using libz 1.2.8
LogInit:  - other features:
LogInit:      CURL_VERSION_SSL
LogInit:      CURL_VERSION_LIBZ
LogInit:      CURL_VERSION_IPV6
LogInit:      CURL_VERSION_ASYNCHDNS
LogInit:      CURL_VERSION_LARGEFILE
LogInit:      CURL_VERSION_IDN
LogInit:  CurlRequestOptions (configurable via config and command line):
LogInit:  - bVerifyPeer = true  - Libcurl will verify peer certificate
LogInit:  - bUseHttpProxy = false  - Libcurl will NOT use HTTP proxy
LogInit:  - bDontReuseConnections = false  - Libcurl will reuse connections
LogInit:  - MaxHostConnections = 16  - Libcurl will limit the number of connections to a host
LogInit:  - LocalHostAddr = Default
LogInit:  - BufferSize = 65536
LogInit: WinSock: version 1.1 (2.2), MaxSocks=32767, MaxUdp=65467
LogInit: Build: ++UE4+Release-4.22-CL-6574378
LogInit: Engine Version: 4.22.2-6574378+++UE4+Release-4.22
LogInit: Compatible Engine Version: 4.22.0-5660361+++UE4+Release-4.22
LogInit: Net CL: 5660361
LogInit: OS: Windows 10 (Release 1809) (), CPU: AMD Phenom(tm) II X6 1090T Processor, GPU: NVIDIA GeForce GTX 1060 6GB
LogInit: Compiled (64-bit): May 20 2019 09:54:56
LogInit: Compiled with Visual C++: 19.16.27025.01
LogInit: Build Configuration: Development
LogInit: Branch Name: ++UE4+Release-4.22
LogInit: Command Line: 
LogInit: Base Directory: C:/Program Files/Epic Games/UE_4.22/Engine/Binaries/Win64/
LogInit: Installed Engine Build: 1
LogDevObjectVersion: Number of dev versions registered: 23
LogDevObjectVersion:   Dev-Blueprints (B0D832E4-1F89-4F0D-ACCF-7EB736FD4AA2): 10
LogDevObjectVersion:   Dev-Build (E1C64328-A22C-4D53-A36C-8E866417BD8C): 0
LogDevObjectVersion:   Dev-Core (375EC13C-06E4-48FB-B500-84F0262A717E): 3
LogDevObjectVersion:   Dev-Editor (E4B068ED-F494-42E9-A231-DA0B2E46BB41): 30
LogDevObjectVersion:   Dev-Framework (CFFC743F-43B0-4480-9391-14DF171D2073): 35
LogDevObjectVersion:   Dev-Mobile (B02B49B5-BB20-44E9-A304-32B752E40360): 2
LogDevObjectVersion:   Dev-Networking (A4E4105C-59A1-49B5-A7C5-40C4547EDFEE): 0
LogDevObjectVersion:   Dev-Online (39C831C9-5AE6-47DC-9A44-9C173E1C8E7C): 0
LogDevObjectVersion:   Dev-Physics (78F01B33-EBEA-4F98-B9B4-84EACCB95AA2): 0
LogDevObjectVersion:   Dev-Platform (6631380F-2D4D-43E0-8009-CF276956A95A): 0
LogDevObjectVersion:   Dev-Rendering (12F88B9F-8875-4AFC-A67C-D90C383ABD29): 28
LogDevObjectVersion:   Dev-Sequencer (7B5AE74C-D270-4C10-A958-57980B212A5A): 11
LogDevObjectVersion:   Dev-VR (D7296918-1DD6-4BDD-9DE2-64A83CC13884): 2
LogDevObjectVersion:   Dev-LoadTimes (C2A15278-BFE7-4AFE-6C17-90FF531DF755): 1
LogDevObjectVersion:   Private-Geometry (6EACA3D4-40EC-4CC1-B786-8BED09428FC5): 3
LogDevObjectVersion:   Dev-AnimPhys (29E575DD-E0A3-4627-9D10-D276232CDCEA): 17
LogDevObjectVersion:   Dev-Anim (AF43A65D-7FD3-4947-9873-3E8ED9C1BB05): 2
LogDevObjectVersion:   Dev-ReflectionCapture (6B266CEC-1EC7-4B8F-A30B-E4D90942FC07): 1
LogDevObjectVersion:   Dev-Automation (0DF73D61-A23F-47EA-B727-89E90C41499A): 1
LogDevObjectVersion:   FortniteMain (601D1886-AC64-4F84-AA16-D3DE0DEAC7D6): 25
LogDevObjectVersion:   Dev-Enterprise (9DFFBCD6-494F-0158-E221-12823C92A888): 6
LogDevObjectVersion:   Dev-Niagara (F2AED0AC-9AFE-416F-8664-AA7FFA26D6FC): 1
LogDevObjectVersion:   Dev-Destruction (174F1F0B-B4C6-45A5-B13F-2EE8D0FB917D): 2
LogInit: Presizing for max 16777216 objects, including 0 objects not considered by GC, pre-allocating 0 bytes for permanent pool.
LogInit: Object subsystem initialized
LogConfig: Setting CVar [[con.DebugEarlyDefault:1]]
LogConfig: Setting CVar [[r.setres:1280x720]]
[2019.06.20-16.11.19:747][  0]LogConfig: Setting CVar [[r.VSync:0]]
[2019.06.20-16.11.19:747][  0]LogConfig: Setting CVar [[r.RHICmdBypass:0]]
[2019.06.20-16.11.19:748][  0]LogConfig: Applying CVar settings from Section [/Script/Engine.RendererSettings] File [C:/Users/Ether/Documents/GitHub/Game-Project/Saved/Config/Windows/Engine.ini]
[2019.06.20-16.11.19:748][  0]LogConfig: Setting CVar [[r.GPUCrashDebugging:0]]
[2019.06.20-16.11.19:748][  0]LogConfig: Applying CVar settings from Section [/Script/Engine.RendererOverrideSettings] File [C:/Users/Ether/Documents/GitHub/Game-Project/Saved/Config/Windows/Engine.ini]
[2019.06.20-16.11.19:748][  0]LogConfig: Applying CVar settings from Section [/Script/Engine.StreamingSettings] File [C:/Users/Ether/Documents/GitHub/Game-Project/Saved/Config/Windows/Engine.ini]
[2019.06.20-16.11.19:748][  0]LogConfig: Setting CVar [[s.MinBulkDataSizeForAsyncLoading:131072]]
[2019.06.20-16.11.19:748][  0]LogConfig: Setting CVar [[s.AsyncLoadingThreadEnabled:0]]
[2019.06.20-16.11.19:748][  0]LogConfig: Setting CVar [[s.EventDrivenLoaderEnabled:1]]
[2019.06.20-16.11.19:748][  0]LogConfig: Setting CVar [[s.WarnIfTimeLimitExceeded:0]]
[2019.06.20-16.11.19:748][  0]LogConfig: Setting CVar [[s.TimeLimitExceededMultiplier:1.5]]
[2019.06.20-16.11.19:748][  0]LogConfig: Setting CVar [[s.TimeLimitExceededMinTime:0.005]]
[2019.06.20-16.11.19:748][  0]LogConfig: Setting CVar [[s.UseBackgroundLevelStreaming:1]]
[2019.06.20-16.11.19:748][  0]LogConfig: Setting CVar [[s.PriorityAsyncLoadingExtraTime:15.0]]
[2019.06.20-16.11.19:748][  0]LogConfig: Setting CVar [[s.LevelStreamingActorsUpdateTimeLimit:5.0]]
[2019.06.20-16.11.19:748][  0]LogConfig: Setting CVar [[s.PriorityLevelStreamingActorsUpdateExtraTime:5.0]]
[2019.06.20-16.11.19:748][  0]LogConfig: Setting CVar [[s.LevelStreamingComponentsRegistrationGranularity:10]]
[2019.06.20-16.11.19:748][  0]LogConfig: Setting CVar [[s.UnregisterComponentsTimeLimit:1.0]]
[2019.06.20-16.11.19:748][  0]LogConfig: Setting CVar [[s.LevelStreamingComponentsUnregistrationGranularity:5]]
[2019.06.20-16.11.19:748][  0]LogConfig: Applying CVar settings from Section [/Script/Engine.GarbageCollectionSettings] File [C:/Users/Ether/Documents/GitHub/Game-Project/Saved/Config/Windows/Engine.ini]
[2019.06.20-16.11.19:748][  0]LogConfig: Setting CVar [[gc.MaxObjectsNotConsideredByGC:1]]
[2019.06.20-16.11.19:748][  0]LogConfig: Setting CVar [[gc.SizeOfPermanentObjectPool:0]]
[2019.06.20-16.11.19:748][  0]LogConfig: Setting CVar [[gc.FlushStreamingOnGC:0]]
[2019.06.20-16.11.19:748][  0]LogConfig: Setting CVar [[gc.NumRetriesBeforeForcingGC:10]]
[2019.06.20-16.11.19:748][  0]LogConfig: Setting CVar [[gc.AllowParallelGC:1]]
[2019.06.20-16.11.19:748][  0]LogConfig: Setting CVar [[gc.TimeBetweenPurgingPendingKillObjects:61.1]]
[2019.06.20-16.11.19:748][  0]LogConfig: Setting CVar [[gc.MaxObjectsInEditor:16777216]]
[2019.06.20-16.11.19:748][  0]LogConfig: Setting CVar [[gc.IncrementalBeginDestroyEnabled:1]]
[2019.06.20-16.11.19:748][  0]LogConfig: Setting CVar [[gc.CreateGCClusters:1]]
[2019.06.20-16.11.19:748][  0]LogConfig: Setting CVar [[gc.MinGCClusterSize:5]]
[2019.06.20-16.11.19:748][  0]LogConfig: Setting CVar [[gc.ActorClusteringEnabled:0]]
[2019.06.20-16.11.19:748][  0]LogConfig: Setting CVar [[gc.BlueprintClusteringEnabled:0]]
[2019.06.20-16.11.19:748][  0]LogConfig: Setting CVar [[gc.UseDisregardForGCOnDedicatedServers:0]]
[2019.06.20-16.11.19:748][  0]LogConfig: Applying CVar settings from Section [/Script/Engine.NetworkSettings] File [C:/Users/Ether/Documents/GitHub/Game-Project/Saved/Config/Windows/Engine.ini]
[2019.06.20-16.11.19:748][  0]LogConfig: Applying CVar settings from Section [/Script/UnrealEd.CookerSettings] File [C:/Users/Ether/Documents/GitHub/Game-Project/Saved/Config/Windows/Engine.ini]
[2019.06.20-16.11.19:762][  0]LogConfig: Applying CVar settings from Section [ViewDistanceQuality@3] File [C:/Users/Ether/Documents/GitHub/Game-Project/Saved/Config/Windows/Scalability.ini]
[2019.06.20-16.11.19:762][  0]LogConfig: Setting CVar [[r.SkeletalMeshLODBias:0]]
[2019.06.20-16.11.19:762][  0]LogConfig: Setting CVar [[r.ViewDistanceScale:1.0]]
[2019.06.20-16.11.19:762][  0]LogConfig: Applying CVar settings from Section [AntiAliasingQuality@3] File [C:/Users/Ether/Documents/GitHub/Game-Project/Saved/Config/Windows/Scalability.ini]
[2019.06.20-16.11.19:762][  0]LogConfig: Setting CVar [[r.PostProcessAAQuality:4]]
[2019.06.20-16.11.19:762][  0]LogConfig: Applying CVar settings from Section [ShadowQuality@3] File [C:/Users/Ether/Documents/GitHub/Game-Project/Saved/Config/Windows/Scalability.ini]
[2019.06.20-16.11.19:762][  0]LogConfig: Setting CVar [[r.LightFunctionQuality:1]]
[2019.06.20-16.11.19:762][  0]LogConfig: Setting CVar [[r.ShadowQuality:5]]
[2019.06.20-16.11.19:762][  0]LogConfig: Setting CVar [[r.Shadow.CSM.MaxCascades:10]]
[2019.06.20-16.11.19:762][  0]LogConfig: Setting CVar [[r.Shadow.MaxResolution:2048]]
[2019.06.20-16.11.19:762][  0]LogConfig: Setting CVar [[r.Shadow.MaxCSMResolution:2048]]
[2019.06.20-16.11.19:762][  0]LogConfig: Setting CVar [[r.Shadow.RadiusThreshold:0.01]]
[2019.06.20-16.11.19:762][  0]LogConfig: Setting CVar [[r.Shadow.DistanceScale:1.0]]
[2019.06.20-16.11.19:762][  0]LogConfig: Setting CVar [[r.Shadow.CSM.TransitionScale:1.0]]
[2019.06.20-16.11.19:762][  0]LogConfig: Setting CVar [[r.Shadow.PreShadowResolutionFactor:1.0]]
[2019.06.20-16.11.19:762][  0]LogConfig: Setting CVar [[r.DistanceFieldShadowing:1]]
[2019.06.20-16.11.19:762][  0]LogConfig: Setting CVar [[r.DistanceFieldAO:1]]
[2019.06.20-16.11.19:762][  0]LogConfig: Setting CVar [[r.AOQuality:2]]
[2019.06.20-16.11.19:762][  0]LogConfig: Setting CVar [[r.VolumetricFog:1]]
[2019.06.20-16.11.19:762][  0]LogConfig: Setting CVar [[r.VolumetricFog.GridPixelSize:8]]
[2019.06.20-16.11.19:762][  0]LogConfig: Setting CVar [[r.VolumetricFog.GridSizeZ:128]]
[2019.06.20-16.11.19:762][  0]LogConfig: Setting CVar [[r.VolumetricFog.HistoryMissSupersampleCount:4]]
[2019.06.20-16.11.19:762][  0]LogConfig: Setting CVar [[r.LightMaxDrawDistanceScale:1]]
[2019.06.20-16.11.19:762][  0]LogConfig: Setting CVar [[r.CapsuleShadows:1]]
[2019.06.20-16.11.19:762][  0]LogConfig: Applying CVar settings from Section [PostProcessQuality@3] File [C:/Users/Ether/Documents/GitHub/Game-Project/Saved/Config/Windows/Scalability.ini]
[2019.06.20-16.11.19:762][  0]LogConfig: Setting CVar [[r.MotionBlurQuality:4]]
[2019.06.20-16.11.19:762][  0]LogConfig: Setting CVar [[r.AmbientOcclusionMipLevelFactor:0.4]]
[2019.06.20-16.11.19:762][  0]LogConfig: Setting CVar [[r.AmbientOcclusionMaxQuality:100]]
[2019.06.20-16.11.19:762][  0]LogConfig: Setting CVar [[r.AmbientOcclusionLevels:-1]]
[2019.06.20-16.11.19:762][  0]LogConfig: Setting CVar [[r.AmbientOcclusionRadiusScale:1.0]]
[2019.06.20-16.11.19:762][  0]LogConfig: Setting CVar [[r.DepthOfFieldQuality:2]]
[2019.06.20-16.11.19:762][  0]LogConfig: Setting CVar [[r.RenderTargetPoolMin:400]]
[2019.06.20-16.11.19:762][  0]LogConfig: Setting CVar [[r.LensFlareQuality:2]]
[2019.06.20-16.11.19:762][  0]LogConfig: Setting CVar [[r.SceneColorFringeQuality:1]]
[2019.06.20-16.11.19:762][  0]LogConfig: Setting CVar [[r.EyeAdaptationQuality:2]]
[2019.06.20-16.11.19:762][  0]LogConfig: Setting CVar [[r.BloomQuality:5]]
[2019.06.20-16.11.19:762][  0]LogConfig: Setting CVar [[r.FastBlurThreshold:100]]
[2019.06.20-16.11.19:762][  0]LogConfig: Setting CVar [[r.Upscale.Quality:3]]
[2019.06.20-16.11.19:762][  0]LogConfig: Setting CVar [[r.Tonemapper.GrainQuantization:1]]
[2019.06.20-16.11.19:762][  0]LogConfig: Setting CVar [[r.LightShaftQuality:1]]
[2019.06.20-16.11.19:763][  0]LogConfig: Setting CVar [[r.Filter.SizeScale:1]]
[2019.06.20-16.11.19:763][  0]LogConfig: Setting CVar [[r.Tonemapper.Quality:5]]
[2019.06.20-16.11.19:763][  0]LogConfig: Setting CVar [[r.DOF.Gather.AccumulatorQuality:1        ; higher gathering accumulator quality]]
[2019.06.20-16.11.19:763][  0]LogConfig: Setting CVar [[r.DOF.Gather.PostfilterMethod:1          ; Median3x3 postfilering method]]
[2019.06.20-16.11.19:763][  0]LogConfig: Setting CVar [[r.DOF.Gather.EnableBokehSettings:0       ; no bokeh simulation when gathering]]
[2019.06.20-16.11.19:763][  0]LogConfig: Setting CVar [[r.DOF.Gather.RingCount:4                 ; medium number of samples when gathering]]
[2019.06.20-16.11.19:763][  0]LogConfig: Setting CVar [[r.DOF.Scatter.ForegroundCompositing:1    ; additive foreground scattering]]
[2019.06.20-16.11.19:763][  0]LogConfig: Setting CVar [[r.DOF.Scatter.BackgroundCompositing:2    ; additive background scattering]]
[2019.06.20-16.11.19:763][  0]LogConfig: Setting CVar [[r.DOF.Scatter.EnableBokehSettings:1      ; bokeh simulation when scattering]]
[2019.06.20-16.11.19:763][  0]LogConfig: Setting CVar [[r.DOF.Scatter.MaxSpriteRatio:0.1         ; only a maximum of 10% of scattered bokeh]]
[2019.06.20-16.11.19:763][  0]LogConfig: Setting CVar [[r.DOF.Recombine.Quality:1                ; cheap slight out of focus]]
[2019.06.20-16.11.19:763][  0]LogConfig: Setting CVar [[r.DOF.Recombine.EnableBokehSettings:0    ; no bokeh simulation on slight out of focus]]
[2019.06.20-16.11.19:763][  0]LogConfig: Setting CVar [[r.DOF.TemporalAAQuality:1                ; more stable temporal accumulation]]
[2019.06.20-16.11.19:763][  0]LogConfig: Setting CVar [[r.DOF.Kernel.MaxForegroundRadius:0.025]]
[2019.06.20-16.11.19:763][  0]LogConfig: Setting CVar [[r.DOF.Kernel.MaxBackgroundRadius:0.025]]
[2019.06.20-16.11.19:763][  0]LogConfig: Applying CVar settings from Section [TextureQuality@3] File [C:/Users/Ether/Documents/GitHub/Game-Project/Saved/Config/Windows/Scalability.ini]
[2019.06.20-16.11.19:763][  0]LogConfig: Setting CVar [[r.Streaming.MipBias:0]]
[2019.06.20-16.11.19:763][  0]LogConfig: Setting CVar [[r.Streaming.AmortizeCPUToGPUCopy:0]]
[2019.06.20-16.11.19:763][  0]LogConfig: Setting CVar [[r.Streaming.MaxNumTexturesToStreamPerFrame:0]]
[2019.06.20-16.11.19:763][  0]LogConfig: Setting CVar [[r.Streaming.Boost:1]]
[2019.06.20-16.11.19:763][  0]LogConfig: Setting CVar [[r.MaxAnisotropy:8]]
[2019.06.20-16.11.19:763][  0]LogConfig: Setting CVar [[r.Streaming.LimitPoolSizeToVRAM:0]]
[2019.06.20-16.11.19:763][  0]LogConfig: Setting CVar [[r.Streaming.PoolSize:1000]]
[2019.06.20-16.11.19:763][  0]LogConfig: Setting CVar [[r.Streaming.MaxEffectiveScreenSize:0]]
[2019.06.20-16.11.19:763][  0]LogConfig: Applying CVar settings from Section [EffectsQuality@3] File [C:/Users/Ether/Documents/GitHub/Game-Project/Saved/Config/Windows/Scalability.ini]
[2019.06.20-16.11.19:763][  0]LogConfig: Setting CVar [[r.TranslucencyLightingVolumeDim:64]]
[2019.06.20-16.11.19:763][  0]LogConfig: Setting CVar [[r.RefractionQuality:2]]
[2019.06.20-16.11.19:763][  0]LogConfig: Setting CVar [[r.SSR.Quality:3]]
[2019.06.20-16.11.19:763][  0]LogConfig: Setting CVar [[r.SceneColorFormat:4]]
[2019.06.20-16.11.19:763][  0]LogConfig: Setting CVar [[r.DetailMode:2]]
[2019.06.20-16.11.19:763][  0]LogConfig: Setting CVar [[r.TranslucencyVolumeBlur:1]]
[2019.06.20-16.11.19:763][  0]LogConfig: Setting CVar [[r.MaterialQualityLevel:1 ; High quality]]
[2019.06.20-16.11.19:763][  0]LogConfig: Setting CVar [[r.SSS.Scale:1]]
[2019.06.20-16.11.19:763][  0]LogConfig: Setting CVar [[r.SSS.SampleSet:2]]
[2019.06.20-16.11.19:763][  0]LogConfig: Setting CVar [[r.SSS.Quality:1]]
[2019.06.20-16.11.19:763][  0]LogConfig: Setting CVar [[r.SSS.HalfRes:1]]
[2019.06.20-16.11.19:763][  0]LogConfig: Setting CVar [[r.EmitterSpawnRateScale:1.0]]
[2019.06.20-16.11.19:763][  0]LogConfig: Setting CVar [[r.ParticleLightQuality:2]]
[2019.06.20-16.11.19:763][  0]LogConfig: Applying CVar settings from Section [FoliageQuality@3] File [C:/Users/Ether/Documents/GitHub/Game-Project/Saved/Config/Windows/Scalability.ini]
[2019.06.20-16.11.19:763][  0]LogConfig: Setting CVar [[foliage.DensityScale:1.0]]
[2019.06.20-16.11.19:763][  0]LogConfig: Setting CVar [[grass.DensityScale:1.0]]
[2019.06.20-16.11.19:764][  0]LogInit: Selected Device Profile: [Windows]
[2019.06.20-16.11.19:764][  0]LogInit: Applying CVar settings loaded from the selected device profile: [Windows]
[2019.06.20-16.11.19:802][  0]LogHAL: Display: Platform has ~ 16 GB [17179000832 / 17179869184 / 16], which maps to Larger [LargestMinGB=32, LargerMinGB=12, DefaultMinGB=8, SmallerMinGB=6, SmallestMinGB=0)
[2019.06.20-16.11.19:803][  0]LogConfig: Setting CVar [[r.Vulkan.UseRealUBs:0		; Required until we fix HLR fall-out]]
[2019.06.20-16.11.19:803][  0]LogInit: Going up to parent DeviceProfile []
[2019.06.20-16.11.19:803][  0]LogConfig: Applying CVar settings from Section [ViewDistanceQuality@3] File [C:/Users/Ether/Documents/GitHub/Game-Project/Saved/Config/Windows/Scalability.ini]
[2019.06.20-16.11.19:803][  0]LogConfig: Setting CVar [[r.SkeletalMeshLODBias:0]]
[2019.06.20-16.11.19:803][  0]LogConfig: Setting CVar [[r.ViewDistanceScale:1.0]]
[2019.06.20-16.11.19:803][  0]LogConfig: Applying CVar settings from Section [AntiAliasingQuality@3] File [C:/Users/Ether/Documents/GitHub/Game-Project/Saved/Config/Windows/Scalability.ini]
[2019.06.20-16.11.19:803][  0]LogConfig: Setting CVar [[r.PostProcessAAQuality:4]]
[2019.06.20-16.11.19:803][  0]LogConfig: Applying CVar settings from Section [ShadowQuality@3] File [C:/Users/Ether/Documents/GitHub/Game-Project/Saved/Config/Windows/Scalability.ini]
[2019.06.20-16.11.19:803][  0]LogConfig: Setting CVar [[r.LightFunctionQuality:1]]
[2019.06.20-16.11.19:803][  0]LogConfig: Setting CVar [[r.ShadowQuality:5]]
[2019.06.20-16.11.19:803][  0]LogConfig: Setting CVar [[r.Shadow.CSM.MaxCascades:10]]
[2019.06.20-16.11.19:803][  0]LogConfig: Setting CVar [[r.Shadow.MaxResolution:2048]]
[2019.06.20-16.11.19:803][  0]LogConfig: Setting CVar [[r.Shadow.MaxCSMResolution:2048]]
[2019.06.20-16.11.19:803][  0]LogConfig: Setting CVar [[r.Shadow.RadiusThreshold:0.01]]
[2019.06.20-16.11.19:803][  0]LogConfig: Setting CVar [[r.Shadow.DistanceScale:1.0]]
[2019.06.20-16.11.19:803][  0]LogConfig: Setting CVar [[r.Shadow.CSM.TransitionScale:1.0]]
[2019.06.20-16.11.19:803][  0]LogConfig: Setting CVar [[r.Shadow.PreShadowResolutionFactor:1.0]]
[2019.06.20-16.11.19:803][  0]LogConfig: Setting CVar [[r.DistanceFieldShadowing:1]]
[2019.06.20-16.11.19:803][  0]LogConfig: Setting CVar [[r.DistanceFieldAO:1]]
[2019.06.20-16.11.19:804][  0]LogConfig: Setting CVar [[r.AOQuality:2]]
[2019.06.20-16.11.19:804][  0]LogConfig: Setting CVar [[r.VolumetricFog:1]]
[2019.06.20-16.11.19:804][  0]LogConfig: Setting CVar [[r.VolumetricFog.GridPixelSize:8]]
[2019.06.20-16.11.19:804][  0]LogConfig: Setting CVar [[r.VolumetricFog.GridSizeZ:128]]
[2019.06.20-16.11.19:804][  0]LogConfig: Setting CVar [[r.VolumetricFog.HistoryMissSupersampleCount:4]]
[2019.06.20-16.11.19:804][  0]LogConfig: Setting CVar [[r.LightMaxDrawDistanceScale:1]]
[2019.06.20-16.11.19:804][  0]LogConfig: Setting CVar [[r.CapsuleShadows:1]]
[2019.06.20-16.11.19:804][  0]LogConfig: Applying CVar settings from Section [PostProcessQuality@3] File [C:/Users/Ether/Documents/GitHub/Game-Project/Saved/Config/Windows/Scalability.ini]
[2019.06.20-16.11.19:804][  0]LogConfig: Setting CVar [[r.MotionBlurQuality:4]]
[2019.06.20-16.11.19:804][  0]LogConfig: Setting CVar [[r.AmbientOcclusionMipLevelFactor:0.4]]
[2019.06.20-16.11.19:804][  0]LogConfig: Setting CVar [[r.AmbientOcclusionMaxQuality:100]]
[2019.06.20-16.11.19:804][  0]LogConfig: Setting CVar [[r.AmbientOcclusionLevels:-1]]
[2019.06.20-16.11.19:804][  0]LogConfig: Setting CVar [[r.AmbientOcclusionRadiusScale:1.0]]
[2019.06.20-16.11.19:804][  0]LogConfig: Setting CVar [[r.DepthOfFieldQuality:2]]
[2019.06.20-16.11.19:804][  0]LogConfig: Setting CVar [[r.RenderTargetPoolMin:400]]
[2019.06.20-16.11.19:804][  0]LogConfig: Setting CVar [[r.LensFlareQuality:2]]
[2019.06.20-16.11.19:804][  0]LogConfig: Setting CVar [[r.SceneColorFringeQuality:1]]
[2019.06.20-16.11.19:804][  0]LogConfig: Setting CVar [[r.EyeAdaptationQuality:2]]
[2019.06.20-16.11.19:804][  0]LogConfig: Setting CVar [[r.BloomQuality:5]]
[2019.06.20-16.11.19:804][  0]LogConfig: Setting CVar [[r.FastBlurThreshold:100]]
[2019.06.20-16.11.19:804][  0]LogConfig: Setting CVar [[r.Upscale.Quality:3]]
[2019.06.20-16.11.19:804][  0]LogConfig: Setting CVar [[r.Tonemapper.GrainQuantization:1]]
[2019.06.20-16.11.19:804][  0]LogConfig: Setting CVar [[r.LightShaftQuality:1]]
[2019.06.20-16.11.19:804][  0]LogConfig: Setting CVar [[r.Filter.SizeScale:1]]
[2019.06.20-16.11.19:804][  0]LogConfig: Setting CVar [[r.Tonemapper.Quality:5]]
[2019.06.20-16.11.19:804][  0]LogConfig: Setting CVar [[r.DOF.Gather.AccumulatorQuality:1        ; higher gathering accumulator quality]]
[2019.06.20-16.11.19:804][  0]LogConfig: Setting CVar [[r.DOF.Gather.PostfilterMethod:1          ; Median3x3 postfilering method]]
[2019.06.20-16.11.19:804][  0]LogConfig: Setting CVar [[r.DOF.Gather.EnableBokehSettings:0       ; no bokeh simulation when gathering]]
[2019.06.20-16.11.19:804][  0]LogConfig: Setting CVar [[r.DOF.Gather.RingCount:4                 ; medium number of samples when gathering]]
[2019.06.20-16.11.19:804][  0]LogConfig: Setting CVar [[r.DOF.Scatter.ForegroundCompositing:1    ; additive foreground scattering]]
[2019.06.20-16.11.19:804][  0]LogConfig: Setting CVar [[r.DOF.Scatter.BackgroundCompositing:2    ; additive background scattering]]
[2019.06.20-16.11.19:804][  0]LogConfig: Setting CVar [[r.DOF.Scatter.EnableBokehSettings:1      ; bokeh simulation when scattering]]
[2019.06.20-16.11.19:804][  0]LogConfig: Setting CVar [[r.DOF.Scatter.MaxSpriteRatio:0.1         ; only a maximum of 10% of scattered bokeh]]
[2019.06.20-16.11.19:804][  0]LogConfig: Setting CVar [[r.DOF.Recombine.Quality:1                ; cheap slight out of focus]]
[2019.06.20-16.11.19:804][  0]LogConfig: Setting CVar [[r.DOF.Recombine.EnableBokehSettings:0    ; no bokeh simulation on slight out of focus]]
[2019.06.20-16.11.19:804][  0]LogConfig: Setting CVar [[r.DOF.TemporalAAQuality:1                ; more stable temporal accumulation]]
[2019.06.20-16.11.19:804][  0]LogConfig: Setting CVar [[r.DOF.Kernel.MaxForegroundRadius:0.025]]
[2019.06.20-16.11.19:804][  0]LogConfig: Setting CVar [[r.DOF.Kernel.MaxBackgroundRadius:0.025]]
[2019.06.20-16.11.19:804][  0]LogConfig: Applying CVar settings from Section [TextureQuality@3] File [C:/Users/Ether/Documents/GitHub/Game-Project/Saved/Config/Windows/Scalability.ini]
[2019.06.20-16.11.19:804][  0]LogConfig: Setting CVar [[r.Streaming.MipBias:0]]
[2019.06.20-16.11.19:804][  0]LogConfig: Setting CVar [[r.Streaming.AmortizeCPUToGPUCopy:0]]
[2019.06.20-16.11.19:804][  0]LogConfig: Setting CVar [[r.Streaming.MaxNumTexturesToStreamPerFrame:0]]
[2019.06.20-16.11.19:804][  0]LogConfig: Setting CVar [[r.Streaming.Boost:1]]
[2019.06.20-16.11.19:804][  0]LogConfig: Setting CVar [[r.MaxAnisotropy:8]]
[2019.06.20-16.11.19:804][  0]LogConfig: Setting CVar [[r.Streaming.LimitPoolSizeToVRAM:0]]
[2019.06.20-16.11.19:804][  0]LogConfig: Setting CVar [[r.Streaming.PoolSize:1000]]
[2019.06.20-16.11.19:804][  0]LogConfig: Setting CVar [[r.Streaming.MaxEffectiveScreenSize:0]]
[2019.06.20-16.11.19:804][  0]LogConfig: Applying CVar settings from Section [EffectsQuality@3] File [C:/Users/Ether/Documents/GitHub/Game-Project/Saved/Config/Windows/Scalability.ini]
[2019.06.20-16.11.19:804][  0]LogConfig: Setting CVar [[r.TranslucencyLightingVolumeDim:64]]
[2019.06.20-16.11.19:804][  0]LogConfig: Setting CVar [[r.RefractionQuality:2]]
[2019.06.20-16.11.19:804][  0]LogConfig: Setting CVar [[r.SSR.Quality:3]]
[2019.06.20-16.11.19:805][  0]LogConfig: Setting CVar [[r.SceneColorFormat:4]]
[2019.06.20-16.11.19:805][  0]LogConfig: Setting CVar [[r.DetailMode:2]]
[2019.06.20-16.11.19:805][  0]LogConfig: Setting CVar [[r.TranslucencyVolumeBlur:1]]
[2019.06.20-16.11.19:805][  0]LogConfig: Setting CVar [[r.MaterialQualityLevel:1 ; High quality]]
[2019.06.20-16.11.19:805][  0]LogConfig: Setting CVar [[r.SSS.Scale:1]]
[2019.06.20-16.11.19:805][  0]LogConfig: Setting CVar [[r.SSS.SampleSet:2]]
[2019.06.20-16.11.19:805][  0]LogConfig: Setting CVar [[r.SSS.Quality:1]]
[2019.06.20-16.11.19:805][  0]LogConfig: Setting CVar [[r.SSS.HalfRes:1]]
[2019.06.20-16.11.19:805][  0]LogConfig: Setting CVar [[r.EmitterSpawnRateScale:1.0]]
[2019.06.20-16.11.19:805][  0]LogConfig: Setting CVar [[r.ParticleLightQuality:2]]
[2019.06.20-16.11.19:805][  0]LogConfig: Applying CVar settings from Section [FoliageQuality@3] File [C:/Users/Ether/Documents/GitHub/Game-Project/Saved/Config/Windows/Scalability.ini]
[2019.06.20-16.11.19:805][  0]LogConfig: Setting CVar [[foliage.DensityScale:1.0]]
[2019.06.20-16.11.19:805][  0]LogConfig: Setting CVar [[grass.DensityScale:1.0]]
[2019.06.20-16.11.19:805][  0]LogConfig: Applying CVar settings from Section [Startup] File [../../../Engine/Config/ConsoleVariables.ini]
[2019.06.20-16.11.19:811][  0]LogConfig: Setting CVar [[net.UseAdaptiveNetUpdateFrequency:0]]
[2019.06.20-16.11.19:811][  0]LogConfig: Setting CVar [[p.chaos.AllowCreatePhysxBodies:1]]
[2019.06.20-16.11.19:811][  0]LogConfig: Applying CVar settings from Section [ConsoleVariables] File [C:/Users/Ether/Documents/GitHub/Game-Project/Saved/Config/Windows/Engine.ini]
[2019.06.20-16.11.19:812][  0]LogInit: Computer: DESKTOP-9FVSGB4
[2019.06.20-16.11.19:812][  0]LogInit: User: Ether
[2019.06.20-16.11.19:812][  0]LogInit: CPU Page size=4096, Cores=6
[2019.06.20-16.11.19:812][  0]LogInit: High frequency timer resolution =10.000000 MHz
[2019.06.20-16.11.19:813][  0]LogMemory: Memory total: Physical=16.0GB (16GB approx)
[2019.06.20-16.11.19:813][  0]LogMemory: Platform Memory Stats for Windows
[2019.06.20-16.11.19:813][  0]LogMemory: Process Physical Memory: 98.25 MB used, 98.25 MB peak
[2019.06.20-16.11.19:813][  0]LogMemory: Process Virtual Memory: 90.71 MB used, 90.71 MB peak
[2019.06.20-16.11.19:813][  0]LogMemory: Physical Memory: 4909.14 MB used,  11474.03 MB free, 16383.17 MB total
[2019.06.20-16.11.19:813][  0]LogMemory: Virtual Memory: 4654.18 MB used,  134213072.00 MB free, 134217728.00 MB total
[2019.06.20-16.11.20:084][  0]LogInit: Using OS detected language (en-US).
[2019.06.20-16.11.20:084][  0]LogInit: Using OS detected locale (en-US).
[2019.06.20-16.11.20:087][  0]LogTextLocalizationManager: No specific localization for 'en-US' exists, so the 'en' localization will be used.
[2019.06.20-16.11.20:509][  0]LogInit: Setting process to per monitor DPI aware
[2019.06.20-16.11.20:622][  0]LogSlate: New Slate User Created.  User Index 0, Is Virtual User: 0
[2019.06.20-16.11.20:622][  0]LogSlate: Slate User Registered.  User Index 0, Is Virtual User: 0
[2019.06.20-16.11.22:985][  0]LogHMD: Failed to initialize OpenVR with code 110
[2019.06.20-16.11.22:985][  0]LogD3D11RHI: D3D11 adapters:
[2019.06.20-16.11.23:069][  0]LogD3D11RHI:    0. 'NVIDIA GeForce GTX 1060 6GB' (Feature Level 11_0)
[2019.06.20-16.11.23:069][  0]LogD3D11RHI:       6052/0/8191 MB DedicatedVideo/DedicatedSystem/SharedSystem, Outputs:3, VendorId:0x10de
[2019.06.20-16.11.23:072][  0]LogD3D11RHI:    1. 'Microsoft Basic Render Driver' (Feature Level 11_0)
[2019.06.20-16.11.23:072][  0]LogD3D11RHI:       0/0/8191 MB DedicatedVideo/DedicatedSystem/SharedSystem, Outputs:0, VendorId:0x1414
[2019.06.20-16.11.23:072][  0]LogD3D11RHI: Chosen D3D11 Adapter: 0
[2019.06.20-16.11.23:083][  0]LogD3D11RHI: Creating new Direct3DDevice
[2019.06.20-16.11.23:083][  0]LogD3D11RHI:     GPU DeviceId: 0x1c03 (for the marketing name, search the web for "GPU Device Id")
[2019.06.20-16.11.23:084][  0]LogWindows: EnumDisplayDevices:
[2019.06.20-16.11.23:084][  0]LogWindows:    0. 'NVIDIA GeForce GTX 1060 6GB' (P:1 D:1)
[2019.06.20-16.11.23:084][  0]LogWindows:    1. 'NVIDIA GeForce GTX 1060 6GB' (P:0 D:1)
[2019.06.20-16.11.23:084][  0]LogWindows:    2. 'NVIDIA GeForce GTX 1060 6GB' (P:0 D:1)
[2019.06.20-16.11.23:085][  0]LogWindows:    3. 'NVIDIA GeForce GTX 1060 6GB' (P:0 D:0)
[2019.06.20-16.11.23:085][  0]LogWindows: DebugString: FoundDriverCount:4 
[2019.06.20-16.11.23:085][  0]LogD3D11RHI:     Adapter Name: NVIDIA GeForce GTX 1060 6GB
[2019.06.20-16.11.23:085][  0]LogD3D11RHI:   Driver Version: 419.17 (internal:25.21.14.1917, unified:419.17)
[2019.06.20-16.11.23:085][  0]LogD3D11RHI:      Driver Date: 2-20-2019
[2019.06.20-16.11.23:085][  0]LogRHI: Texture pool is 4236 MB (70% of 6052 MB)
[2019.06.20-16.11.23:147][  0]LogD3D11RHI: Async texture creation enabled
[2019.06.20-16.11.23:165][  0]LogRendererCore: FGlobalReadBuffer::InitRHI
[2019.06.20-16.11.23:166][  0]LogRendererCore: FGlobalReadBuffer::InitRHI
[2019.06.20-16.11.23:166][  0]LogRendererCore: FGlobalReadBuffer::InitRHI
[2019.06.20-16.11.23:180][  0]LogD3D11RHI: GPU Timing Frequency: 1000.000000 (Debug: 2 1)
[2019.06.20-16.11.23:953][  0]LogTemp: Display: Module 'AllDesktopTargetPlatform' loaded TargetPlatform 'AllDesktop'
[2019.06.20-16.11.23:975][  0]LogTemp: Display: Module 'MacClientTargetPlatform' loaded TargetPlatform 'MacClient'
[2019.06.20-16.11.23:998][  0]LogTemp: Display: Module 'MacNoEditorTargetPlatform' loaded TargetPlatform 'MacNoEditor'
[2019.06.20-16.11.24:020][  0]LogTemp: Display: Module 'MacServerTargetPlatform' loaded TargetPlatform 'MacServer'
[2019.06.20-16.11.24:049][  0]LogTemp: Display: Module 'MacTargetPlatform' loaded TargetPlatform 'Mac'
[2019.06.20-16.11.24:074][  0]LogTemp: Display: Module 'WindowsClientTargetPlatform' loaded TargetPlatform 'WindowsClient'
[2019.06.20-16.11.24:097][  0]LogTemp: Display: Module 'WindowsNoEditorTargetPlatform' loaded TargetPlatform 'WindowsNoEditor'
[2019.06.20-16.11.24:119][  0]LogTemp: Display: Module 'WindowsServerTargetPlatform' loaded TargetPlatform 'WindowsServer'
[2019.06.20-16.11.24:131][  0]LogTemp: Display: Module 'WindowsTargetPlatform' loaded TargetPlatform 'Windows'
[2019.06.20-16.11.24:273][  0]LogTemp: Display: Module 'AndroidTargetPlatform' loaded TargetPlatform 'Android'
[2019.06.20-16.11.24:273][  0]LogTemp: Display: Module 'AndroidTargetPlatform' loaded TargetPlatform 'Android_ASTC'
[2019.06.20-16.11.24:273][  0]LogTemp: Display: Module 'AndroidTargetPlatform' loaded TargetPlatform 'Android_ATC'
[2019.06.20-16.11.24:273][  0]LogTemp: Display: Module 'AndroidTargetPlatform' loaded TargetPlatform 'Android_DXT'
[2019.06.20-16.11.24:273][  0]LogTemp: Display: Module 'AndroidTargetPlatform' loaded TargetPlatform 'Android_ETC1'
[2019.06.20-16.11.24:273][  0]LogTemp: Display: Module 'AndroidTargetPlatform' loaded TargetPlatform 'Android_ETC1a'
[2019.06.20-16.11.24:273][  0]LogTemp: Display: Module 'AndroidTargetPlatform' loaded TargetPlatform 'Android_ETC2'
[2019.06.20-16.11.24:273][  0]LogTemp: Display: Module 'AndroidTargetPlatform' loaded TargetPlatform 'Android_PVRTC'
[2019.06.20-16.11.24:273][  0]LogTemp: Display: Module 'AndroidTargetPlatform' loaded TargetPlatform 'AndroidClient'
[2019.06.20-16.11.24:273][  0]LogTemp: Display: Module 'AndroidTargetPlatform' loaded TargetPlatform 'Android_ASTCClient'
[2019.06.20-16.11.24:273][  0]LogTemp: Display: Module 'AndroidTargetPlatform' loaded TargetPlatform 'Android_ATCClient'
[2019.06.20-16.11.24:273][  0]LogTemp: Display: Module 'AndroidTargetPlatform' loaded TargetPlatform 'Android_DXTClient'
[2019.06.20-16.11.24:273][  0]LogTemp: Display: Module 'AndroidTargetPlatform' loaded TargetPlatform 'Android_ETC1Client'
[2019.06.20-16.11.24:273][  0]LogTemp: Display: Module 'AndroidTargetPlatform' loaded TargetPlatform 'Android_ETC1aClient'
[2019.06.20-16.11.24:273][  0]LogTemp: Display: Module 'AndroidTargetPlatform' loaded TargetPlatform 'Android_ETC2Client'
[2019.06.20-16.11.24:273][  0]LogTemp: Display: Module 'AndroidTargetPlatform' loaded TargetPlatform 'Android_PVRTCClient'
[2019.06.20-16.11.24:273][  0]LogTemp: Display: Module 'AndroidTargetPlatform' loaded TargetPlatform 'Android_Multi'
[2019.06.20-16.11.24:273][  0]LogTemp: Display: Module 'AndroidTargetPlatform' loaded TargetPlatform 'Android_MultiClient'
[2019.06.20-16.11.24:278][  0]LogTemp: Display: Module 'HTML5TargetPlatform' loaded TargetPlatform 'HTML5'
[2019.06.20-16.11.24:359][  0]LogTemp: Display: Module 'IOSTargetPlatform' loaded TargetPlatform 'IOSClient'
[2019.06.20-16.11.24:359][  0]LogTemp: Display: Module 'IOSTargetPlatform' loaded TargetPlatform 'IOS'
[2019.06.20-16.11.24:398][  0]LogTemp: Display: Module 'TVOSTargetPlatform' loaded TargetPlatform 'TVOSClient'
[2019.06.20-16.11.24:398][  0]LogTemp: Display: Module 'TVOSTargetPlatform' loaded TargetPlatform 'TVOS'
[2019.06.20-16.11.24:420][  0]LogTemp: Display: Module 'LinuxClientTargetPlatform' loaded TargetPlatform 'LinuxClient'
[2019.06.20-16.11.24:441][  0]LogTemp: Display: Module 'LinuxNoEditorTargetPlatform' loaded TargetPlatform 'LinuxNoEditor'
[2019.06.20-16.11.24:463][  0]LogTemp: Display: Module 'LinuxServerTargetPlatform' loaded TargetPlatform 'LinuxServer'
[2019.06.20-16.11.24:494][  0]LogTemp: Display: Module 'LinuxTargetPlatform' loaded TargetPlatform 'Linux'
[2019.06.20-16.11.24:573][  0]LogTemp: Display: Module 'LuminTargetPlatform' loaded TargetPlatform 'Lumin'
[2019.06.20-16.11.24:573][  0]LogTemp: Display: Module 'LuminTargetPlatform' loaded TargetPlatform 'LuminClient'
[2019.06.20-16.11.24:573][  0]LogTargetPlatformManager: Display: Building Assets For Windows
[2019.06.20-16.11.24:630][  0]LogAudioDebug: Display: Lib vorbis DLL was dynamically loaded.
[2019.06.20-16.11.24:778][  0]LogShaderCompilers: Guid format shader working directory is -13 characters bigger than the processId version (../../../../../../Users/Ether/Documents/GitHub/Game-Project/Intermediate/Shaders/WorkingDirectory/5608/).
[2019.06.20-16.11.24:778][  0]LogShaderCompilers: Cleaned the shader compiler working directory 'C:/Users/Ether/AppData/Local/Temp/UnrealShaderWorkingDir/BD8FBC7C4BF57B091C354B9A73F2071C/'.
[2019.06.20-16.11.24:782][  0]LogXGEController: Cleaning working directory: C:/Users/Ether/AppData/Local/Temp/UnrealXGEWorkingDir/
[2019.06.20-16.11.24:782][  0]LogXGEController: Cannot use XGE Controller as Incredibuild is not installed on this machine.
[2019.06.20-16.11.24:783][  0]LogShaderCompilers: Cannot use XGE Shader Compiler as Incredibuild is not installed on this machine.
[2019.06.20-16.11.24:783][  0]LogShaderCompilers: Display: Using Local Shader Compiler.
[2019.06.20-16.11.27:997][  0]LogDerivedDataCache: Display: Max Cache Size: 512 MB
[2019.06.20-16.11.28:301][  0]LogDerivedDataCache: Loaded boot cache 0.30s 71MB C:/Users/Ether/AppData/Local/UnrealEngine/4.22/DerivedDataCache/Boot.ddc.
[2019.06.20-16.11.28:301][  0]LogDerivedDataCache: Display: Loaded Boot cache: C:/Users/Ether/AppData/Local/UnrealEngine/4.22/DerivedDataCache/Boot.ddc
[2019.06.20-16.11.28:301][  0]LogDerivedDataCache: FDerivedDataBackendGraph:  Pak pak cache file ../../../../../../Users/Ether/Documents/GitHub/Game-Project/DerivedDataCache/DDC.ddp not found, will not use a pak cache.
[2019.06.20-16.11.28:301][  0]LogDerivedDataCache: Unable to find inner node Pak for hierarchical cache Hierarchy.
[2019.06.20-16.11.28:301][  0]LogDerivedDataCache: FDerivedDataBackendGraph:  CompressedPak pak cache file ../../../../../../Users/Ether/Documents/GitHub/Game-Project/DerivedDataCache/Compressed.ddp not found, will not use a pak cache.
[2019.06.20-16.11.28:301][  0]LogDerivedDataCache: Unable to find inner node CompressedPak for hierarchical cache Hierarchy.
[2019.06.20-16.11.28:328][  0]LogDerivedDataCache: Display: Pak cache opened for reading ../../../Engine/DerivedDataCache/Compressed.ddp.
[2019.06.20-16.11.28:328][  0]LogDerivedDataCache: FDerivedDataBackendGraph:  EnterprisePak pak cache file ../../../Enterprise/DerivedDataCache/Compressed.ddp not found, will not use a pak cache.
[2019.06.20-16.11.28:328][  0]LogDerivedDataCache: Unable to find inner node EnterprisePak for hierarchical cache Hierarchy.
[2019.06.20-16.11.28:341][  0]LogDerivedDataCache: Using Local data cache path C:/Users/Ether/AppData/Local/UnrealEngine/Common/DerivedDataCache: Writable
[2019.06.20-16.11.28:341][  0]LogDerivedDataCache: Shared data cache path not found in *engine.ini, will not use an Shared cache.
[2019.06.20-16.11.28:341][  0]LogDerivedDataCache: Unable to find inner node Shared for hierarchical cache Hierarchy.
[2019.06.20-16.11.28:379][  0]LogMaterial: Verifying Global Shaders for PCD3D_SM5
[2019.06.20-16.11.28:386][  0]LogSlate: Using FreeType 2.6.0
[2019.06.20-16.11.28:407][  0]LogSlate: SlateFontServices - WITH_FREETYPE: 1, WITH_HARFBUZZ: 1
[2019.06.20-16.11.28:812][  0]LogAssetRegistry: FAssetRegistry took 0.0436 seconds to start up
[2019.06.20-16.11.29:579][  0]LogInit: Selected Device Profile: [Windows]
[2019.06.20-16.11.29:992][  0]LogMeshReduction: Using QuadricMeshReduction for automatic static mesh reduction
[2019.06.20-16.11.29:992][  0]LogMeshReduction: Using SimplygonMeshReduction for automatic skeletal mesh reduction
[2019.06.20-16.11.29:992][  0]LogMeshReduction: Using ProxyLODMeshReduction for automatic mesh merging
[2019.06.20-16.11.29:992][  0]LogMeshReduction: No distributed automatic mesh merging module available
[2019.06.20-16.11.29:993][  0]LogMeshMerging: No distributed automatic mesh merging module available
[2019.06.20-16.11.30:065][  0]LogNetVersion: MyProject2 1.0.0, NetCL: 5660361, EngineNetVer: 10, GameNetVer: 0 (Checksum: 4139302413)
[2019.06.20-16.11.31:592][  0]LogPackageLocalizationCache: Processed 10 localized package path(s) for 1 prioritized culture(s) in 0.080009 seconds
[2019.06.20-16.11.31:605][  0]LogUObjectArray: 42205 objects as part of root set at end of initial load.
[2019.06.20-16.11.31:605][  0]LogUObjectAllocator: 7325032 out of 0 bytes used by permanent object pool.
[2019.06.20-16.11.31:605][  0]LogUObjectArray: CloseDisregardForGC: 0/0 objects in disregard for GC pool
[2019.06.20-16.11.36:055][  0]LogTcpMessaging: Initializing TcpMessaging bridge
[2019.06.20-16.11.36:074][  0]LogUdpMessaging: Initializing bridge on interface 0.0.0.0:0 to multicast group 230.0.0.1:6666.
[2019.06.20-16.11.36:288][  0]SourceControl: Source control is disabled
[2019.06.20-16.11.36:288][  0]SourceControl: Source control is disabled
[2019.06.20-16.11.36:299][  0]SourceControl: Source control is disabled
[2019.06.20-16.11.36:304][  0]SourceControl: Source control is disabled
[2019.06.20-16.11.36:570][  0]LogAndroidPermission: UAndroidPermissionCallbackProxy::GetInstance
[2019.06.20-16.11.36:748][  0]LogOcInput: OculusInput pre-init called
[2019.06.20-16.11.37:821][  0]LogEngine: Initializing Engine...
[2019.06.20-16.11.37:825][  0]LogHMD: Failed to initialize OpenVR with code 110
[2019.06.20-16.11.37:830][  0]LogStats: UGameplayTagsManager::InitializeManager -  0.002 s
[2019.06.20-16.11.38:370][  0]LogInit: Initializing FReadOnlyCVARCache
[2019.06.20-16.11.38:445][  0]LogAIModule: Creating AISystem for world Untitled
[2019.06.20-16.11.38:513][  0]LogInit: XAudio2 using 'NS-32E570A11 (NVIDIA High Definition Audio)' : 2 channels at 48 kHz using 16 bits per sample (channel mask 0x3)
[2019.06.20-16.11.38:593][  0]LogInit: FAudioDevice initialized.
[2019.06.20-16.11.38:594][  0]LogNetVersion: Set ProjectVersion to 1.0.0.0. Version Checksum will be recalculated on next use.
[2019.06.20-16.11.38:713][  0]LogDerivedDataCache: Saved boot cache 0.12s 71MB C:/Users/Ether/AppData/Local/UnrealEngine/4.22/DerivedDataCache/Boot.ddc.
[2019.06.20-16.11.38:727][  0]LogInit: Texture streaming: Enabled
[2019.06.20-16.11.38:788][  0]LogEngineSessionManager: EngineSessionManager initialized
[2019.06.20-16.11.38:831][  0]LogInit: Transaction tracking system initialized
[2019.06.20-16.11.38:894][  0]BlueprintLog: New page: Editor Load
[2019.06.20-16.11.39:124][  0]LocalizationService: Localization service is disabled
[2019.06.20-16.11.39:948][  0]LogFileCache: Scanning file cache for directory 'C:/Users/Ether/Documents/GitHub/Game-Project/Content/' took 0.03s
[2019.06.20-16.11.39:948][  0]LogCook: Display: Max memory allowance for cook 16384mb min free memory 0mb
[2019.06.20-16.11.39:948][  0]LogCook: Display: Mobile HDR setting 1
[2019.06.20-16.11.40:577][  0]SourceControl: Source control is disabled
[2019.06.20-16.11.40:579][  0]Cmd: MAP LOAD FILE="../../../../../../Users/Ether/Documents/GitHub/Game-Project/Content/SideScrollerBP/Maps/SideScrollerExampleMap.umap" TEMPLATE=0 SHOWPROGRESS=1 FEATURELEVEL=3
[2019.06.20-16.11.40:581][  0]LightingResults: New page: Lighting Build
[2019.06.20-16.11.40:595][  0]MapCheck: New page: Map Check
[2019.06.20-16.11.40:595][  0]LightingResults: New page: Lighting Build
[2019.06.20-16.11.40:660][  0]LogUObjectHash: Compacting FUObjectHashTables data took   3.24ms
[2019.06.20-16.11.41:103][  0]LogBlueprint: Warning: [Compiler Ue4ASP_Character] InputAction Event references unknown Action 'Crouch' for  InputAction Crouch
[2019.06.20-16.11.41:127][  0]LogBlueprint: Warning: [Compiler Ue4ASP_Character] [0027.46] Compile of Ue4ASP_Character successful, but with 1 Warning(s) [in 89 ms] (/Game/AnimStarterPack/Ue4ASP_Character.Ue4ASP_Character)
[2019.06.20-16.11.41:278][  0]LogBlueprint: Error: [Compiler SideScrollerCharacter] This blueprint (self) is not a Controller, therefore ' Target ' must have a connection.
[2019.06.20-16.11.41:278][  0]LogBlueprint: Error: [Compiler SideScrollerCharacter] This blueprint (self) is not a PlayerController, therefore ' Target ' must have a connection.
[2019.06.20-16.11.41:291][  0]LogBlueprint: Warning: [Compiler SideScrollerCharacter] [0027.62] Compile of SideScrollerCharacter failed. 2 Fatal Issue(s) 0 Warning(s) [in 34 ms] (/Game/SideScrollerBP/Blueprints/SideScrollerCharacter.SideScrollerCharacter)
[2019.06.20-16.11.42:188][  0]LogAIModule: Creating AISystem for world SideScrollerExampleMap
[2019.06.20-16.11.42:259][  0]LogEditorServer: Finished looking for orphan Actors (0.000 secs)
[2019.06.20-16.11.42:322][  0]LogUObjectHash: Compacting FUObjectHashTables data took   4.49ms
[2019.06.20-16.11.42:323][  0]Cmd: MAP CHECKDEP NOCLEARLOG
[2019.06.20-16.11.42:323][  0]MapCheck: Map check complete: 0 Error(s), 0 Warning(s), took 0.185ms to complete.
[2019.06.20-16.11.42:323][  0]LogFileHelpers: Loading map 'SideScrollerExampleMap' took 1.746
[2019.06.20-16.11.42:553][  0]LogSlate: Updating window title bar state: overlay mode, drag disabled, window buttons hidden, title bar hidden
[2019.06.20-16.11.42:576][  0]LogSlate: Updating window title bar state: overlay mode, drag disabled, window buttons hidden, title bar hidden
[2019.06.20-16.11.42:594][  0]LogSlate: Updating window title bar state: overlay mode, drag disabled, window buttons hidden, title bar hidden
[2019.06.20-16.11.42:606][  0]LogSlate: Updating window title bar state: overlay mode, drag disabled, window buttons hidden, title bar hidden
[2019.06.20-16.11.42:627][  0]LogCollectionManager: Loaded 0 collections in 0.002173 seconds
[2019.06.20-16.11.42:692][  0]LogFileCache: Scanning file cache for directory 'C:/Users/Ether/Documents/GitHub/Game-Project/Saved/Collections/' took 0.01s
[2019.06.20-16.11.42:692][  0]LogFileCache: Scanning file cache for directory 'C:/Users/Ether/Documents/GitHub/Game-Project/Content/Developers/Ether/Collections/' took 0.01s
[2019.06.20-16.11.42:692][  0]LogFileCache: Scanning file cache for directory 'C:/Users/Ether/Documents/GitHub/Game-Project/Content/Collections/' took 0.01s
[2019.06.20-16.11.42:692][  0]LogCollectionManager: Rebuilt the GUID cache for 0 collections in 0.000001 seconds
[2019.06.20-16.11.42:709][  0]LogContentBrowser: Native class hierarchy populated in 0.0156 seconds. Added 2732 classes and 659 folders.
[2019.06.20-16.11.42:731][  0]LogContentBrowser: Native class hierarchy updated for 'WidgetCarousel' in 0.0004 seconds. Added 0 classes and 0 folders.
[2019.06.20-16.11.42:745][  0]LogPakFile: Registered encryption key '00000000000000000000000000000000': 0 pak files mounted, 0 remain pending
[2019.06.20-16.11.42:758][  0]LogPakFile: Registered encryption key '00000000000000000000000000000000': 0 pak files mounted, 0 remain pending
[2019.06.20-16.11.42:780][  0]LogPakFile: Registered encryption key '00000000000000000000000000000000': 0 pak files mounted, 0 remain pending
[2019.06.20-16.11.42:787][  0]LogPakFile: Registered encryption key '00000000000000000000000000000000': 0 pak files mounted, 0 remain pending
[2019.06.20-16.11.42:796][  0]LogPakFile: Registered encryption key '00000000000000000000000000000000': 0 pak files mounted, 0 remain pending
[2019.06.20-16.11.42:803][  0]LogPakFile: Registered encryption key '00000000000000000000000000000000': 0 pak files mounted, 0 remain pending
[2019.06.20-16.11.42:810][  0]LogPakFile: Registered encryption key '00000000000000000000000000000000': 0 pak files mounted, 0 remain pending
[2019.06.20-16.11.42:817][  0]LogPakFile: Registered encryption key '00000000000000000000000000000000': 0 pak files mounted, 0 remain pending
[2019.06.20-16.11.42:825][  0]LogPakFile: Registered encryption key '00000000000000000000000000000000': 0 pak files mounted, 0 remain pending
[2019.06.20-16.11.42:842][  0]LogPakFile: Registered encryption key '00000000000000000000000000000000': 0 pak files mounted, 0 remain pending
[2019.06.20-16.11.42:849][  0]LogPakFile: Registered encryption key '00000000000000000000000000000000': 0 pak files mounted, 0 remain pending
[2019.06.20-16.11.42:857][  0]LogPakFile: Registered encryption key '00000000000000000000000000000000': 0 pak files mounted, 0 remain pending
[2019.06.20-16.11.42:865][  0]LogPakFile: Registered encryption key '00000000000000000000000000000000': 0 pak files mounted, 0 remain pending
[2019.06.20-16.11.42:872][  0]LogPakFile: Registered encryption key '00000000000000000000000000000000': 0 pak files mounted, 0 remain pending
[2019.06.20-16.11.42:879][  0]LogPakFile: Registered encryption key '00000000000000000000000000000000': 0 pak files mounted, 0 remain pending
[2019.06.20-16.11.42:885][  0]LogPakFile: Registered encryption key '00000000000000000000000000000000': 0 pak files mounted, 0 remain pending
[2019.06.20-16.11.42:923][  0]LogPakFile: Registered encryption key '00000000000000000000000000000000': 0 pak files mounted, 0 remain pending
[2019.06.20-16.11.42:931][  0]LogPakFile: Registered encryption key '00000000000000000000000000000000': 0 pak files mounted, 0 remain pending
[2019.06.20-16.11.42:939][  0]LogPakFile: Registered encryption key '00000000000000000000000000000000': 0 pak files mounted, 0 remain pending
[2019.06.20-16.11.42:945][  0]LogPakFile: Registered encryption key '00000000000000000000000000000000': 0 pak files mounted, 0 remain pending
[2019.06.20-16.11.42:952][  0]LogPakFile: Registered encryption key '00000000000000000000000000000000': 0 pak files mounted, 0 remain pending
[2019.06.20-16.11.42:958][  0]LogPakFile: Registered encryption key '00000000000000000000000000000000': 0 pak files mounted, 0 remain pending
[2019.06.20-16.11.42:965][  0]LogPakFile: Registered encryption key '00000000000000000000000000000000': 0 pak files mounted, 0 remain pending
[2019.06.20-16.11.42:972][  0]LogPakFile: Registered encryption key '00000000000000000000000000000000': 0 pak files mounted, 0 remain pending
[2019.06.20-16.11.42:978][  0]LogPakFile: Registered encryption key '00000000000000000000000000000000': 0 pak files mounted, 0 remain pending
[2019.06.20-16.11.42:985][  0]LogPakFile: Registered encryption key '00000000000000000000000000000000': 0 pak files mounted, 0 remain pending
[2019.06.20-16.11.43:161][  0]LogContentBrowser: Native class hierarchy updated for 'AddContentDialog' in 0.0003 seconds. Added 0 classes and 0 folders.
[2019.06.20-16.11.43:180][  0]LogContentBrowser: Native class hierarchy updated for 'SceneOutliner' in 0.0005 seconds. Added 1 classes and 2 folders.
[2019.06.20-16.11.43:275][  0]LogSlate: Took 0.009350 seconds to synchronously load lazily loaded font '../../../Engine/Content/Slate/Fonts/Roboto-Regular.ttf' (155K)
[2019.06.20-16.11.43:285][  0]LogSlate: Took 0.006334 seconds to synchronously load lazily loaded font '../../../Engine/Content/Slate/Fonts/Roboto-Bold.ttf' (160K)
[2019.06.20-16.11.43:302][  0]LogSlate: Took 0.007142 seconds to synchronously load lazily loaded font '../../../Engine/Content/Editor/Slate/Fonts/FontAwesome.ttf' (139K)
[2019.06.20-16.11.43:495][  0]LogRenderer: Reallocating scene render targets to support 804x536 Format 10 NumSamples 1 (Frame:1).
[2019.06.20-16.11.43:766][  0]LogContentBrowser: Native class hierarchy updated for 'HierarchicalLODOutliner' in 0.0004 seconds. Added 0 classes and 0 folders.
[2019.06.20-16.11.43:766][  0]LogLoad: (Engine Initialization) Total time: 30.09 seconds
[2019.06.20-16.11.43:766][  0]LogLoad: (Engine Initialization) Total Blueprint compile time: 0.00 seconds
[2019.06.20-16.11.43:837][  0]LogContentStreaming: Texture pool size now 1000 MB
[2019.06.20-16.11.43:896][  0]LogSlate: Took 0.006380 seconds to synchronously load lazily loaded font '../../../Engine/Content/Slate/Fonts/Roboto-Light.ttf' (167K)
[2019.06.20-16.11.43:960][  1]LogAssetRegistry: Asset discovery search completed in 15.1715 seconds
[2019.06.20-16.11.43:964][  1]LogCollectionManager: Rebuilt the object cache for 0 collections in 0.000001 seconds (found 0 objects)
[2019.06.20-16.11.43:964][  1]LogCollectionManager: Fixed up redirectors for 0 collections in 0.000367 seconds (updated 0 objects)
[2019.06.20-16.11.47:748][327]LogRenderer: Reallocating scene render targets to support 1208x572 Format 10 NumSamples 1 (Frame:328).
[2019.06.20-16.11.55:391][228]LogSlate: FSceneViewport::OnFocusLost() reason 0
[2019.06.20-16.11.55:499][241]LogTemp: Repeating last play command: Simulate
[2019.06.20-16.11.55:532][241]LogBlueprintUserMessages: Early PlayInEditor Detection: Level '/Game/SideScrollerBP/Maps/SideScrollerExampleMap.SideScrollerExampleMap:PersistentLevel' has LevelScriptBlueprint '/Game/SideScrollerBP/Maps/SideScrollerExampleMap.SideScrollerExampleMap:PersistentLevel.SideScrollerExampleMap' with GeneratedClass '/Game/SideScrollerBP/Maps/SideScrollerExampleMap.SideScrollerExampleMap_C' with ClassGeneratedBy '/Game/SideScrollerBP/Maps/SideScrollerExampleMap.SideScrollerExampleMap:PersistentLevel.SideScrollerExampleMap'
[2019.06.20-16.11.55:533][241]LogPlayLevel: PlayLevel: No blueprints needed recompiling
[2019.06.20-16.12.01:045][241]LogSlate: Window 'Message' being destroyed
[2019.06.20-16.12.02:317][362]LogSlate: Took 0.000339 seconds to synchronously load lazily loaded font '../../../Engine/Content/Slate/Fonts/Roboto-Light.ttf' (167K)
[2019.06.20-16.12.02:327][362]LogAssetEditorManager: Opening Asset editor for Blueprint /Game/SideScrollerBP/Blueprints/SideScrollerCharacter.SideScrollerCharacter
[2019.06.20-16.12.02:847][362]LogContentBrowser: Native class hierarchy updated for 'BlueprintGraph' in 0.0009 seconds. Added 121 classes and 0 folders.
[2019.06.20-16.12.04:128][362]LogSlate: Took 0.007326 seconds to synchronously load lazily loaded font '../../../Engine/Content/Slate/Fonts/Roboto-BoldCondensed.ttf' (158K)
[2019.06.20-16.12.04:368][363]LogSlate: Took 0.005959 seconds to synchronously load lazily loaded font '../../../Engine/Content/Slate/Fonts/Roboto-Italic.ttf' (157K)
[2019.06.20-16.12.12:224][ 12]BlueprintLog: New page: Compile SideScrollerCharacter
[2019.06.20-16.12.12:279][ 12]LogBlueprint: Error: [Compiler SideScrollerCharacter] This blueprint (self) is not a Controller, therefore ' Target ' must have a connection.
[2019.06.20-16.12.12:280][ 12]LogBlueprint: Error: [Compiler SideScrollerCharacter] This blueprint (self) is not a PlayerController, therefore ' Target ' must have a connection.
[2019.06.20-16.12.12:611][ 12]LogUObjectHash: Compacting FUObjectHashTables data took   5.99ms
[2019.06.20-16.12.12:645][ 12]LogBlueprint: Warning: [Compiler SideScrollerCharacter] [0058.97] Compile of SideScrollerCharacter failed. 2 Fatal Issue(s) 0 Warning(s) [in 421 ms] (/Game/SideScrollerBP/Blueprints/SideScrollerCharacter.SideScrollerCharacter)
[2019.06.20-16.13.15:005][759]BlueprintLog: New page: Compile SideScrollerCharacter
[2019.06.20-16.13.15:030][759]LogBlueprint: Error: [Compiler SideScrollerCharacter] This blueprint (self) is not a Controller, therefore ' Target ' must have a connection.
[2019.06.20-16.13.15:324][759]LogUObjectHash: Compacting FUObjectHashTables data took   6.57ms
[2019.06.20-16.13.15:357][759]LogBlueprint: Warning: [Compiler SideScrollerCharacter] [0121.68] Compile of SideScrollerCharacter failed. 1 Fatal Issue(s) 0 Warning(s) [in 351 ms] (/Game/SideScrollerBP/Blueprints/SideScrollerCharacter.SideScrollerCharacter)
[2019.06.20-16.13.30:684][481]BlueprintLog: New page: Compile SideScrollerCharacter
[2019.06.20-16.13.30:998][481]LogUObjectHash: Compacting FUObjectHashTables data took   6.38ms
[2019.06.20-16.13.34:216][831]LogTemp: Repeating last play command: Simulate
[2019.06.20-16.13.34:263][831]LogBlueprintUserMessages: Early PlayInEditor Detection: Level '/Game/SideScrollerBP/Maps/SideScrollerExampleMap.SideScrollerExampleMap:PersistentLevel' has LevelScriptBlueprint '/Game/SideScrollerBP/Maps/SideScrollerExampleMap.SideScrollerExampleMap:PersistentLevel.SideScrollerExampleMap' with GeneratedClass '/Game/SideScrollerBP/Maps/SideScrollerExampleMap.SideScrollerExampleMap_C' with ClassGeneratedBy '/Game/SideScrollerBP/Maps/SideScrollerExampleMap.SideScrollerExampleMap:PersistentLevel.SideScrollerExampleMap'
[2019.06.20-16.13.34:264][831]LogPlayLevel: PlayLevel: No blueprints needed recompiling
[2019.06.20-16.13.34:269][831]PIE: New page: SIE session: SideScrollerExampleMap (Jun 20, 2019, 8:13:34 AM)
[2019.06.20-16.13.34:285][831]LogPlayLevel: Creating play world package: /Game/SideScrollerBP/Maps/UEDPIE_0_SideScrollerExampleMap
[2019.06.20-16.13.34:306][831]LogPlayLevel: PIE: StaticDuplicateObject took: (0.021012s)
[2019.06.20-16.13.34:308][831]LogAIModule: Creating AISystem for world SideScrollerExampleMap
[2019.06.20-16.13.34:309][831]LogPlayLevel: PIE: World Init took: (0.002145s)
[2019.06.20-16.13.34:309][831]LogPlayLevel: PIE: Created PIE world by copying editor world from /Game/SideScrollerBP/Maps/SideScrollerExampleMap.SideScrollerExampleMap to /Game/SideScrollerBP/Maps/UEDPIE_0_SideScrollerExampleMap.SideScrollerExampleMap (0.023894s)
[2019.06.20-16.13.34:373][831]LogUObjectHash: Compacting FUObjectHashTables data took   6.12ms
[2019.06.20-16.13.34:408][831]LogInit: XAudio2 using 'NS-32E570A11 (NVIDIA High Definition Audio)' : 2 channels at 48 kHz using 16 bits per sample (channel mask 0x3)
[2019.06.20-16.13.34:422][831]LogInit: FAudioDevice initialized.
[2019.06.20-16.13.34:439][831]LogHardwareCursor: Error: Failed to load cursor '../../../../../../Users/Ether/Documents/GitHub/Game-Project/Content/None'.  If you included a file extension or the size information '_WidthxHeight' remove them.
[2019.06.20-16.13.34:494][831]LogLoad: Game class is 'SideScrollerGameMode_C'
[2019.06.20-16.13.34:504][831]LogWorld: Bringing World /Game/SideScrollerBP/Maps/UEDPIE_0_SideScrollerExampleMap.SideScrollerExampleMap up for play (max tick rate 0) at 2019.06.20-12.13.34
[2019.06.20-16.13.34:516][831]LogWorld: Bringing up level for play took: 0.014543
[2019.06.20-16.13.34:543][831]LogBlueprintActionDatabase: Requesting refresh due to module change: Voice (loaded)
[2019.06.20-16.13.34:550][831]LogBlueprintActionDatabase: Requesting refresh due to module change: MovieSceneCapture (loaded)
[2019.06.20-16.13.34:551][831]LogContentBrowser: Native class hierarchy updated for 'MovieSceneCapture' in 0.0005 seconds. Added 20 classes and 0 folders.
[2019.06.20-16.13.34:566][831]PIE: Play in editor start time for /Game/SideScrollerBP/Maps/UEDPIE_0_SideScrollerExampleMap 0.368
[2019.06.20-16.13.34:586][831]LogBlueprintUserMessages: Late PlayInEditor Detection: Level '/Game/SideScrollerBP/Maps/SideScrollerExampleMap.SideScrollerExampleMap:PersistentLevel' has LevelScriptBlueprint '/Game/SideScrollerBP/Maps/SideScrollerExampleMap.SideScrollerExampleMap:PersistentLevel.SideScrollerExampleMap' with GeneratedClass '/Game/SideScrollerBP/Maps/SideScrollerExampleMap.SideScrollerExampleMap_C' with ClassGeneratedBy '/Game/SideScrollerBP/Maps/SideScrollerExampleMap.SideScrollerExampleMap:PersistentLevel.SideScrollerExampleMap'
[2019.06.20-16.13.35:056][833]LogBlueprintUserMessages: [NPC_AI_SS_C_0] Guard1 sees Guard1AISense_Hearing
[2019.06.20-16.13.39:359][226]LogBlueprintUserMessages: [NPC_AI_SS_C_0] Guard1 sees SideScrollerCharacter_C_0AISense_Sight
[2019.06.20-16.13.40:178][323]LogBlueprintUserMessages: [Power_Pellet_10] 110
[2019.06.20-16.13.40:659][376]LogBlueprintUserMessages: [NPC_AI_SS_C_0] Guard1 sees SideScrollerCharacter_C_0AISense_Hearing
[2019.06.20-16.13.40:677][378]LogBlueprintUserMessages: [NPC_AI_SS_C_0] Guard1 sees SideScrollerCharacter_C_0AISense_Sight
[2019.06.20-16.13.43:722][714]LogBlueprintUserMessages: [Ouch_Pellet_2] 0.75
[2019.06.20-16.13.45:032][870]LogBlueprintUserMessages: [Ouch_Pellet3_11] 0.5
[2019.06.20-16.13.46:642][ 63]LogBlueprintUserMessages: [Ouch_Pellet2_5] 0.25
[2019.06.20-16.13.51:664][665]LogBlueprintUserMessages: [Ouch_Pellet4_14] 0.0
[2019.06.20-16.13.53:410][874]LogBlueprintUserMessages: [NPC_AI_SS_C_0] Guard1 sees SideScrollerCharacter_C_0AISense_Sight
[2019.06.20-16.13.53:827][924]LogBlueprintUserMessages: [NPC_AI_SS_C_0] Guard1 sees Guard1AISense_Hearing
[2019.06.20-16.13.56:944][298]LogBlueprintUserMessages: [NPC_AI_SS_C_0] Guard1 sees SideScrollerCharacter_C_0AISense_Sight
[2019.06.20-16.13.57:305][341]LogBlueprintUserMessages: Early EndPlayMap Detection: Level '/Game/SideScrollerBP/Maps/SideScrollerExampleMap.SideScrollerExampleMap:PersistentLevel' has LevelScriptBlueprint '/Game/SideScrollerBP/Maps/SideScrollerExampleMap.SideScrollerExampleMap:PersistentLevel.SideScrollerExampleMap' with GeneratedClass '/Game/SideScrollerBP/Maps/SideScrollerExampleMap.SideScrollerExampleMap_C' with ClassGeneratedBy '/Game/SideScrollerBP/Maps/SideScrollerExampleMap.SideScrollerExampleMap:PersistentLevel.SideScrollerExampleMap'
[2019.06.20-16.13.57:307][341]LogSlate: Updating window title bar state: overlay mode, drag disabled, window buttons hidden, title bar hidden
[2019.06.20-16.13.57:344][341]LogPlayLevel: Display: Shutting down PIE online subsystems
[2019.06.20-16.13.57:345][341]LogBlueprintUserMessages: Late EndPlayMap Detection: Level '/Game/SideScrollerBP/Maps/SideScrollerExampleMap.SideScrollerExampleMap:PersistentLevel' has LevelScriptBlueprint '/Game/SideScrollerBP/Maps/SideScrollerExampleMap.SideScrollerExampleMap:PersistentLevel.SideScrollerExampleMap' with GeneratedClass '/Game/SideScrollerBP/Maps/SideScrollerExampleMap.SideScrollerExampleMap_C' with ClassGeneratedBy '/Game/SideScrollerBP/Maps/SideScrollerExampleMap.SideScrollerExampleMap:PersistentLevel.SideScrollerExampleMap'
[2019.06.20-16.13.57:418][341]LogSlate: Updating window title bar state: overlay mode, drag disabled, window buttons hidden, title bar hidden
[2019.06.20-16.13.57:468][341]LogUObjectHash: Compacting FUObjectHashTables data took   9.89ms
[2019.06.20-16.13.57:494][342]LogPlayLevel: Display: Destroying online subsystem :Context_5
[2019.06.20-16.14.01:651][824]LogSlate: FSceneViewport::OnFocusLost() reason 0
[2019.06.20-16.14.01:760][837]LogTemp: Repeating last play command: Simulate
[2019.06.20-16.14.01:789][837]LogBlueprintUserMessages: Early PlayInEditor Detection: Level '/Game/SideScrollerBP/Maps/SideScrollerExampleMap.SideScrollerExampleMap:PersistentLevel' has LevelScriptBlueprint '/Game/SideScrollerBP/Maps/SideScrollerExampleMap.SideScrollerExampleMap:PersistentLevel.SideScrollerExampleMap' with GeneratedClass '/Game/SideScrollerBP/Maps/SideScrollerExampleMap.SideScrollerExampleMap_C' with ClassGeneratedBy '/Game/SideScrollerBP/Maps/SideScrollerExampleMap.SideScrollerExampleMap:PersistentLevel.SideScrollerExampleMap'
[2019.06.20-16.14.01:789][837]LogPlayLevel: PlayLevel: No blueprints needed recompiling
[2019.06.20-16.14.01:790][837]PIE: New page: SIE session: SideScrollerExampleMap (Jun 20, 2019, 8:14:01 AM)
[2019.06.20-16.14.01:790][837]LogPlayLevel: Creating play world package: /Game/SideScrollerBP/Maps/UEDPIE_0_SideScrollerExampleMap
[2019.06.20-16.14.01:813][837]LogPlayLevel: PIE: StaticDuplicateObject took: (0.022384s)
[2019.06.20-16.14.01:815][837]LogAIModule: Creating AISystem for world SideScrollerExampleMap
[2019.06.20-16.14.01:815][837]LogPlayLevel: PIE: World Init took: (0.001966s)
[2019.06.20-16.14.01:816][837]LogPlayLevel: PIE: Created PIE world by copying editor world from /Game/SideScrollerBP/Maps/SideScrollerExampleMap.SideScrollerExampleMap to /Game/SideScrollerBP/Maps/UEDPIE_0_SideScrollerExampleMap.SideScrollerExampleMap (0.025228s)
[2019.06.20-16.14.01:880][837]LogUObjectHash: Compacting FUObjectHashTables data took   5.51ms
[2019.06.20-16.14.01:913][837]LogInit: XAudio2 using 'NS-32E570A11 (NVIDIA High Definition Audio)' : 2 channels at 48 kHz using 16 bits per sample (channel mask 0x3)
[2019.06.20-16.14.01:925][837]LogInit: FAudioDevice initialized.
[2019.06.20-16.14.01:940][837]LogHardwareCursor: Error: Failed to load cursor '../../../../../../Users/Ether/Documents/GitHub/Game-Project/Content/None'.  If you included a file extension or the size information '_WidthxHeight' remove them.
[2019.06.20-16.14.01:973][837]LogLoad: Game class is 'SideScrollerGameMode_C'
[2019.06.20-16.14.01:976][837]LogWorld: Bringing World /Game/SideScrollerBP/Maps/UEDPIE_0_SideScrollerExampleMap.SideScrollerExampleMap up for play (max tick rate 0) at 2019.06.20-12.14.01
[2019.06.20-16.14.01:977][837]LogWorld: Bringing up level for play took: 0.003229
[2019.06.20-16.14.01:991][837]PIE: Play in editor start time for /Game/SideScrollerBP/Maps/UEDPIE_0_SideScrollerExampleMap -0.207
[2019.06.20-16.14.01:992][837]LogBlueprintUserMessages: Late PlayInEditor Detection: Level '/Game/SideScrollerBP/Maps/SideScrollerExampleMap.SideScrollerExampleMap:PersistentLevel' has LevelScriptBlueprint '/Game/SideScrollerBP/Maps/SideScrollerExampleMap.SideScrollerExampleMap:PersistentLevel.SideScrollerExampleMap' with GeneratedClass '/Game/SideScrollerBP/Maps/SideScrollerExampleMap.SideScrollerExampleMap_C' with ClassGeneratedBy '/Game/SideScrollerBP/Maps/SideScrollerExampleMap.SideScrollerExampleMap:PersistentLevel.SideScrollerExampleMap'
[2019.06.20-16.14.02:056][841]LogBlueprintUserMessages: [NPC_AI_SS_C_0] Guard1 sees Guard1AISense_Hearing
[2019.06.20-16.14.05:290][181]LogBlueprintUserMessages: [Power_Pellet_10] 110
[2019.06.20-16.14.06:443][319]LogBlueprintUserMessages: [NPC_AI_SS_C_0] Guard1 sees SideScrollerCharacter_C_0AISense_Sight
[2019.06.20-16.14.06:886][372]LogBlueprintUserMessages: [NPC_AI_SS_C_0] Guard1 sees SideScrollerCharacter_C_0AISense_Sight
[2019.06.20-16.14.08:029][509]LogBlueprintUserMessages: [SideScrollerCharacter_C_0] 100
[2019.06.20-16.14.08:271][538]LogBlueprintUserMessages: [SideScrollerCharacter_C_0] 90
[2019.06.20-16.14.08:480][563]LogBlueprintUserMessages: [SideScrollerCharacter_C_0] 80
[2019.06.20-16.14.08:699][589]LogBlueprintUserMessages: [SideScrollerCharacter_C_0] 70
[2019.06.20-16.14.08:891][612]LogBlueprintUserMessages: [SideScrollerCharacter_C_0] 60
[2019.06.20-16.14.11:822][963]LogBlueprintUserMessages: [NPC_AI_SS_C_0] Guard1 sees SideScrollerCharacter_C_0AISense_Sight
[2019.06.20-16.14.14:583][293]LogBlueprintUserMessages: [NPC_AI_SS_C_0] Guard1 sees SideScrollerCharacter_C_0AISense_Sight
[2019.06.20-16.14.17:030][586]LogBlueprintUserMessages: [NPC_AI_SS_C_0] Guard1 sees SideScrollerCharacter_C_0AISense_Hearing
[2019.06.20-16.14.18:163][721]LogBlueprintUserMessages: [NPC_AI_SS_C_0] Guard1 sees SideScrollerCharacter_C_0AISense_Sight
[2019.06.20-16.14.19:031][825]LogBlueprintUserMessages: [NPC_AI_SS_C_0] Guard1 sees SideScrollerCharacter_C_0AISense_Hearing
[2019.06.20-16.14.19:131][837]LogBlueprintUserMessages: [NPC_AI_SS_C_0] Guard1 sees SideScrollerCharacter_C_0AISense_Sight
[2019.06.20-16.14.19:781][915]LogBlueprintUserMessages: [Ouch_Pellet_2] 0.75
[2019.06.20-16.14.19:882][927]LogBlueprintUserMessages: [Ouch_Pellet3_11] 0.5
[2019.06.20-16.14.19:950][935]LogBlueprintUserMessages: [NPC_AI_SS_C_0] Guard1 sees SideScrollerCharacter_C_0AISense_Hearing
[2019.06.20-16.14.20:117][955]LogBlueprintUserMessages: [NPC_AI_SS_C_0] Guard1 sees SideScrollerCharacter_C_0AISense_Sight
[2019.06.20-16.14.20:584][ 11]LogBlueprintUserMessages: [NPC_AI_SS_C_0] Guard1 sees SideScrollerCharacter_C_0AISense_Sight
[2019.06.20-16.14.20:809][ 38]LogBlueprintUserMessages: [NPC_AI_SS_C_0] Guard1 sees Guard1AISense_Hearing
[2019.06.20-16.14.21:587][131]LogBlueprintUserMessages: [NPC_AI_SS_C_0] Guard1 sees SideScrollerCharacter_C_0AISense_Sight
[2019.06.20-16.14.21:695][144]LogBlueprintUserMessages: [Ouch_Pellet2_5] 0.25
[2019.06.20-16.14.22:348][222]LogBlueprintUserMessages: [NPC_AI_SS_C_0] Guard1 sees SideScrollerCharacter_C_0AISense_Sight
[2019.06.20-16.14.23:617][374]LogBlueprintUserMessages: [NPC_AI_SS_C_0] Guard1 sees SideScrollerCharacter_C_0AISense_Sight
[2019.06.20-16.14.23:934][412]LogBlueprintUserMessages: [NPC_AI_SS_C_0] Guard1 sees SideScrollerCharacter_C_0AISense_Sight
[2019.06.20-16.14.24:718][506]LogBlueprintUserMessages: [NPC_AI_SS_C_0] Guard1 sees Guard1AISense_Hearing
[2019.06.20-16.14.30:405][182]LogSlate: FSceneViewport::OnFocusLost() reason 0
[2019.06.20-16.14.31:069][253]LogBlueprintUserMessages: Early EndPlayMap Detection: Level '/Game/SideScrollerBP/Maps/SideScrollerExampleMap.SideScrollerExampleMap:PersistentLevel' has LevelScriptBlueprint '/Game/SideScrollerBP/Maps/SideScrollerExampleMap.SideScrollerExampleMap:PersistentLevel.SideScrollerExampleMap' with GeneratedClass '/Game/SideScrollerBP/Maps/SideScrollerExampleMap.SideScrollerExampleMap_C' with ClassGeneratedBy '/Game/SideScrollerBP/Maps/SideScrollerExampleMap.SideScrollerExampleMap:PersistentLevel.SideScrollerExampleMap'
[2019.06.20-16.14.31:069][253]LogSlate: Updating window title bar state: overlay mode, drag disabled, window buttons hidden, title bar hidden
[2019.06.20-16.14.31:110][253]LogPlayLevel: Display: Shutting down PIE online subsystems
[2019.06.20-16.14.31:111][253]LogBlueprintUserMessages: Late EndPlayMap Detection: Level '/Game/SideScrollerBP/Maps/SideScrollerExampleMap.SideScrollerExampleMap:PersistentLevel' has LevelScriptBlueprint '/Game/SideScrollerBP/Maps/SideScrollerExampleMap.SideScrollerExampleMap:PersistentLevel.SideScrollerExampleMap' with GeneratedClass '/Game/SideScrollerBP/Maps/SideScrollerExampleMap.SideScrollerExampleMap_C' with ClassGeneratedBy '/Game/SideScrollerBP/Maps/SideScrollerExampleMap.SideScrollerExampleMap:PersistentLevel.SideScrollerExampleMap'
[2019.06.20-16.14.31:183][253]LogSlate: Updating window title bar state: overlay mode, drag disabled, window buttons hidden, title bar hidden
[2019.06.20-16.14.31:191][253]LogUObjectHash: Compacting FUObjectHashTables data took   4.23ms
[2019.06.20-16.14.31:214][254]LogPlayLevel: Display: Destroying online subsystem :Context_6
[2019.06.20-16.22.36:473][357]LogUObjectHash: Compacting FUObjectHashTables data took   1.49ms
[2019.06.20-16.22.36:878][357]LogSavePackage: Moving '../../../../../../Users/Ether/Documents/GitHub/Game-Project/Saved/SideScrollerExampleMap_Auto19D64C28B453CA3D8158C60879485DE85.tmp' to '../../../../../../Users/Ether/Documents/GitHub/Game-Project/Saved/Autosaves/Game/SideScrollerBP/Maps/SideScrollerExampleMap_Auto1.umap'
[2019.06.20-16.22.36:888][357]LogFileHelpers: Editor autosave (incl. sublevels) for '/Game/SideScrollerBP/Maps/SideScrollerExampleMap' took 0.457
[2019.06.20-16.22.36:888][357]LogFileHelpers: Editor autosave (incl. sublevels) for all levels took 0.457
[2019.06.20-16.22.36:890][357]OBJ SavePackage: Generating thumbnails for [1] asset(s) in package [/Game/SideScrollerBP/Blueprints/SideScrollerCharacter] ([1] browsable assets)...
[2019.06.20-16.22.36:913][357]OBJ SavePackage:     Rendered thumbnail for [Blueprint /Game/SideScrollerBP/Blueprints/SideScrollerCharacter.SideScrollerCharacter]
[2019.06.20-16.22.36:914][357]OBJ SavePackage: Finished generating thumbnails for package [/Game/SideScrollerBP/Blueprints/SideScrollerCharacter]
[2019.06.20-16.22.37:014][357]LogSavePackage: Moving '../../../../../../Users/Ether/Documents/GitHub/Game-Project/Saved/SideScrollerCharacter_Auto194B8E38840B17C1B2722D589AE361608.tmp' to '../../../../../../Users/Ether/Documents/GitHub/Game-Project/Saved/Autosaves/Game/SideScrollerBP/Blueprints/SideScrollerCharacter_Auto1.uasset'
[2019.06.20-16.22.37:016][357]LogFileHelpers: Auto-saving content packages took 0.127
[2019.06.20-17.28.04:496][ 63]LogAudio: Warning: Current Audio Device with ID {0.0.0.00000000}.{df6ed0bf-de85-4f47-ad3d-334469097d27} was removed. Shutting down audio device.
[2019.06.20-17.28.04:497][ 63]LogInit: XAudio2 using 'Headset Earphone (2- Corsair VOID PRO Wireless Gaming Headset)' : 6 channels at 48 kHz using 16 bits per sample (channel mask 0x3f)
[2019.06.20-17.28.06:282][ 66]LogInit: XAudio2 using 'NS-32E570A11 (NVIDIA High Definition Audio)' : 2 channels at 48 kHz using 16 bits per sample (channel mask 0x3)
[2019.06.20-18.55.45:443][772]LogInit: XAudio2 using 'Headset Earphone (2- Corsair VOID PRO Wireless Gaming Headset)' : 6 channels at 48 kHz using 16 bits per sample (channel mask 0x3f)
[2019.06.20-22.56.36:515][539]LogAssetEditorManager: Opening Asset editor for StaticMesh /Game/FPS_Weapon_Bundle/Weapons/Meshes/AR4/SM_AR4.SM_AR4
[2019.06.20-22.56.36:534][539]LogBlueprintActionDatabase: Requesting refresh due to module change: StaticMeshEditor (loaded)
[2019.06.20-22.56.38:059][540]LogRenderer: Reallocating scene render targets to support 1432x920 Format 10 NumSamples 1 (Frame:1).
[2019.06.20-22.56.44:166][249]LogSlate: FSceneViewport::OnFocusLost() reason 0
[2019.06.20-22.56.57:336][798]LogSlate: FSceneViewport::OnFocusLost() reason 0
[2019.06.20-22.56.57:510][805]LogStaticMesh: Building static mesh SM_AR4...
[2019.06.20-22.56.57:532][805]LogBlueprintActionDatabase: Requesting refresh due to module change: MeshBuilder (loaded)
[2019.06.20-22.56.57:676][805]LogStaticMesh: Built static mesh [0.17s] /Game/FPS_Weapon_Bundle/Weapons/Meshes/AR4/SM_AR4.SM_AR4
[2019.06.20-22.56.59:954][  5]LogSlate: FSceneViewport::OnFocusLost() reason 2
[2019.06.20-22.57.17:318][991]LogSlate: FSceneViewport::OnFocusLost() reason 0
[2019.06.20-22.57.41:565][865]LogSlate: FSceneViewport::OnFocusLost() reason 0
[2019.06.20-22.57.45:252][298]LogSlate: FSceneViewport::OnFocusLost() reason 0
[2019.06.20-22.57.58:888][913]LogSlate: FSceneViewport::OnFocusLost() reason 0
[2019.06.20-22.57.59:105][925]LogSavePackage: Moving '../../../../../../Users/Ether/Documents/GitHub/Game-Project/Saved/SM_AR490561D3C4DEC149BEFE7F08E057A5CDB.tmp' to '../../../../../../Users/Ether/Documents/GitHub/Game-Project/Content/FPS_Weapon_Bundle/Weapons/Meshes/AR4/SM_AR4.uasset'
[2019.06.20-22.58.32:121][323]BlueprintLog: New page: Compile SideScrollerCharacter
[2019.06.20-22.58.32:853][323]LogUObjectHash: Compacting FUObjectHashTables data took  12.40ms
[2019.06.20-22.58.34:233][464]LogTemp: Repeating last play command: Simulate
[2019.06.20-22.58.34:275][464]LogBlueprintUserMessages: Early PlayInEditor Detection: Level '/Game/SideScrollerBP/Maps/SideScrollerExampleMap.SideScrollerExampleMap:PersistentLevel' has LevelScriptBlueprint '/Game/SideScrollerBP/Maps/SideScrollerExampleMap.SideScrollerExampleMap:PersistentLevel.SideScrollerExampleMap' with GeneratedClass '/Game/SideScrollerBP/Maps/SideScrollerExampleMap.SideScrollerExampleMap_C' with ClassGeneratedBy '/Game/SideScrollerBP/Maps/SideScrollerExampleMap.SideScrollerExampleMap:PersistentLevel.SideScrollerExampleMap'
[2019.06.20-22.58.34:275][464]LogPlayLevel: PlayLevel: No blueprints needed recompiling
[2019.06.20-22.58.34:275][464]PIE: New page: SIE session: SideScrollerExampleMap (Jun 20, 2019, 2:58:34 PM)
[2019.06.20-22.58.34:275][464]LogPlayLevel: Creating play world package: /Game/SideScrollerBP/Maps/UEDPIE_0_SideScrollerExampleMap
[2019.06.20-22.58.34:307][464]LogPlayLevel: PIE: StaticDuplicateObject took: (0.031418s)
[2019.06.20-22.58.34:308][464]LogAIModule: Creating AISystem for world SideScrollerExampleMap
[2019.06.20-22.58.34:308][464]LogPlayLevel: PIE: World Init took: (0.001060s)
[2019.06.20-22.58.34:308][464]LogPlayLevel: PIE: Created PIE world by copying editor world from /Game/SideScrollerBP/Maps/SideScrollerExampleMap.SideScrollerExampleMap to /Game/SideScrollerBP/Maps/UEDPIE_0_SideScrollerExampleMap.SideScrollerExampleMap (0.032701s)
[2019.06.20-22.58.34:474][464]LogUObjectHash: Compacting FUObjectHashTables data took   9.80ms
[2019.06.20-22.58.34:509][464]LogInit: XAudio2 using 'Headset Earphone (2- Corsair VOID PRO Wireless Gaming Headset)' : 6 channels at 48 kHz using 16 bits per sample (channel mask 0x3f)
[2019.06.20-22.58.34:719][464]LogInit: FAudioDevice initialized.
[2019.06.20-22.58.34:737][464]LogHardwareCursor: Error: Failed to load cursor '../../../../../../Users/Ether/Documents/GitHub/Game-Project/Content/None'.  If you included a file extension or the size information '_WidthxHeight' remove them.
[2019.06.20-22.58.34:777][464]LogLoad: Game class is 'SideScrollerGameMode_C'
[2019.06.20-22.58.34:781][464]LogWorld: Bringing World /Game/SideScrollerBP/Maps/UEDPIE_0_SideScrollerExampleMap.SideScrollerExampleMap up for play (max tick rate 0) at 2019.06.20-18.58.34
[2019.06.20-22.58.34:782][464]LogWorld: Bringing up level for play took: 0.003970
[2019.06.20-22.58.34:796][464]PIE: Play in editor start time for /Game/SideScrollerBP/Maps/UEDPIE_0_SideScrollerExampleMap 0.598
[2019.06.20-22.58.34:799][464]LogBlueprintUserMessages: Late PlayInEditor Detection: Level '/Game/SideScrollerBP/Maps/SideScrollerExampleMap.SideScrollerExampleMap:PersistentLevel' has LevelScriptBlueprint '/Game/SideScrollerBP/Maps/SideScrollerExampleMap.SideScrollerExampleMap:PersistentLevel.SideScrollerExampleMap' with GeneratedClass '/Game/SideScrollerBP/Maps/SideScrollerExampleMap.SideScrollerExampleMap_C' with ClassGeneratedBy '/Game/SideScrollerBP/Maps/SideScrollerExampleMap.SideScrollerExampleMap:PersistentLevel.SideScrollerExampleMap'
[2019.06.20-22.58.34:905][466]LogBlueprintUserMessages: [NPC_AI_SS_C_0] Guard1 sees Guard1AISense_Hearing
[2019.06.20-22.58.39:179][900]LogBlueprintUserMessages: [NPC_AI_SS_C_0] Guard1 sees SideScrollerCharacter_C_0AISense_Sight
[2019.06.20-22.58.39:469][934]LogCharacterMovement: Guard1 is stuck and failed to move! Velocity: X=0.00 Y=51.20 Z=0.00 Location: X=1210.00 Y=-347.34 Z=205.98 Normal: X=-0.29 Y=-0.96 Z=0.00 PenetrationDepth:0.000 Actor:SideScrollerCharacter_C_0 Component:StaticMesh1 BoneName:None (0 other events since notify)
[2019.06.20-22.58.40:789][ 92]LogBlueprintUserMessages: [NPC_AI_SS_C_0] Guard1 sees SideScrollerCharacter_C_0AISense_Sight
[2019.06.20-22.58.40:797][ 93]LogBlueprintUserMessages: [Power_Pellet_10] 110
[2019.06.20-22.58.41:132][133]LogBlueprintUserMessages: [NPC_AI_SS_C_0] Guard1 sees SideScrollerCharacter_C_0AISense_Hearing
[2019.06.20-22.58.44:292][503]LogSlate: FSceneViewport::OnFocusLost() reason 0
[2019.06.20-22.58.45:290][608]LogBlueprintUserMessages: Early EndPlayMap Detection: Level '/Game/SideScrollerBP/Maps/SideScrollerExampleMap.SideScrollerExampleMap:PersistentLevel' has LevelScriptBlueprint '/Game/SideScrollerBP/Maps/SideScrollerExampleMap.SideScrollerExampleMap:PersistentLevel.SideScrollerExampleMap' with GeneratedClass '/Game/SideScrollerBP/Maps/SideScrollerExampleMap.SideScrollerExampleMap_C' with ClassGeneratedBy '/Game/SideScrollerBP/Maps/SideScrollerExampleMap.SideScrollerExampleMap:PersistentLevel.SideScrollerExampleMap'
[2019.06.20-22.58.45:290][608]LogSlate: Updating window title bar state: overlay mode, drag disabled, window buttons hidden, title bar hidden
[2019.06.20-22.58.45:328][608]LogPlayLevel: Display: Shutting down PIE online subsystems
[2019.06.20-22.58.45:329][608]LogBlueprintUserMessages: Late EndPlayMap Detection: Level '/Game/SideScrollerBP/Maps/SideScrollerExampleMap.SideScrollerExampleMap:PersistentLevel' has LevelScriptBlueprint '/Game/SideScrollerBP/Maps/SideScrollerExampleMap.SideScrollerExampleMap:PersistentLevel.SideScrollerExampleMap' with GeneratedClass '/Game/SideScrollerBP/Maps/SideScrollerExampleMap.SideScrollerExampleMap_C' with ClassGeneratedBy '/Game/SideScrollerBP/Maps/SideScrollerExampleMap.SideScrollerExampleMap:PersistentLevel.SideScrollerExampleMap'
[2019.06.20-22.58.45:399][608]LogSlate: Updating window title bar state: overlay mode, drag disabled, window buttons hidden, title bar hidden
[2019.06.20-22.58.45:410][608]LogUObjectHash: Compacting FUObjectHashTables data took   6.21ms
[2019.06.20-22.58.45:436][609]LogPlayLevel: Display: Destroying online subsystem :Context_10
[2019.06.20-22.59.11:129][791]LogUObjectHash: Compacting FUObjectHashTables data took   1.49ms
[2019.06.20-22.59.11:520][791]LogSavePackage: Moving '../../../../../../Users/Ether/Documents/GitHub/Game-Project/Saved/SideScrollerExampleMap_Auto22C9EE0134DE7B494A430EB90745ED57F.tmp' to '../../../../../../Users/Ether/Documents/GitHub/Game-Project/Saved/Autosaves/Game/SideScrollerBP/Maps/SideScrollerExampleMap_Auto2.umap'
[2019.06.20-22.59.11:528][791]LogFileHelpers: Editor autosave (incl. sublevels) for '/Game/SideScrollerBP/Maps/SideScrollerExampleMap' took 0.449
[2019.06.20-22.59.11:528][791]LogFileHelpers: Editor autosave (incl. sublevels) for all levels took 0.449
[2019.06.20-22.59.11:531][791]OBJ SavePackage: Generating thumbnails for [1] asset(s) in package [/Game/SideScrollerBP/Blueprints/SideScrollerCharacter] ([1] browsable assets)...
[2019.06.20-22.59.11:555][791]OBJ SavePackage:     Rendered thumbnail for [Blueprint /Game/SideScrollerBP/Blueprints/SideScrollerCharacter.SideScrollerCharacter]
[2019.06.20-22.59.11:555][791]OBJ SavePackage: Finished generating thumbnails for package [/Game/SideScrollerBP/Blueprints/SideScrollerCharacter]
[2019.06.20-22.59.11:660][791]LogSavePackage: Moving '../../../../../../Users/Ether/Documents/GitHub/Game-Project/Saved/SideScrollerCharacter_Auto211ABCD6A48FD4CCF5F0664B0DD9FE9E3.tmp' to '../../../../../../Users/Ether/Documents/GitHub/Game-Project/Saved/Autosaves/Game/SideScrollerBP/Blueprints/SideScrollerCharacter_Auto2.uasset'
[2019.06.20-22.59.11:664][791]LogFileHelpers: Auto-saving content packages took 0.134
